2025-02-18 10:42:36.432 [INFO ] [main] [c.e.l.LabelMarkApplication    ] Starting LabelMarkApplication using Java 18.0.2.1 on LAPTOP-00658OB5 with PID 3164 (F:\PG-project\labelMark\target\classes started by wanghua in F:\PG-project\labelMark)
2025-02-18 10:42:36.439 [INFO ] [main] [c.e.l.LabelMarkApplication    ] The following 1 profile is active: "dev"
2025-02-18 10:42:39.315 [INFO ] [main] [c.e.l.LabelMarkApplication    ] Started LabelMarkApplication in 3.145 seconds (JVM running for 3.603)
2025-02-18 10:42:47.346 [DEBUG] [http-nio-1290-exec-1] [c.e.l.m.S.selectList          ] ==>  Preparing: SELECT user_id,username,user_password,is_admin,finished_num,unfinished_num FROM sys_user WHERE (username = ?)
2025-02-18 10:42:47.368 [DEBUG] [http-nio-1290-exec-1] [c.e.l.m.S.selectList          ] ==> Parameters: admin(String)
2025-02-18 10:42:47.384 [TRACE] [http-nio-1290-exec-1] [c.e.l.m.S.selectList          ] <==    Columns: user_id, username, user_password, is_admin, finished_num, unfinished_num
2025-02-18 10:42:47.384 [TRACE] [http-nio-1290-exec-1] [c.e.l.m.S.selectList          ] <==        Row: 5, admin, $2a$10$2O5w.UpL8lb0X9o9lQLcDuxivpS5ShcbKzsldLrhm4MpzsBv.2W4W, 1, null, null
2025-02-18 10:42:47.385 [DEBUG] [http-nio-1290-exec-1] [c.e.l.m.S.selectList          ] <==      Total: 1
2025-02-18 10:42:47.461 [DEBUG] [http-nio-1290-exec-1] [c.e.l.m.S.selectList          ] ==>  Preparing: SELECT user_id,username,user_password,is_admin,finished_num,unfinished_num FROM sys_user WHERE (username = ?)
2025-02-18 10:42:47.461 [DEBUG] [http-nio-1290-exec-1] [c.e.l.m.S.selectList          ] ==> Parameters: admin(String)
2025-02-18 10:42:47.461 [TRACE] [http-nio-1290-exec-1] [c.e.l.m.S.selectList          ] <==    Columns: user_id, username, user_password, is_admin, finished_num, unfinished_num
2025-02-18 10:42:47.461 [TRACE] [http-nio-1290-exec-1] [c.e.l.m.S.selectList          ] <==        Row: 5, admin, $2a$10$2O5w.UpL8lb0X9o9lQLcDuxivpS5ShcbKzsldLrhm4MpzsBv.2W4W, 1, null, null
2025-02-18 10:42:47.462 [DEBUG] [http-nio-1290-exec-1] [c.e.l.m.S.selectList          ] <==      Total: 1
2025-02-18 10:42:48.097 [DEBUG] [http-nio-1290-exec-2] [c.e.l.m.S.selectList          ] ==>  Preparing: SELECT user_id,username,user_password,is_admin,finished_num,unfinished_num FROM sys_user WHERE (username = ?)
2025-02-18 10:42:48.098 [DEBUG] [http-nio-1290-exec-2] [c.e.l.m.S.selectList          ] ==> Parameters: admin(String)
2025-02-18 10:42:48.098 [TRACE] [http-nio-1290-exec-2] [c.e.l.m.S.selectList          ] <==    Columns: user_id, username, user_password, is_admin, finished_num, unfinished_num
2025-02-18 10:42:48.099 [TRACE] [http-nio-1290-exec-2] [c.e.l.m.S.selectList          ] <==        Row: 5, admin, $2a$10$2O5w.UpL8lb0X9o9lQLcDuxivpS5ShcbKzsldLrhm4MpzsBv.2W4W, 1, null, null
2025-02-18 10:42:48.099 [DEBUG] [http-nio-1290-exec-2] [c.e.l.m.S.selectList          ] <==      Total: 1
2025-02-18 10:42:48.631 [DEBUG] [http-nio-1290-exec-7] [c.e.l.m.TaskMapper.selectCount] ==>  Preparing: SELECT COUNT( * ) FROM task
2025-02-18 10:42:48.631 [DEBUG] [http-nio-1290-exec-7] [c.e.l.m.TaskMapper.selectCount] ==> Parameters: 
2025-02-18 10:42:48.633 [TRACE] [http-nio-1290-exec-7] [c.e.l.m.TaskMapper.selectCount] <==    Columns: count
2025-02-18 10:42:48.633 [TRACE] [http-nio-1290-exec-7] [c.e.l.m.TaskMapper.selectCount] <==        Row: 3
2025-02-18 10:42:48.634 [DEBUG] [http-nio-1290-exec-7] [c.e.l.m.TaskMapper.selectCount] <==      Total: 1
2025-02-18 10:42:48.635 [DEBUG] [http-nio-1290-exec-7] [c.e.l.m.T.getAllTaskInfo      ] ==>  Preparing: select task_accepted.id,task_accepted.type_arr,sys_user.username as username, sys_user.user_id as userid,task.* from task join task_accepted on task.task_id=task_accepted.task_id join sys_user on task_accepted.username=sys_user.username order by status,task_id DESC
2025-02-18 10:42:48.636 [DEBUG] [http-nio-1290-exec-7] [c.e.l.m.T.getAllTaskInfo      ] ==> Parameters: 
2025-02-18 10:42:48.637 [TRACE] [http-nio-1290-exec-7] [c.e.l.m.T.getAllTaskInfo      ] <==    Columns: id, type_arr, username, userid, task_id, date_range, task_name, task_type, map_server, status, mark_id, audit_feedback
2025-02-18 10:42:48.638 [TRACE] [http-nio-1290-exec-7] [c.e.l.m.T.getAllTaskInfo      ] <==        Row: 271, 3, wh1, 2, 96, 2025-02-14 2025-03-15, test2, 地物分类, airport, 0, 47,49,50,51,52,53,48, null
2025-02-18 10:42:48.639 [TRACE] [http-nio-1290-exec-7] [c.e.l.m.T.getAllTaskInfo      ] <==        Row: 272, 1,3, wh, 1, 96, 2025-02-14 2025-03-15, test2, 地物分类, airport, 0, 47,49,50,51,52,53,48, null
2025-02-18 10:42:48.639 [TRACE] [http-nio-1290-exec-7] [c.e.l.m.T.getAllTaskInfo      ] <==        Row: 267, 3,1, wh, 1, 95, 2024-06-05 2024-06-06, test1, 目标检测, airport, 1, 40,41,43,44, null
2025-02-18 10:42:48.639 [TRACE] [http-nio-1290-exec-7] [c.e.l.m.T.getAllTaskInfo      ] <==        Row: 269, 1, wh1, 2, 95, 2024-06-05 2024-06-06, test1, 目标检测, airport, 1, 40,41,43,44, null
2025-02-18 10:42:48.639 [TRACE] [http-nio-1290-exec-7] [c.e.l.m.T.getAllTaskInfo      ] <==        Row: 273, 1, wh1, 2, 97, 2025-02-18 2025-03-19, test3, 目标检测, airport, 3, null, null
2025-02-18 10:42:48.640 [TRACE] [http-nio-1290-exec-7] [c.e.l.m.T.getAllTaskInfo      ] <==        Row: 274, 3, wh3, 4, 97, 2025-02-18 2025-03-19, test3, 目标检测, airport, 3, null, null
2025-02-18 10:42:48.640 [DEBUG] [http-nio-1290-exec-7] [c.e.l.m.T.getAllTaskInfo      ] <==      Total: 6
2025-02-18 10:42:48.645 [DEBUG] [http-nio-1290-exec-7] [c.e.l.m.T.getTypeNameById     ] ==>  Preparing: SELECT type_name FROM type WHERE type_id = ?
2025-02-18 10:42:48.647 [DEBUG] [http-nio-1290-exec-7] [c.e.l.m.T.getTypeNameById     ] ==> Parameters: 3(Integer)
2025-02-18 10:42:48.649 [TRACE] [http-nio-1290-exec-7] [c.e.l.m.T.getTypeNameById     ] <==    Columns: type_name
2025-02-18 10:42:48.649 [TRACE] [http-nio-1290-exec-7] [c.e.l.m.T.getTypeNameById     ] <==        Row: 飞机
2025-02-18 10:42:48.650 [DEBUG] [http-nio-1290-exec-7] [c.e.l.m.T.getTypeNameById     ] <==      Total: 1
2025-02-18 10:42:48.650 [DEBUG] [http-nio-1290-exec-7] [c.e.l.m.TypeMapper.getTypes   ] ==>  Preparing: SELECT * FROM type WHERE type_id = ? AND type_name like concat('%',?,'%') ORDER BY type_id ASC LIMIT ? OFFSET ?
2025-02-18 10:42:48.651 [DEBUG] [http-nio-1290-exec-7] [c.e.l.m.TypeMapper.getTypes   ] ==> Parameters: 3(Integer), 飞机(String), 5(Integer), 0(Integer)
2025-02-18 10:42:48.651 [TRACE] [http-nio-1290-exec-7] [c.e.l.m.TypeMapper.getTypes   ] <==    Columns: type_id, type_name, type_color
2025-02-18 10:42:48.652 [TRACE] [http-nio-1290-exec-7] [c.e.l.m.TypeMapper.getTypes   ] <==        Row: 3, 飞机, #2b239f
2025-02-18 10:42:48.652 [DEBUG] [http-nio-1290-exec-7] [c.e.l.m.TypeMapper.getTypes   ] <==      Total: 1
2025-02-18 10:42:48.652 [DEBUG] [http-nio-1290-exec-7] [c.e.l.m.T.getTypeNameById     ] ==>  Preparing: SELECT type_name FROM type WHERE type_id = ?
2025-02-18 10:42:48.652 [DEBUG] [http-nio-1290-exec-7] [c.e.l.m.T.getTypeNameById     ] ==> Parameters: 1(Integer)
2025-02-18 10:42:48.653 [TRACE] [http-nio-1290-exec-7] [c.e.l.m.T.getTypeNameById     ] <==    Columns: type_name
2025-02-18 10:42:48.653 [TRACE] [http-nio-1290-exec-7] [c.e.l.m.T.getTypeNameById     ] <==        Row: 建筑
2025-02-18 10:42:48.654 [DEBUG] [http-nio-1290-exec-7] [c.e.l.m.T.getTypeNameById     ] <==      Total: 1
2025-02-18 10:42:48.655 [DEBUG] [http-nio-1290-exec-7] [c.e.l.m.TypeMapper.getTypes   ] ==>  Preparing: SELECT * FROM type WHERE type_id = ? AND type_name like concat('%',?,'%') ORDER BY type_id ASC LIMIT ? OFFSET ?
2025-02-18 10:42:48.655 [DEBUG] [http-nio-1290-exec-7] [c.e.l.m.TypeMapper.getTypes   ] ==> Parameters: 1(Integer), 建筑(String), 5(Integer), 0(Integer)
2025-02-18 10:42:48.656 [TRACE] [http-nio-1290-exec-7] [c.e.l.m.TypeMapper.getTypes   ] <==    Columns: type_id, type_name, type_color
2025-02-18 10:42:48.657 [TRACE] [http-nio-1290-exec-7] [c.e.l.m.TypeMapper.getTypes   ] <==        Row: 1, 建筑, #b90e0e
2025-02-18 10:42:48.657 [DEBUG] [http-nio-1290-exec-7] [c.e.l.m.TypeMapper.getTypes   ] <==      Total: 1
2025-02-18 10:42:48.658 [DEBUG] [http-nio-1290-exec-7] [c.e.l.m.T.getTypeNameById     ] ==>  Preparing: SELECT type_name FROM type WHERE type_id = ?
2025-02-18 10:42:48.658 [DEBUG] [http-nio-1290-exec-7] [c.e.l.m.T.getTypeNameById     ] ==> Parameters: 3(Integer)
2025-02-18 10:42:48.659 [TRACE] [http-nio-1290-exec-7] [c.e.l.m.T.getTypeNameById     ] <==    Columns: type_name
2025-02-18 10:42:48.659 [TRACE] [http-nio-1290-exec-7] [c.e.l.m.T.getTypeNameById     ] <==        Row: 飞机
2025-02-18 10:42:48.659 [DEBUG] [http-nio-1290-exec-7] [c.e.l.m.T.getTypeNameById     ] <==      Total: 1
2025-02-18 10:42:48.660 [DEBUG] [http-nio-1290-exec-7] [c.e.l.m.TypeMapper.getTypes   ] ==>  Preparing: SELECT * FROM type WHERE type_id = ? AND type_name like concat('%',?,'%') ORDER BY type_id ASC LIMIT ? OFFSET ?
2025-02-18 10:42:48.660 [DEBUG] [http-nio-1290-exec-7] [c.e.l.m.TypeMapper.getTypes   ] ==> Parameters: 3(Integer), 飞机(String), 5(Integer), 0(Integer)
2025-02-18 10:42:48.661 [TRACE] [http-nio-1290-exec-7] [c.e.l.m.TypeMapper.getTypes   ] <==    Columns: type_id, type_name, type_color
2025-02-18 10:42:48.661 [TRACE] [http-nio-1290-exec-7] [c.e.l.m.TypeMapper.getTypes   ] <==        Row: 3, 飞机, #2b239f
2025-02-18 10:42:48.662 [DEBUG] [http-nio-1290-exec-7] [c.e.l.m.TypeMapper.getTypes   ] <==      Total: 1
2025-02-18 10:42:48.662 [DEBUG] [http-nio-1290-exec-7] [c.e.l.m.T.getTypeNameById     ] ==>  Preparing: SELECT type_name FROM type WHERE type_id = ?
2025-02-18 10:42:48.662 [DEBUG] [http-nio-1290-exec-7] [c.e.l.m.T.getTypeNameById     ] ==> Parameters: 3(Integer)
2025-02-18 10:42:48.663 [TRACE] [http-nio-1290-exec-7] [c.e.l.m.T.getTypeNameById     ] <==    Columns: type_name
2025-02-18 10:42:48.663 [TRACE] [http-nio-1290-exec-7] [c.e.l.m.T.getTypeNameById     ] <==        Row: 飞机
2025-02-18 10:42:48.663 [DEBUG] [http-nio-1290-exec-7] [c.e.l.m.T.getTypeNameById     ] <==      Total: 1
2025-02-18 10:42:48.664 [DEBUG] [http-nio-1290-exec-7] [c.e.l.m.TypeMapper.getTypes   ] ==>  Preparing: SELECT * FROM type WHERE type_id = ? AND type_name like concat('%',?,'%') ORDER BY type_id ASC LIMIT ? OFFSET ?
2025-02-18 10:42:48.664 [DEBUG] [http-nio-1290-exec-7] [c.e.l.m.TypeMapper.getTypes   ] ==> Parameters: 3(Integer), 飞机(String), 5(Integer), 0(Integer)
2025-02-18 10:42:48.664 [TRACE] [http-nio-1290-exec-7] [c.e.l.m.TypeMapper.getTypes   ] <==    Columns: type_id, type_name, type_color
2025-02-18 10:42:48.664 [TRACE] [http-nio-1290-exec-7] [c.e.l.m.TypeMapper.getTypes   ] <==        Row: 3, 飞机, #2b239f
2025-02-18 10:42:48.665 [DEBUG] [http-nio-1290-exec-7] [c.e.l.m.TypeMapper.getTypes   ] <==      Total: 1
2025-02-18 10:42:48.665 [DEBUG] [http-nio-1290-exec-7] [c.e.l.m.T.getTypeNameById     ] ==>  Preparing: SELECT type_name FROM type WHERE type_id = ?
2025-02-18 10:42:48.665 [DEBUG] [http-nio-1290-exec-7] [c.e.l.m.T.getTypeNameById     ] ==> Parameters: 1(Integer)
2025-02-18 10:42:48.666 [TRACE] [http-nio-1290-exec-7] [c.e.l.m.T.getTypeNameById     ] <==    Columns: type_name
2025-02-18 10:42:48.666 [TRACE] [http-nio-1290-exec-7] [c.e.l.m.T.getTypeNameById     ] <==        Row: 建筑
2025-02-18 10:42:48.666 [DEBUG] [http-nio-1290-exec-7] [c.e.l.m.T.getTypeNameById     ] <==      Total: 1
2025-02-18 10:42:48.666 [DEBUG] [http-nio-1290-exec-7] [c.e.l.m.TypeMapper.getTypes   ] ==>  Preparing: SELECT * FROM type WHERE type_id = ? AND type_name like concat('%',?,'%') ORDER BY type_id ASC LIMIT ? OFFSET ?
2025-02-18 10:42:48.666 [DEBUG] [http-nio-1290-exec-7] [c.e.l.m.TypeMapper.getTypes   ] ==> Parameters: 1(Integer), 建筑(String), 5(Integer), 0(Integer)
2025-02-18 10:42:48.667 [TRACE] [http-nio-1290-exec-7] [c.e.l.m.TypeMapper.getTypes   ] <==    Columns: type_id, type_name, type_color
2025-02-18 10:42:48.667 [TRACE] [http-nio-1290-exec-7] [c.e.l.m.TypeMapper.getTypes   ] <==        Row: 1, 建筑, #b90e0e
2025-02-18 10:42:48.667 [DEBUG] [http-nio-1290-exec-7] [c.e.l.m.TypeMapper.getTypes   ] <==      Total: 1
2025-02-18 10:42:48.668 [DEBUG] [http-nio-1290-exec-7] [c.e.l.m.T.getTypeNameById     ] ==>  Preparing: SELECT type_name FROM type WHERE type_id = ?
2025-02-18 10:42:48.668 [DEBUG] [http-nio-1290-exec-7] [c.e.l.m.T.getTypeNameById     ] ==> Parameters: 1(Integer)
2025-02-18 10:42:48.668 [TRACE] [http-nio-1290-exec-7] [c.e.l.m.T.getTypeNameById     ] <==    Columns: type_name
2025-02-18 10:42:48.668 [TRACE] [http-nio-1290-exec-7] [c.e.l.m.T.getTypeNameById     ] <==        Row: 建筑
2025-02-18 10:42:48.669 [DEBUG] [http-nio-1290-exec-7] [c.e.l.m.T.getTypeNameById     ] <==      Total: 1
2025-02-18 10:42:48.669 [DEBUG] [http-nio-1290-exec-7] [c.e.l.m.TypeMapper.getTypes   ] ==>  Preparing: SELECT * FROM type WHERE type_id = ? AND type_name like concat('%',?,'%') ORDER BY type_id ASC LIMIT ? OFFSET ?
2025-02-18 10:42:48.669 [DEBUG] [http-nio-1290-exec-7] [c.e.l.m.TypeMapper.getTypes   ] ==> Parameters: 1(Integer), 建筑(String), 5(Integer), 0(Integer)
2025-02-18 10:42:48.669 [TRACE] [http-nio-1290-exec-7] [c.e.l.m.TypeMapper.getTypes   ] <==    Columns: type_id, type_name, type_color
2025-02-18 10:42:48.670 [TRACE] [http-nio-1290-exec-7] [c.e.l.m.TypeMapper.getTypes   ] <==        Row: 1, 建筑, #b90e0e
2025-02-18 10:42:48.670 [DEBUG] [http-nio-1290-exec-7] [c.e.l.m.TypeMapper.getTypes   ] <==      Total: 1
2025-02-18 10:42:48.670 [DEBUG] [http-nio-1290-exec-7] [c.e.l.m.T.getTypeNameById     ] ==>  Preparing: SELECT type_name FROM type WHERE type_id = ?
2025-02-18 10:42:48.670 [DEBUG] [http-nio-1290-exec-7] [c.e.l.m.T.getTypeNameById     ] ==> Parameters: 1(Integer)
2025-02-18 10:42:48.670 [TRACE] [http-nio-1290-exec-7] [c.e.l.m.T.getTypeNameById     ] <==    Columns: type_name
2025-02-18 10:42:48.670 [TRACE] [http-nio-1290-exec-7] [c.e.l.m.T.getTypeNameById     ] <==        Row: 建筑
2025-02-18 10:42:48.670 [DEBUG] [http-nio-1290-exec-7] [c.e.l.m.T.getTypeNameById     ] <==      Total: 1
2025-02-18 10:42:48.671 [DEBUG] [http-nio-1290-exec-7] [c.e.l.m.TypeMapper.getTypes   ] ==>  Preparing: SELECT * FROM type WHERE type_id = ? AND type_name like concat('%',?,'%') ORDER BY type_id ASC LIMIT ? OFFSET ?
2025-02-18 10:42:48.671 [DEBUG] [http-nio-1290-exec-7] [c.e.l.m.TypeMapper.getTypes   ] ==> Parameters: 1(Integer), 建筑(String), 5(Integer), 0(Integer)
2025-02-18 10:42:48.671 [TRACE] [http-nio-1290-exec-7] [c.e.l.m.TypeMapper.getTypes   ] <==    Columns: type_id, type_name, type_color
2025-02-18 10:42:48.671 [TRACE] [http-nio-1290-exec-7] [c.e.l.m.TypeMapper.getTypes   ] <==        Row: 1, 建筑, #b90e0e
2025-02-18 10:42:48.671 [DEBUG] [http-nio-1290-exec-7] [c.e.l.m.TypeMapper.getTypes   ] <==      Total: 1
2025-02-18 10:42:48.672 [DEBUG] [http-nio-1290-exec-7] [c.e.l.m.T.getTypeNameById     ] ==>  Preparing: SELECT type_name FROM type WHERE type_id = ?
2025-02-18 10:42:48.672 [DEBUG] [http-nio-1290-exec-7] [c.e.l.m.T.getTypeNameById     ] ==> Parameters: 3(Integer)
2025-02-18 10:42:48.672 [TRACE] [http-nio-1290-exec-7] [c.e.l.m.T.getTypeNameById     ] <==    Columns: type_name
2025-02-18 10:42:48.672 [TRACE] [http-nio-1290-exec-7] [c.e.l.m.T.getTypeNameById     ] <==        Row: 飞机
2025-02-18 10:42:48.672 [DEBUG] [http-nio-1290-exec-7] [c.e.l.m.T.getTypeNameById     ] <==      Total: 1
2025-02-18 10:42:48.672 [DEBUG] [http-nio-1290-exec-7] [c.e.l.m.TypeMapper.getTypes   ] ==>  Preparing: SELECT * FROM type WHERE type_id = ? AND type_name like concat('%',?,'%') ORDER BY type_id ASC LIMIT ? OFFSET ?
2025-02-18 10:42:48.672 [DEBUG] [http-nio-1290-exec-7] [c.e.l.m.TypeMapper.getTypes   ] ==> Parameters: 3(Integer), 飞机(String), 5(Integer), 0(Integer)
2025-02-18 10:42:48.673 [TRACE] [http-nio-1290-exec-7] [c.e.l.m.TypeMapper.getTypes   ] <==    Columns: type_id, type_name, type_color
2025-02-18 10:42:48.673 [TRACE] [http-nio-1290-exec-7] [c.e.l.m.TypeMapper.getTypes   ] <==        Row: 3, 飞机, #2b239f
2025-02-18 10:42:48.673 [DEBUG] [http-nio-1290-exec-7] [c.e.l.m.TypeMapper.getTypes   ] <==      Total: 1
2025-02-18 10:42:48.688 [DEBUG] [http-nio-1290-exec-7] [c.e.l.m.MarkMapper.selectList ] ==>  Preparing: SELECT id,task_id,user_id,type_id,geom,status FROM mark WHERE (task_id = ?)
2025-02-18 10:42:48.688 [DEBUG] [http-nio-1290-exec-7] [c.e.l.m.MarkMapper.selectList ] ==> Parameters: null
2025-02-18 10:42:48.689 [DEBUG] [http-nio-1290-exec-7] [c.e.l.m.MarkMapper.selectList ] <==      Total: 0
2025-02-18 10:43:03.328 [DEBUG] [http-nio-1290-exec-4] [c.e.l.m.TaskMapper.selectCount] ==>  Preparing: SELECT COUNT( * ) FROM task
2025-02-18 10:43:03.329 [DEBUG] [http-nio-1290-exec-4] [c.e.l.m.TaskMapper.selectCount] ==> Parameters: 
2025-02-18 10:43:03.329 [TRACE] [http-nio-1290-exec-4] [c.e.l.m.TaskMapper.selectCount] <==    Columns: count
2025-02-18 10:43:03.329 [TRACE] [http-nio-1290-exec-4] [c.e.l.m.TaskMapper.selectCount] <==        Row: 3
2025-02-18 10:43:03.329 [DEBUG] [http-nio-1290-exec-4] [c.e.l.m.TaskMapper.selectCount] <==      Total: 1
2025-02-18 10:43:03.330 [DEBUG] [http-nio-1290-exec-4] [c.e.l.m.TaskMapper.getTaskInfo] ==>  Preparing: SELECT task_accepted.id, task_accepted.type_arr, sys_user.username AS username, sys_user.user_id AS userid, task.task_id, task.task_name, task.task_type, task.map_server, task.date_range, task.status, task.audit_feedback FROM task JOIN task_accepted ON task.task_id = task_accepted.task_id JOIN sys_user ON task_accepted.username = sys_user.username ORDER BY task.status, task.task_id DESC
2025-02-18 10:43:03.330 [DEBUG] [http-nio-1290-exec-4] [c.e.l.m.TaskMapper.getTaskInfo] ==> Parameters: 
2025-02-18 10:43:03.331 [TRACE] [http-nio-1290-exec-4] [c.e.l.m.TaskMapper.getTaskInfo] <==    Columns: id, type_arr, username, userid, task_id, task_name, task_type, map_server, date_range, status, audit_feedback
2025-02-18 10:43:03.331 [TRACE] [http-nio-1290-exec-4] [c.e.l.m.TaskMapper.getTaskInfo] <==        Row: 271, 3, wh1, 2, 96, test2, 地物分类, airport, 2025-02-14 2025-03-15, 0, null
2025-02-18 10:43:03.331 [TRACE] [http-nio-1290-exec-4] [c.e.l.m.TaskMapper.getTaskInfo] <==        Row: 272, 1,3, wh, 1, 96, test2, 地物分类, airport, 2025-02-14 2025-03-15, 0, null
2025-02-18 10:43:03.332 [TRACE] [http-nio-1290-exec-4] [c.e.l.m.TaskMapper.getTaskInfo] <==        Row: 267, 3,1, wh, 1, 95, test1, 目标检测, airport, 2024-06-05 2024-06-06, 1, null
2025-02-18 10:43:03.332 [TRACE] [http-nio-1290-exec-4] [c.e.l.m.TaskMapper.getTaskInfo] <==        Row: 269, 1, wh1, 2, 95, test1, 目标检测, airport, 2024-06-05 2024-06-06, 1, null
2025-02-18 10:43:03.332 [TRACE] [http-nio-1290-exec-4] [c.e.l.m.TaskMapper.getTaskInfo] <==        Row: 273, 1, wh1, 2, 97, test3, 目标检测, airport, 2025-02-18 2025-03-19, 3, null
2025-02-18 10:43:03.332 [TRACE] [http-nio-1290-exec-4] [c.e.l.m.TaskMapper.getTaskInfo] <==        Row: 274, 3, wh3, 4, 97, test3, 目标检测, airport, 2025-02-18 2025-03-19, 3, null
2025-02-18 10:43:03.332 [DEBUG] [http-nio-1290-exec-4] [c.e.l.m.TaskMapper.getTaskInfo] <==      Total: 6
2025-02-18 10:43:03.332 [DEBUG] [http-nio-1290-exec-4] [c.e.l.m.T.getTypeNameById     ] ==>  Preparing: SELECT type_name FROM type WHERE type_id = ?
2025-02-18 10:43:03.334 [DEBUG] [http-nio-1290-exec-4] [c.e.l.m.T.getTypeNameById     ] ==> Parameters: 3(Integer)
2025-02-18 10:43:03.334 [TRACE] [http-nio-1290-exec-4] [c.e.l.m.T.getTypeNameById     ] <==    Columns: type_name
2025-02-18 10:43:03.334 [TRACE] [http-nio-1290-exec-4] [c.e.l.m.T.getTypeNameById     ] <==        Row: 飞机
2025-02-18 10:43:03.334 [DEBUG] [http-nio-1290-exec-4] [c.e.l.m.T.getTypeNameById     ] <==      Total: 1
2025-02-18 10:43:03.335 [DEBUG] [http-nio-1290-exec-4] [c.e.l.m.TypeMapper.getTypes   ] ==>  Preparing: SELECT * FROM type WHERE type_id = ? AND type_name like concat('%',?,'%') ORDER BY type_id ASC LIMIT ? OFFSET ?
2025-02-18 10:43:03.335 [DEBUG] [http-nio-1290-exec-4] [c.e.l.m.TypeMapper.getTypes   ] ==> Parameters: 3(Integer), 飞机(String), 5(Integer), 0(Integer)
2025-02-18 10:43:03.336 [TRACE] [http-nio-1290-exec-4] [c.e.l.m.TypeMapper.getTypes   ] <==    Columns: type_id, type_name, type_color
2025-02-18 10:43:03.336 [TRACE] [http-nio-1290-exec-4] [c.e.l.m.TypeMapper.getTypes   ] <==        Row: 3, 飞机, #2b239f
2025-02-18 10:43:03.336 [DEBUG] [http-nio-1290-exec-4] [c.e.l.m.TypeMapper.getTypes   ] <==      Total: 1
2025-02-18 10:43:03.336 [DEBUG] [http-nio-1290-exec-4] [c.e.l.m.T.getTypeNameById     ] ==>  Preparing: SELECT type_name FROM type WHERE type_id = ?
2025-02-18 10:43:03.336 [DEBUG] [http-nio-1290-exec-4] [c.e.l.m.T.getTypeNameById     ] ==> Parameters: 1(Integer)
2025-02-18 10:43:03.337 [TRACE] [http-nio-1290-exec-4] [c.e.l.m.T.getTypeNameById     ] <==    Columns: type_name
2025-02-18 10:43:03.337 [TRACE] [http-nio-1290-exec-4] [c.e.l.m.T.getTypeNameById     ] <==        Row: 建筑
2025-02-18 10:43:03.337 [DEBUG] [http-nio-1290-exec-4] [c.e.l.m.T.getTypeNameById     ] <==      Total: 1
2025-02-18 10:43:03.337 [DEBUG] [http-nio-1290-exec-4] [c.e.l.m.TypeMapper.getTypes   ] ==>  Preparing: SELECT * FROM type WHERE type_id = ? AND type_name like concat('%',?,'%') ORDER BY type_id ASC LIMIT ? OFFSET ?
2025-02-18 10:43:03.337 [DEBUG] [http-nio-1290-exec-4] [c.e.l.m.TypeMapper.getTypes   ] ==> Parameters: 1(Integer), 建筑(String), 5(Integer), 0(Integer)
2025-02-18 10:43:03.338 [TRACE] [http-nio-1290-exec-4] [c.e.l.m.TypeMapper.getTypes   ] <==    Columns: type_id, type_name, type_color
2025-02-18 10:43:03.338 [TRACE] [http-nio-1290-exec-4] [c.e.l.m.TypeMapper.getTypes   ] <==        Row: 1, 建筑, #b90e0e
2025-02-18 10:43:03.338 [DEBUG] [http-nio-1290-exec-4] [c.e.l.m.TypeMapper.getTypes   ] <==      Total: 1
2025-02-18 10:43:03.338 [DEBUG] [http-nio-1290-exec-4] [c.e.l.m.T.getTypeNameById     ] ==>  Preparing: SELECT type_name FROM type WHERE type_id = ?
2025-02-18 10:43:03.338 [DEBUG] [http-nio-1290-exec-4] [c.e.l.m.T.getTypeNameById     ] ==> Parameters: 3(Integer)
2025-02-18 10:43:03.338 [TRACE] [http-nio-1290-exec-4] [c.e.l.m.T.getTypeNameById     ] <==    Columns: type_name
2025-02-18 10:43:03.338 [TRACE] [http-nio-1290-exec-4] [c.e.l.m.T.getTypeNameById     ] <==        Row: 飞机
2025-02-18 10:43:03.338 [DEBUG] [http-nio-1290-exec-4] [c.e.l.m.T.getTypeNameById     ] <==      Total: 1
2025-02-18 10:43:03.339 [DEBUG] [http-nio-1290-exec-4] [c.e.l.m.TypeMapper.getTypes   ] ==>  Preparing: SELECT * FROM type WHERE type_id = ? AND type_name like concat('%',?,'%') ORDER BY type_id ASC LIMIT ? OFFSET ?
2025-02-18 10:43:03.339 [DEBUG] [http-nio-1290-exec-4] [c.e.l.m.TypeMapper.getTypes   ] ==> Parameters: 3(Integer), 飞机(String), 5(Integer), 0(Integer)
2025-02-18 10:43:03.339 [TRACE] [http-nio-1290-exec-4] [c.e.l.m.TypeMapper.getTypes   ] <==    Columns: type_id, type_name, type_color
2025-02-18 10:43:03.339 [TRACE] [http-nio-1290-exec-4] [c.e.l.m.TypeMapper.getTypes   ] <==        Row: 3, 飞机, #2b239f
2025-02-18 10:43:03.340 [DEBUG] [http-nio-1290-exec-4] [c.e.l.m.TypeMapper.getTypes   ] <==      Total: 1
2025-02-18 10:43:03.340 [DEBUG] [http-nio-1290-exec-4] [c.e.l.m.T.getTypeNameById     ] ==>  Preparing: SELECT type_name FROM type WHERE type_id = ?
2025-02-18 10:43:03.340 [DEBUG] [http-nio-1290-exec-4] [c.e.l.m.T.getTypeNameById     ] ==> Parameters: 3(Integer)
2025-02-18 10:43:03.340 [TRACE] [http-nio-1290-exec-4] [c.e.l.m.T.getTypeNameById     ] <==    Columns: type_name
2025-02-18 10:43:03.340 [TRACE] [http-nio-1290-exec-4] [c.e.l.m.T.getTypeNameById     ] <==        Row: 飞机
2025-02-18 10:43:03.340 [DEBUG] [http-nio-1290-exec-4] [c.e.l.m.T.getTypeNameById     ] <==      Total: 1
2025-02-18 10:43:03.340 [DEBUG] [http-nio-1290-exec-4] [c.e.l.m.TypeMapper.getTypes   ] ==>  Preparing: SELECT * FROM type WHERE type_id = ? AND type_name like concat('%',?,'%') ORDER BY type_id ASC LIMIT ? OFFSET ?
2025-02-18 10:43:03.340 [DEBUG] [http-nio-1290-exec-4] [c.e.l.m.TypeMapper.getTypes   ] ==> Parameters: 3(Integer), 飞机(String), 5(Integer), 0(Integer)
2025-02-18 10:43:03.341 [TRACE] [http-nio-1290-exec-4] [c.e.l.m.TypeMapper.getTypes   ] <==    Columns: type_id, type_name, type_color
2025-02-18 10:43:03.341 [TRACE] [http-nio-1290-exec-4] [c.e.l.m.TypeMapper.getTypes   ] <==        Row: 3, 飞机, #2b239f
2025-02-18 10:43:03.341 [DEBUG] [http-nio-1290-exec-4] [c.e.l.m.TypeMapper.getTypes   ] <==      Total: 1
2025-02-18 10:43:03.341 [DEBUG] [http-nio-1290-exec-4] [c.e.l.m.T.getTypeNameById     ] ==>  Preparing: SELECT type_name FROM type WHERE type_id = ?
2025-02-18 10:43:03.341 [DEBUG] [http-nio-1290-exec-4] [c.e.l.m.T.getTypeNameById     ] ==> Parameters: 1(Integer)
2025-02-18 10:43:03.341 [TRACE] [http-nio-1290-exec-4] [c.e.l.m.T.getTypeNameById     ] <==    Columns: type_name
2025-02-18 10:43:03.341 [TRACE] [http-nio-1290-exec-4] [c.e.l.m.T.getTypeNameById     ] <==        Row: 建筑
2025-02-18 10:43:03.341 [DEBUG] [http-nio-1290-exec-4] [c.e.l.m.T.getTypeNameById     ] <==      Total: 1
2025-02-18 10:43:03.341 [DEBUG] [http-nio-1290-exec-4] [c.e.l.m.TypeMapper.getTypes   ] ==>  Preparing: SELECT * FROM type WHERE type_id = ? AND type_name like concat('%',?,'%') ORDER BY type_id ASC LIMIT ? OFFSET ?
2025-02-18 10:43:03.342 [DEBUG] [http-nio-1290-exec-4] [c.e.l.m.TypeMapper.getTypes   ] ==> Parameters: 1(Integer), 建筑(String), 5(Integer), 0(Integer)
2025-02-18 10:43:03.342 [TRACE] [http-nio-1290-exec-4] [c.e.l.m.TypeMapper.getTypes   ] <==    Columns: type_id, type_name, type_color
2025-02-18 10:43:03.342 [TRACE] [http-nio-1290-exec-4] [c.e.l.m.TypeMapper.getTypes   ] <==        Row: 1, 建筑, #b90e0e
2025-02-18 10:43:03.342 [DEBUG] [http-nio-1290-exec-4] [c.e.l.m.TypeMapper.getTypes   ] <==      Total: 1
2025-02-18 10:43:03.342 [DEBUG] [http-nio-1290-exec-4] [c.e.l.m.T.getTypeNameById     ] ==>  Preparing: SELECT type_name FROM type WHERE type_id = ?
2025-02-18 10:43:03.343 [DEBUG] [http-nio-1290-exec-4] [c.e.l.m.T.getTypeNameById     ] ==> Parameters: 1(Integer)
2025-02-18 10:43:03.343 [TRACE] [http-nio-1290-exec-4] [c.e.l.m.T.getTypeNameById     ] <==    Columns: type_name
2025-02-18 10:43:03.343 [TRACE] [http-nio-1290-exec-4] [c.e.l.m.T.getTypeNameById     ] <==        Row: 建筑
2025-02-18 10:43:03.343 [DEBUG] [http-nio-1290-exec-4] [c.e.l.m.T.getTypeNameById     ] <==      Total: 1
2025-02-18 10:43:03.344 [DEBUG] [http-nio-1290-exec-4] [c.e.l.m.TypeMapper.getTypes   ] ==>  Preparing: SELECT * FROM type WHERE type_id = ? AND type_name like concat('%',?,'%') ORDER BY type_id ASC LIMIT ? OFFSET ?
2025-02-18 10:43:03.344 [DEBUG] [http-nio-1290-exec-4] [c.e.l.m.TypeMapper.getTypes   ] ==> Parameters: 1(Integer), 建筑(String), 5(Integer), 0(Integer)
2025-02-18 10:43:03.345 [TRACE] [http-nio-1290-exec-4] [c.e.l.m.TypeMapper.getTypes   ] <==    Columns: type_id, type_name, type_color
2025-02-18 10:43:03.345 [TRACE] [http-nio-1290-exec-4] [c.e.l.m.TypeMapper.getTypes   ] <==        Row: 1, 建筑, #b90e0e
2025-02-18 10:43:03.345 [DEBUG] [http-nio-1290-exec-4] [c.e.l.m.TypeMapper.getTypes   ] <==      Total: 1
2025-02-18 10:43:03.346 [DEBUG] [http-nio-1290-exec-4] [c.e.l.m.T.getTypeNameById     ] ==>  Preparing: SELECT type_name FROM type WHERE type_id = ?
2025-02-18 10:43:03.346 [DEBUG] [http-nio-1290-exec-4] [c.e.l.m.T.getTypeNameById     ] ==> Parameters: 1(Integer)
2025-02-18 10:43:03.346 [TRACE] [http-nio-1290-exec-4] [c.e.l.m.T.getTypeNameById     ] <==    Columns: type_name
2025-02-18 10:43:03.346 [TRACE] [http-nio-1290-exec-4] [c.e.l.m.T.getTypeNameById     ] <==        Row: 建筑
2025-02-18 10:43:03.346 [DEBUG] [http-nio-1290-exec-4] [c.e.l.m.T.getTypeNameById     ] <==      Total: 1
2025-02-18 10:43:03.347 [DEBUG] [http-nio-1290-exec-4] [c.e.l.m.TypeMapper.getTypes   ] ==>  Preparing: SELECT * FROM type WHERE type_id = ? AND type_name like concat('%',?,'%') ORDER BY type_id ASC LIMIT ? OFFSET ?
2025-02-18 10:43:03.347 [DEBUG] [http-nio-1290-exec-4] [c.e.l.m.TypeMapper.getTypes   ] ==> Parameters: 1(Integer), 建筑(String), 5(Integer), 0(Integer)
2025-02-18 10:43:03.347 [TRACE] [http-nio-1290-exec-4] [c.e.l.m.TypeMapper.getTypes   ] <==    Columns: type_id, type_name, type_color
2025-02-18 10:43:03.347 [TRACE] [http-nio-1290-exec-4] [c.e.l.m.TypeMapper.getTypes   ] <==        Row: 1, 建筑, #b90e0e
2025-02-18 10:43:03.347 [DEBUG] [http-nio-1290-exec-4] [c.e.l.m.TypeMapper.getTypes   ] <==      Total: 1
2025-02-18 10:43:03.347 [DEBUG] [http-nio-1290-exec-4] [c.e.l.m.T.getTypeNameById     ] ==>  Preparing: SELECT type_name FROM type WHERE type_id = ?
2025-02-18 10:43:03.347 [DEBUG] [http-nio-1290-exec-4] [c.e.l.m.T.getTypeNameById     ] ==> Parameters: 3(Integer)
2025-02-18 10:43:03.348 [TRACE] [http-nio-1290-exec-4] [c.e.l.m.T.getTypeNameById     ] <==    Columns: type_name
2025-02-18 10:43:03.348 [TRACE] [http-nio-1290-exec-4] [c.e.l.m.T.getTypeNameById     ] <==        Row: 飞机
2025-02-18 10:43:03.348 [DEBUG] [http-nio-1290-exec-4] [c.e.l.m.T.getTypeNameById     ] <==      Total: 1
2025-02-18 10:43:03.348 [DEBUG] [http-nio-1290-exec-4] [c.e.l.m.TypeMapper.getTypes   ] ==>  Preparing: SELECT * FROM type WHERE type_id = ? AND type_name like concat('%',?,'%') ORDER BY type_id ASC LIMIT ? OFFSET ?
2025-02-18 10:43:03.348 [DEBUG] [http-nio-1290-exec-4] [c.e.l.m.TypeMapper.getTypes   ] ==> Parameters: 3(Integer), 飞机(String), 5(Integer), 0(Integer)
2025-02-18 10:43:03.348 [TRACE] [http-nio-1290-exec-4] [c.e.l.m.TypeMapper.getTypes   ] <==    Columns: type_id, type_name, type_color
2025-02-18 10:43:03.348 [TRACE] [http-nio-1290-exec-4] [c.e.l.m.TypeMapper.getTypes   ] <==        Row: 3, 飞机, #2b239f
2025-02-18 10:43:03.348 [DEBUG] [http-nio-1290-exec-4] [c.e.l.m.TypeMapper.getTypes   ] <==      Total: 1
2025-02-18 10:43:03.349 [DEBUG] [http-nio-1290-exec-4] [c.e.l.m.MarkMapper.selectList ] ==>  Preparing: SELECT id,task_id,user_id,type_id,geom,status FROM mark WHERE (task_id = ?)
2025-02-18 10:43:03.349 [DEBUG] [http-nio-1290-exec-4] [c.e.l.m.MarkMapper.selectList ] ==> Parameters: null
2025-02-18 10:43:03.349 [DEBUG] [http-nio-1290-exec-4] [c.e.l.m.MarkMapper.selectList ] <==      Total: 0
2025-02-18 10:43:15.140 [DEBUG] [http-nio-1290-exec-5] [l.m.T.deleteTaskAcceptByTaskId] ==>  Preparing: delete from task_accepted where task_id=?
2025-02-18 10:43:15.141 [DEBUG] [http-nio-1290-exec-5] [l.m.T.deleteTaskAcceptByTaskId] ==> Parameters: 97(Integer)
2025-02-18 10:43:15.150 [DEBUG] [http-nio-1290-exec-5] [l.m.T.deleteTaskAcceptByTaskId] <==    Updates: 2
2025-02-18 10:43:15.151 [DEBUG] [http-nio-1290-exec-5] [c.e.l.m.TaskMapper.deleteById ] ==>  Preparing: DELETE FROM task WHERE task_id=?
2025-02-18 10:43:15.151 [DEBUG] [http-nio-1290-exec-5] [c.e.l.m.TaskMapper.deleteById ] ==> Parameters: 97(Integer)
2025-02-18 10:43:15.152 [DEBUG] [http-nio-1290-exec-5] [c.e.l.m.TaskMapper.deleteById ] <==    Updates: 1
2025-02-18 10:43:15.154 [DEBUG] [http-nio-1290-exec-5] [c.e.l.m.M.deleteMarkByTaskId  ] ==>  Preparing: DELETE FROM mark WHERE task_id=?
2025-02-18 10:43:15.154 [DEBUG] [http-nio-1290-exec-5] [c.e.l.m.M.deleteMarkByTaskId  ] ==> Parameters: 97(Integer)
2025-02-18 10:43:15.155 [DEBUG] [http-nio-1290-exec-5] [c.e.l.m.M.deleteMarkByTaskId  ] <==    Updates: 0
2025-02-18 10:43:15.220 [DEBUG] [http-nio-1290-exec-6] [c.e.l.m.TaskMapper.selectCount] ==>  Preparing: SELECT COUNT( * ) FROM task
2025-02-18 10:43:15.220 [DEBUG] [http-nio-1290-exec-6] [c.e.l.m.TaskMapper.selectCount] ==> Parameters: 
2025-02-18 10:43:15.221 [TRACE] [http-nio-1290-exec-6] [c.e.l.m.TaskMapper.selectCount] <==    Columns: count
2025-02-18 10:43:15.221 [TRACE] [http-nio-1290-exec-6] [c.e.l.m.TaskMapper.selectCount] <==        Row: 2
2025-02-18 10:43:15.221 [DEBUG] [http-nio-1290-exec-6] [c.e.l.m.TaskMapper.selectCount] <==      Total: 1
2025-02-18 10:43:15.221 [DEBUG] [http-nio-1290-exec-6] [c.e.l.m.TaskMapper.getTaskInfo] ==>  Preparing: SELECT task_accepted.id, task_accepted.type_arr, sys_user.username AS username, sys_user.user_id AS userid, task.task_id, task.task_name, task.task_type, task.map_server, task.date_range, task.status, task.audit_feedback FROM task JOIN task_accepted ON task.task_id = task_accepted.task_id JOIN sys_user ON task_accepted.username = sys_user.username ORDER BY task.status, task.task_id DESC
2025-02-18 10:43:15.221 [DEBUG] [http-nio-1290-exec-6] [c.e.l.m.TaskMapper.getTaskInfo] ==> Parameters: 
2025-02-18 10:43:15.221 [TRACE] [http-nio-1290-exec-6] [c.e.l.m.TaskMapper.getTaskInfo] <==    Columns: id, type_arr, username, userid, task_id, task_name, task_type, map_server, date_range, status, audit_feedback
2025-02-18 10:43:15.222 [TRACE] [http-nio-1290-exec-6] [c.e.l.m.TaskMapper.getTaskInfo] <==        Row: 271, 3, wh1, 2, 96, test2, 地物分类, airport, 2025-02-14 2025-03-15, 0, null
2025-02-18 10:43:15.222 [TRACE] [http-nio-1290-exec-6] [c.e.l.m.TaskMapper.getTaskInfo] <==        Row: 272, 1,3, wh, 1, 96, test2, 地物分类, airport, 2025-02-14 2025-03-15, 0, null
2025-02-18 10:43:15.222 [TRACE] [http-nio-1290-exec-6] [c.e.l.m.TaskMapper.getTaskInfo] <==        Row: 267, 3,1, wh, 1, 95, test1, 目标检测, airport, 2024-06-05 2024-06-06, 1, null
2025-02-18 10:43:15.222 [TRACE] [http-nio-1290-exec-6] [c.e.l.m.TaskMapper.getTaskInfo] <==        Row: 269, 1, wh1, 2, 95, test1, 目标检测, airport, 2024-06-05 2024-06-06, 1, null
2025-02-18 10:43:15.222 [DEBUG] [http-nio-1290-exec-6] [c.e.l.m.TaskMapper.getTaskInfo] <==      Total: 4
2025-02-18 10:43:15.222 [DEBUG] [http-nio-1290-exec-6] [c.e.l.m.T.getTypeNameById     ] ==>  Preparing: SELECT type_name FROM type WHERE type_id = ?
2025-02-18 10:43:15.222 [DEBUG] [http-nio-1290-exec-6] [c.e.l.m.T.getTypeNameById     ] ==> Parameters: 3(Integer)
2025-02-18 10:43:15.223 [TRACE] [http-nio-1290-exec-6] [c.e.l.m.T.getTypeNameById     ] <==    Columns: type_name
2025-02-18 10:43:15.223 [TRACE] [http-nio-1290-exec-6] [c.e.l.m.T.getTypeNameById     ] <==        Row: 飞机
2025-02-18 10:43:15.223 [DEBUG] [http-nio-1290-exec-6] [c.e.l.m.T.getTypeNameById     ] <==      Total: 1
2025-02-18 10:43:15.224 [DEBUG] [http-nio-1290-exec-6] [c.e.l.m.TypeMapper.getTypes   ] ==>  Preparing: SELECT * FROM type WHERE type_id = ? AND type_name like concat('%',?,'%') ORDER BY type_id ASC LIMIT ? OFFSET ?
2025-02-18 10:43:15.224 [DEBUG] [http-nio-1290-exec-6] [c.e.l.m.TypeMapper.getTypes   ] ==> Parameters: 3(Integer), 飞机(String), 5(Integer), 0(Integer)
2025-02-18 10:43:15.224 [TRACE] [http-nio-1290-exec-6] [c.e.l.m.TypeMapper.getTypes   ] <==    Columns: type_id, type_name, type_color
2025-02-18 10:43:15.224 [TRACE] [http-nio-1290-exec-6] [c.e.l.m.TypeMapper.getTypes   ] <==        Row: 3, 飞机, #2b239f
2025-02-18 10:43:15.225 [DEBUG] [http-nio-1290-exec-6] [c.e.l.m.TypeMapper.getTypes   ] <==      Total: 1
2025-02-18 10:43:15.225 [DEBUG] [http-nio-1290-exec-6] [c.e.l.m.T.getTypeNameById     ] ==>  Preparing: SELECT type_name FROM type WHERE type_id = ?
2025-02-18 10:43:15.225 [DEBUG] [http-nio-1290-exec-6] [c.e.l.m.T.getTypeNameById     ] ==> Parameters: 1(Integer)
2025-02-18 10:43:15.226 [TRACE] [http-nio-1290-exec-6] [c.e.l.m.T.getTypeNameById     ] <==    Columns: type_name
2025-02-18 10:43:15.226 [TRACE] [http-nio-1290-exec-6] [c.e.l.m.T.getTypeNameById     ] <==        Row: 建筑
2025-02-18 10:43:15.226 [DEBUG] [http-nio-1290-exec-6] [c.e.l.m.T.getTypeNameById     ] <==      Total: 1
2025-02-18 10:43:15.226 [DEBUG] [http-nio-1290-exec-6] [c.e.l.m.TypeMapper.getTypes   ] ==>  Preparing: SELECT * FROM type WHERE type_id = ? AND type_name like concat('%',?,'%') ORDER BY type_id ASC LIMIT ? OFFSET ?
2025-02-18 10:43:15.226 [DEBUG] [http-nio-1290-exec-6] [c.e.l.m.TypeMapper.getTypes   ] ==> Parameters: 1(Integer), 建筑(String), 5(Integer), 0(Integer)
2025-02-18 10:43:15.226 [TRACE] [http-nio-1290-exec-6] [c.e.l.m.TypeMapper.getTypes   ] <==    Columns: type_id, type_name, type_color
2025-02-18 10:43:15.226 [TRACE] [http-nio-1290-exec-6] [c.e.l.m.TypeMapper.getTypes   ] <==        Row: 1, 建筑, #b90e0e
2025-02-18 10:43:15.226 [DEBUG] [http-nio-1290-exec-6] [c.e.l.m.TypeMapper.getTypes   ] <==      Total: 1
2025-02-18 10:43:15.227 [DEBUG] [http-nio-1290-exec-6] [c.e.l.m.T.getTypeNameById     ] ==>  Preparing: SELECT type_name FROM type WHERE type_id = ?
2025-02-18 10:43:15.227 [DEBUG] [http-nio-1290-exec-6] [c.e.l.m.T.getTypeNameById     ] ==> Parameters: 3(Integer)
2025-02-18 10:43:15.227 [TRACE] [http-nio-1290-exec-6] [c.e.l.m.T.getTypeNameById     ] <==    Columns: type_name
2025-02-18 10:43:15.227 [TRACE] [http-nio-1290-exec-6] [c.e.l.m.T.getTypeNameById     ] <==        Row: 飞机
2025-02-18 10:43:15.227 [DEBUG] [http-nio-1290-exec-6] [c.e.l.m.T.getTypeNameById     ] <==      Total: 1
2025-02-18 10:43:15.228 [DEBUG] [http-nio-1290-exec-6] [c.e.l.m.TypeMapper.getTypes   ] ==>  Preparing: SELECT * FROM type WHERE type_id = ? AND type_name like concat('%',?,'%') ORDER BY type_id ASC LIMIT ? OFFSET ?
2025-02-18 10:43:15.228 [DEBUG] [http-nio-1290-exec-6] [c.e.l.m.TypeMapper.getTypes   ] ==> Parameters: 3(Integer), 飞机(String), 5(Integer), 0(Integer)
2025-02-18 10:43:15.228 [TRACE] [http-nio-1290-exec-6] [c.e.l.m.TypeMapper.getTypes   ] <==    Columns: type_id, type_name, type_color
2025-02-18 10:43:15.228 [TRACE] [http-nio-1290-exec-6] [c.e.l.m.TypeMapper.getTypes   ] <==        Row: 3, 飞机, #2b239f
2025-02-18 10:43:15.228 [DEBUG] [http-nio-1290-exec-6] [c.e.l.m.TypeMapper.getTypes   ] <==      Total: 1
2025-02-18 10:43:15.228 [DEBUG] [http-nio-1290-exec-6] [c.e.l.m.T.getTypeNameById     ] ==>  Preparing: SELECT type_name FROM type WHERE type_id = ?
2025-02-18 10:43:15.229 [DEBUG] [http-nio-1290-exec-6] [c.e.l.m.T.getTypeNameById     ] ==> Parameters: 3(Integer)
2025-02-18 10:43:15.229 [TRACE] [http-nio-1290-exec-6] [c.e.l.m.T.getTypeNameById     ] <==    Columns: type_name
2025-02-18 10:43:15.229 [TRACE] [http-nio-1290-exec-6] [c.e.l.m.T.getTypeNameById     ] <==        Row: 飞机
2025-02-18 10:43:15.229 [DEBUG] [http-nio-1290-exec-6] [c.e.l.m.T.getTypeNameById     ] <==      Total: 1
2025-02-18 10:43:15.229 [DEBUG] [http-nio-1290-exec-6] [c.e.l.m.TypeMapper.getTypes   ] ==>  Preparing: SELECT * FROM type WHERE type_id = ? AND type_name like concat('%',?,'%') ORDER BY type_id ASC LIMIT ? OFFSET ?
2025-02-18 10:43:15.229 [DEBUG] [http-nio-1290-exec-6] [c.e.l.m.TypeMapper.getTypes   ] ==> Parameters: 3(Integer), 飞机(String), 5(Integer), 0(Integer)
2025-02-18 10:43:15.230 [TRACE] [http-nio-1290-exec-6] [c.e.l.m.TypeMapper.getTypes   ] <==    Columns: type_id, type_name, type_color
2025-02-18 10:43:15.230 [TRACE] [http-nio-1290-exec-6] [c.e.l.m.TypeMapper.getTypes   ] <==        Row: 3, 飞机, #2b239f
2025-02-18 10:43:15.230 [DEBUG] [http-nio-1290-exec-6] [c.e.l.m.TypeMapper.getTypes   ] <==      Total: 1
2025-02-18 10:43:15.230 [DEBUG] [http-nio-1290-exec-6] [c.e.l.m.T.getTypeNameById     ] ==>  Preparing: SELECT type_name FROM type WHERE type_id = ?
2025-02-18 10:43:15.230 [DEBUG] [http-nio-1290-exec-6] [c.e.l.m.T.getTypeNameById     ] ==> Parameters: 1(Integer)
2025-02-18 10:43:15.231 [TRACE] [http-nio-1290-exec-6] [c.e.l.m.T.getTypeNameById     ] <==    Columns: type_name
2025-02-18 10:43:15.231 [TRACE] [http-nio-1290-exec-6] [c.e.l.m.T.getTypeNameById     ] <==        Row: 建筑
2025-02-18 10:43:15.231 [DEBUG] [http-nio-1290-exec-6] [c.e.l.m.T.getTypeNameById     ] <==      Total: 1
2025-02-18 10:43:15.232 [DEBUG] [http-nio-1290-exec-6] [c.e.l.m.TypeMapper.getTypes   ] ==>  Preparing: SELECT * FROM type WHERE type_id = ? AND type_name like concat('%',?,'%') ORDER BY type_id ASC LIMIT ? OFFSET ?
2025-02-18 10:43:15.232 [DEBUG] [http-nio-1290-exec-6] [c.e.l.m.TypeMapper.getTypes   ] ==> Parameters: 1(Integer), 建筑(String), 5(Integer), 0(Integer)
2025-02-18 10:43:15.232 [TRACE] [http-nio-1290-exec-6] [c.e.l.m.TypeMapper.getTypes   ] <==    Columns: type_id, type_name, type_color
2025-02-18 10:43:15.232 [TRACE] [http-nio-1290-exec-6] [c.e.l.m.TypeMapper.getTypes   ] <==        Row: 1, 建筑, #b90e0e
2025-02-18 10:43:15.233 [DEBUG] [http-nio-1290-exec-6] [c.e.l.m.TypeMapper.getTypes   ] <==      Total: 1
2025-02-18 10:43:15.233 [DEBUG] [http-nio-1290-exec-6] [c.e.l.m.T.getTypeNameById     ] ==>  Preparing: SELECT type_name FROM type WHERE type_id = ?
2025-02-18 10:43:15.234 [DEBUG] [http-nio-1290-exec-6] [c.e.l.m.T.getTypeNameById     ] ==> Parameters: 1(Integer)
2025-02-18 10:43:15.234 [TRACE] [http-nio-1290-exec-6] [c.e.l.m.T.getTypeNameById     ] <==    Columns: type_name
2025-02-18 10:43:15.234 [TRACE] [http-nio-1290-exec-6] [c.e.l.m.T.getTypeNameById     ] <==        Row: 建筑
2025-02-18 10:43:15.234 [DEBUG] [http-nio-1290-exec-6] [c.e.l.m.T.getTypeNameById     ] <==      Total: 1
2025-02-18 10:43:15.234 [DEBUG] [http-nio-1290-exec-6] [c.e.l.m.TypeMapper.getTypes   ] ==>  Preparing: SELECT * FROM type WHERE type_id = ? AND type_name like concat('%',?,'%') ORDER BY type_id ASC LIMIT ? OFFSET ?
2025-02-18 10:43:15.234 [DEBUG] [http-nio-1290-exec-6] [c.e.l.m.TypeMapper.getTypes   ] ==> Parameters: 1(Integer), 建筑(String), 5(Integer), 0(Integer)
2025-02-18 10:43:15.235 [TRACE] [http-nio-1290-exec-6] [c.e.l.m.TypeMapper.getTypes   ] <==    Columns: type_id, type_name, type_color
2025-02-18 10:43:15.235 [TRACE] [http-nio-1290-exec-6] [c.e.l.m.TypeMapper.getTypes   ] <==        Row: 1, 建筑, #b90e0e
2025-02-18 10:43:15.235 [DEBUG] [http-nio-1290-exec-6] [c.e.l.m.TypeMapper.getTypes   ] <==      Total: 1
2025-02-18 10:43:15.236 [DEBUG] [http-nio-1290-exec-6] [c.e.l.m.MarkMapper.selectList ] ==>  Preparing: SELECT id,task_id,user_id,type_id,geom,status FROM mark WHERE (task_id = ?)
2025-02-18 10:43:15.236 [DEBUG] [http-nio-1290-exec-6] [c.e.l.m.MarkMapper.selectList ] ==> Parameters: null
2025-02-18 10:43:15.237 [DEBUG] [http-nio-1290-exec-6] [c.e.l.m.MarkMapper.selectList ] <==      Total: 0
2025-02-18 10:43:23.123 [DEBUG] [http-nio-1290-exec-8] [c.e.l.m.S.getAllFiles         ] ==>  Preparing: SELECT * FROM file ORDER BY file_id DESC LIMIT ? OFFSET ?
2025-02-18 10:43:23.124 [DEBUG] [http-nio-1290-exec-8] [c.e.l.m.S.getAllFiles         ] ==> Parameters: 8(Integer), 0(Integer)
2025-02-18 10:43:23.125 [TRACE] [http-nio-1290-exec-8] [c.e.l.m.S.getAllFiles         ] <==    Columns: file_id, file_name, update_time, status, size
2025-02-18 10:43:23.125 [TRACE] [http-nio-1290-exec-8] [c.e.l.m.S.getAllFiles         ] <==        Row: 105, airport.tif, 2025-2-17 18:17:35, 1, 240 MB
2025-02-18 10:43:23.125 [TRACE] [http-nio-1290-exec-8] [c.e.l.m.S.getAllFiles         ] <==        Row: 67, 湖北.tif, 2023-4-26 17:45:54, 1, 279 MB
2025-02-18 10:43:23.125 [TRACE] [http-nio-1290-exec-8] [c.e.l.m.S.getAllFiles         ] <==        Row: 65, 小天河机场.tiff, 2023-4-26 17:44:29, 1, 865 MB
2025-02-18 10:43:23.125 [TRACE] [http-nio-1290-exec-8] [c.e.l.m.S.getAllFiles         ] <==        Row: 64, 深圳宝安机场.tif, 2023-4-26 17:42:19, 1, 5.58 GB
2025-02-18 10:43:23.125 [DEBUG] [http-nio-1290-exec-8] [c.e.l.m.S.getAllFiles         ] <==      Total: 4
2025-02-18 10:44:56.427 [DEBUG] [http-nio-1290-exec-3] [c.e.l.m.S.selectList          ] ==>  Preparing: SELECT user_id,username,user_password,is_admin,finished_num,unfinished_num FROM sys_user WHERE (username = ?)
2025-02-18 10:44:56.428 [DEBUG] [http-nio-1290-exec-3] [c.e.l.m.S.selectList          ] ==> Parameters: admin(String)
2025-02-18 10:44:56.430 [TRACE] [http-nio-1290-exec-3] [c.e.l.m.S.selectList          ] <==    Columns: user_id, username, user_password, is_admin, finished_num, unfinished_num
2025-02-18 10:44:56.430 [TRACE] [http-nio-1290-exec-3] [c.e.l.m.S.selectList          ] <==        Row: 5, admin, $2a$10$2O5w.UpL8lb0X9o9lQLcDuxivpS5ShcbKzsldLrhm4MpzsBv.2W4W, 1, null, null
2025-02-18 10:44:56.430 [DEBUG] [http-nio-1290-exec-3] [c.e.l.m.S.selectList          ] <==      Total: 1
2025-02-18 10:44:56.733 [DEBUG] [http-nio-1290-exec-9] [c.e.l.m.S.getAllFiles         ] ==>  Preparing: SELECT * FROM file ORDER BY file_id DESC LIMIT ? OFFSET ?
2025-02-18 10:44:56.733 [DEBUG] [http-nio-1290-exec-9] [c.e.l.m.S.getAllFiles         ] ==> Parameters: 8(Integer), 0(Integer)
2025-02-18 10:44:56.735 [TRACE] [http-nio-1290-exec-9] [c.e.l.m.S.getAllFiles         ] <==    Columns: file_id, file_name, update_time, status, size
2025-02-18 10:44:56.735 [TRACE] [http-nio-1290-exec-9] [c.e.l.m.S.getAllFiles         ] <==        Row: 67, 湖北.tif, 2023-4-26 17:45:54, 1, 279 MB
2025-02-18 10:44:56.735 [TRACE] [http-nio-1290-exec-9] [c.e.l.m.S.getAllFiles         ] <==        Row: 65, 小天河机场.tiff, 2023-4-26 17:44:29, 1, 865 MB
2025-02-18 10:44:56.735 [TRACE] [http-nio-1290-exec-9] [c.e.l.m.S.getAllFiles         ] <==        Row: 64, 深圳宝安机场.tif, 2023-4-26 17:42:19, 1, 5.58 GB
2025-02-18 10:44:56.735 [DEBUG] [http-nio-1290-exec-9] [c.e.l.m.S.getAllFiles         ] <==      Total: 3
2025-02-18 14:43:16.065 [INFO ] [main] [c.e.l.LabelMarkApplication    ] Starting LabelMarkApplication using Java 18.0.2.1 on LAPTOP-00658OB5 with PID 21780 (F:\PG-project\labelMark\target\classes started by wanghua in F:\PG-project\labelMark)
2025-02-18 14:43:16.067 [INFO ] [main] [c.e.l.LabelMarkApplication    ] The following 1 profile is active: "@environment@"
2025-02-18 15:01:47.609 [INFO ] [main] [c.e.l.LabelMarkApplication    ] Starting LabelMarkApplication using Java 18.0.2.1 on LAPTOP-00658OB5 with PID 32556 (F:\PG-project\labelMark\target\classes started by wanghua in F:\PG-project\labelMark)
2025-02-18 15:01:47.624 [INFO ] [main] [c.e.l.LabelMarkApplication    ] The following 1 profile is active: "@environment@"
2025-02-18 15:02:15.179 [INFO ] [main] [c.e.l.LabelMarkApplication    ] Starting LabelMarkApplication using Java 18.0.2.1 on LAPTOP-00658OB5 with PID 34052 (F:\PG-project\labelMark\target\classes started by wanghua in F:\PG-project\labelMark)
2025-02-18 15:02:15.184 [INFO ] [main] [c.e.l.LabelMarkApplication    ] The following 1 profile is active: "@environment@"
2025-02-18 15:05:08.122 [INFO ] [main] [c.e.l.LabelMarkApplication    ] Starting LabelMarkApplication using Java 18.0.2.1 on LAPTOP-00658OB5 with PID 26032 (F:\PG-project\labelMark\target\classes started by wanghua in F:\PG-project\labelMark)
2025-02-18 15:05:08.125 [INFO ] [main] [c.e.l.LabelMarkApplication    ] The following 1 profile is active: "@environment@"
2025-02-18 15:06:06.727 [INFO ] [main] [c.e.l.LabelMarkApplication    ] Starting LabelMarkApplication using Java 18.0.2.1 on LAPTOP-00658OB5 with PID 36272 (F:\PG-project\labelMark\target\classes started by wanghua in F:\PG-project\labelMark)
2025-02-18 15:06:06.731 [INFO ] [main] [c.e.l.LabelMarkApplication    ] The following 1 profile is active: "@environment@"
2025-02-18 15:10:03.170 [INFO ] [main] [c.e.l.LabelMarkApplication    ] Starting LabelMarkApplication using Java 18.0.2.1 on LAPTOP-00658OB5 with PID 30272 (F:\PG-project\labelMark\target\classes started by wanghua in F:\PG-project\labelMark)
2025-02-18 15:10:03.172 [INFO ] [main] [c.e.l.LabelMarkApplication    ] The following 1 profile is active: "@environment@"
2025-02-18 15:13:29.013 [INFO ] [main] [c.e.l.LabelMarkApplication    ] Starting LabelMarkApplication using Java 18.0.2.1 on LAPTOP-00658OB5 with PID 39104 (F:\PG-project\labelMark\target\classes started by wanghua in F:\PG-project\labelMark)
2025-02-18 15:13:29.015 [INFO ] [main] [c.e.l.LabelMarkApplication    ] The following 1 profile is active: "dev"
2025-02-18 15:13:32.646 [INFO ] [main] [c.e.l.LabelMarkApplication    ] Started LabelMarkApplication in 3.982 seconds (JVM running for 4.532)
2025-02-18 15:15:09.559 [DEBUG] [http-nio-1290-exec-2] [c.e.l.m.S.selectList          ] ==>  Preparing: SELECT user_id,username,user_password,is_admin,finished_num,unfinished_num FROM sys_user WHERE (username = ?)
2025-02-18 15:15:09.580 [DEBUG] [http-nio-1290-exec-2] [c.e.l.m.S.selectList          ] ==> Parameters: admin·(String)
2025-02-18 15:15:09.605 [DEBUG] [http-nio-1290-exec-2] [c.e.l.m.S.selectList          ] <==      Total: 0
2025-02-18 15:15:57.671 [DEBUG] [http-nio-1290-exec-3] [c.e.l.m.S.selectList          ] ==>  Preparing: SELECT user_id,username,user_password,is_admin,finished_num,unfinished_num FROM sys_user WHERE (username = ?)
2025-02-18 15:15:57.671 [DEBUG] [http-nio-1290-exec-3] [c.e.l.m.S.selectList          ] ==> Parameters: admin(String)
2025-02-18 15:15:57.672 [TRACE] [http-nio-1290-exec-3] [c.e.l.m.S.selectList          ] <==    Columns: user_id, username, user_password, is_admin, finished_num, unfinished_num
2025-02-18 15:15:57.673 [TRACE] [http-nio-1290-exec-3] [c.e.l.m.S.selectList          ] <==        Row: 5, admin, $2a$10$2O5w.UpL8lb0X9o9lQLcDuxivpS5ShcbKzsldLrhm4MpzsBv.2W4W, 1, null, null
2025-02-18 15:15:57.675 [DEBUG] [http-nio-1290-exec-3] [c.e.l.m.S.selectList          ] <==      Total: 1
2025-02-18 15:15:57.750 [DEBUG] [http-nio-1290-exec-3] [c.e.l.m.S.selectList          ] ==>  Preparing: SELECT user_id,username,user_password,is_admin,finished_num,unfinished_num FROM sys_user WHERE (username = ?)
2025-02-18 15:15:57.750 [DEBUG] [http-nio-1290-exec-3] [c.e.l.m.S.selectList          ] ==> Parameters: admin(String)
2025-02-18 15:15:57.751 [TRACE] [http-nio-1290-exec-3] [c.e.l.m.S.selectList          ] <==    Columns: user_id, username, user_password, is_admin, finished_num, unfinished_num
2025-02-18 15:15:57.751 [TRACE] [http-nio-1290-exec-3] [c.e.l.m.S.selectList          ] <==        Row: 5, admin, $2a$10$2O5w.UpL8lb0X9o9lQLcDuxivpS5ShcbKzsldLrhm4MpzsBv.2W4W, 1, null, null
2025-02-18 15:15:57.751 [DEBUG] [http-nio-1290-exec-3] [c.e.l.m.S.selectList          ] <==      Total: 1
2025-02-18 15:15:58.668 [DEBUG] [http-nio-1290-exec-4] [c.e.l.m.S.selectList          ] ==>  Preparing: SELECT user_id,username,user_password,is_admin,finished_num,unfinished_num FROM sys_user WHERE (username = ?)
2025-02-18 15:15:58.668 [DEBUG] [http-nio-1290-exec-4] [c.e.l.m.S.selectList          ] ==> Parameters: admin(String)
2025-02-18 15:15:58.669 [TRACE] [http-nio-1290-exec-4] [c.e.l.m.S.selectList          ] <==    Columns: user_id, username, user_password, is_admin, finished_num, unfinished_num
2025-02-18 15:15:58.669 [TRACE] [http-nio-1290-exec-4] [c.e.l.m.S.selectList          ] <==        Row: 5, admin, $2a$10$2O5w.UpL8lb0X9o9lQLcDuxivpS5ShcbKzsldLrhm4MpzsBv.2W4W, 1, null, null
2025-02-18 15:15:58.669 [DEBUG] [http-nio-1290-exec-4] [c.e.l.m.S.selectList          ] <==      Total: 1
2025-02-18 15:15:59.160 [DEBUG] [http-nio-1290-exec-5] [c.e.l.m.TaskMapper.selectCount] ==>  Preparing: SELECT COUNT( * ) FROM task
2025-02-18 15:15:59.160 [DEBUG] [http-nio-1290-exec-5] [c.e.l.m.TaskMapper.selectCount] ==> Parameters: 
2025-02-18 15:15:59.175 [TRACE] [http-nio-1290-exec-5] [c.e.l.m.TaskMapper.selectCount] <==    Columns: count
2025-02-18 15:15:59.176 [TRACE] [http-nio-1290-exec-5] [c.e.l.m.TaskMapper.selectCount] <==        Row: 2
2025-02-18 15:15:59.178 [DEBUG] [http-nio-1290-exec-5] [c.e.l.m.TaskMapper.selectCount] <==      Total: 1
2025-02-18 15:15:59.181 [DEBUG] [http-nio-1290-exec-5] [c.e.l.m.T.getAllTaskInfo      ] ==>  Preparing: select task_accepted.id,task_accepted.type_arr,sys_user.username as username, sys_user.user_id as userid,task.* from task join task_accepted on task.task_id=task_accepted.task_id join sys_user on task_accepted.username=sys_user.username order by status,task_id DESC
2025-02-18 15:15:59.181 [DEBUG] [http-nio-1290-exec-5] [c.e.l.m.T.getAllTaskInfo      ] ==> Parameters: 
2025-02-18 15:15:59.183 [TRACE] [http-nio-1290-exec-5] [c.e.l.m.T.getAllTaskInfo      ] <==    Columns: id, type_arr, username, userid, task_id, date_range, task_name, task_type, map_server, status, mark_id, audit_feedback
2025-02-18 15:15:59.184 [TRACE] [http-nio-1290-exec-5] [c.e.l.m.T.getAllTaskInfo      ] <==        Row: 271, 3, wh1, 2, 96, 2025-02-14 2025-03-15, test2, 地物分类, airport, 0, 47,49,50,51,52,53,48, null
2025-02-18 15:15:59.185 [TRACE] [http-nio-1290-exec-5] [c.e.l.m.T.getAllTaskInfo      ] <==        Row: 272, 1,3, wh, 1, 96, 2025-02-14 2025-03-15, test2, 地物分类, airport, 0, 47,49,50,51,52,53,48, null
2025-02-18 15:15:59.185 [TRACE] [http-nio-1290-exec-5] [c.e.l.m.T.getAllTaskInfo      ] <==        Row: 267, 3,1, wh, 1, 95, 2024-06-05 2024-06-06, test1, 目标检测, airport, 1, 40,41,43,44, null
2025-02-18 15:15:59.186 [TRACE] [http-nio-1290-exec-5] [c.e.l.m.T.getAllTaskInfo      ] <==        Row: 269, 1, wh1, 2, 95, 2024-06-05 2024-06-06, test1, 目标检测, airport, 1, 40,41,43,44, null
2025-02-18 15:15:59.186 [DEBUG] [http-nio-1290-exec-5] [c.e.l.m.T.getAllTaskInfo      ] <==      Total: 4
2025-02-18 15:15:59.193 [DEBUG] [http-nio-1290-exec-5] [c.e.l.m.T.getTypeNameById     ] ==>  Preparing: SELECT type_name FROM type WHERE type_id = ?
2025-02-18 15:15:59.197 [DEBUG] [http-nio-1290-exec-5] [c.e.l.m.T.getTypeNameById     ] ==> Parameters: 3(Integer)
2025-02-18 15:15:59.201 [TRACE] [http-nio-1290-exec-5] [c.e.l.m.T.getTypeNameById     ] <==    Columns: type_name
2025-02-18 15:15:59.201 [TRACE] [http-nio-1290-exec-5] [c.e.l.m.T.getTypeNameById     ] <==        Row: 飞机
2025-02-18 15:15:59.202 [DEBUG] [http-nio-1290-exec-5] [c.e.l.m.T.getTypeNameById     ] <==      Total: 1
2025-02-18 15:15:59.203 [DEBUG] [http-nio-1290-exec-5] [c.e.l.m.TypeMapper.getTypes   ] ==>  Preparing: SELECT * FROM type WHERE type_id = ? AND type_name like concat('%',?,'%') ORDER BY type_id ASC LIMIT ? OFFSET ?
2025-02-18 15:15:59.203 [DEBUG] [http-nio-1290-exec-5] [c.e.l.m.TypeMapper.getTypes   ] ==> Parameters: 3(Integer), 飞机(String), 5(Integer), 0(Integer)
2025-02-18 15:15:59.206 [TRACE] [http-nio-1290-exec-5] [c.e.l.m.TypeMapper.getTypes   ] <==    Columns: type_id, type_name, type_color
2025-02-18 15:15:59.206 [TRACE] [http-nio-1290-exec-5] [c.e.l.m.TypeMapper.getTypes   ] <==        Row: 3, 飞机, #2b239f
2025-02-18 15:15:59.207 [DEBUG] [http-nio-1290-exec-5] [c.e.l.m.TypeMapper.getTypes   ] <==      Total: 1
2025-02-18 15:15:59.209 [DEBUG] [http-nio-1290-exec-5] [c.e.l.m.T.getTypeNameById     ] ==>  Preparing: SELECT type_name FROM type WHERE type_id = ?
2025-02-18 15:15:59.209 [DEBUG] [http-nio-1290-exec-5] [c.e.l.m.T.getTypeNameById     ] ==> Parameters: 1(Integer)
2025-02-18 15:15:59.210 [TRACE] [http-nio-1290-exec-5] [c.e.l.m.T.getTypeNameById     ] <==    Columns: type_name
2025-02-18 15:15:59.210 [TRACE] [http-nio-1290-exec-5] [c.e.l.m.T.getTypeNameById     ] <==        Row: 建筑
2025-02-18 15:15:59.210 [DEBUG] [http-nio-1290-exec-5] [c.e.l.m.T.getTypeNameById     ] <==      Total: 1
2025-02-18 15:15:59.211 [DEBUG] [http-nio-1290-exec-5] [c.e.l.m.TypeMapper.getTypes   ] ==>  Preparing: SELECT * FROM type WHERE type_id = ? AND type_name like concat('%',?,'%') ORDER BY type_id ASC LIMIT ? OFFSET ?
2025-02-18 15:15:59.211 [DEBUG] [http-nio-1290-exec-5] [c.e.l.m.TypeMapper.getTypes   ] ==> Parameters: 1(Integer), 建筑(String), 5(Integer), 0(Integer)
2025-02-18 15:15:59.213 [TRACE] [http-nio-1290-exec-5] [c.e.l.m.TypeMapper.getTypes   ] <==    Columns: type_id, type_name, type_color
2025-02-18 15:15:59.214 [TRACE] [http-nio-1290-exec-5] [c.e.l.m.TypeMapper.getTypes   ] <==        Row: 1, 建筑, #b90e0e
2025-02-18 15:15:59.214 [DEBUG] [http-nio-1290-exec-5] [c.e.l.m.TypeMapper.getTypes   ] <==      Total: 1
2025-02-18 15:15:59.215 [DEBUG] [http-nio-1290-exec-5] [c.e.l.m.T.getTypeNameById     ] ==>  Preparing: SELECT type_name FROM type WHERE type_id = ?
2025-02-18 15:15:59.216 [DEBUG] [http-nio-1290-exec-5] [c.e.l.m.T.getTypeNameById     ] ==> Parameters: 3(Integer)
2025-02-18 15:15:59.217 [TRACE] [http-nio-1290-exec-5] [c.e.l.m.T.getTypeNameById     ] <==    Columns: type_name
2025-02-18 15:15:59.217 [TRACE] [http-nio-1290-exec-5] [c.e.l.m.T.getTypeNameById     ] <==        Row: 飞机
2025-02-18 15:15:59.217 [DEBUG] [http-nio-1290-exec-5] [c.e.l.m.T.getTypeNameById     ] <==      Total: 1
2025-02-18 15:15:59.217 [DEBUG] [http-nio-1290-exec-5] [c.e.l.m.TypeMapper.getTypes   ] ==>  Preparing: SELECT * FROM type WHERE type_id = ? AND type_name like concat('%',?,'%') ORDER BY type_id ASC LIMIT ? OFFSET ?
2025-02-18 15:15:59.217 [DEBUG] [http-nio-1290-exec-5] [c.e.l.m.TypeMapper.getTypes   ] ==> Parameters: 3(Integer), 飞机(String), 5(Integer), 0(Integer)
2025-02-18 15:15:59.218 [TRACE] [http-nio-1290-exec-5] [c.e.l.m.TypeMapper.getTypes   ] <==    Columns: type_id, type_name, type_color
2025-02-18 15:15:59.218 [TRACE] [http-nio-1290-exec-5] [c.e.l.m.TypeMapper.getTypes   ] <==        Row: 3, 飞机, #2b239f
2025-02-18 15:15:59.218 [DEBUG] [http-nio-1290-exec-5] [c.e.l.m.TypeMapper.getTypes   ] <==      Total: 1
2025-02-18 15:15:59.219 [DEBUG] [http-nio-1290-exec-5] [c.e.l.m.T.getTypeNameById     ] ==>  Preparing: SELECT type_name FROM type WHERE type_id = ?
2025-02-18 15:15:59.219 [DEBUG] [http-nio-1290-exec-5] [c.e.l.m.T.getTypeNameById     ] ==> Parameters: 3(Integer)
2025-02-18 15:15:59.219 [TRACE] [http-nio-1290-exec-5] [c.e.l.m.T.getTypeNameById     ] <==    Columns: type_name
2025-02-18 15:15:59.219 [TRACE] [http-nio-1290-exec-5] [c.e.l.m.T.getTypeNameById     ] <==        Row: 飞机
2025-02-18 15:15:59.219 [DEBUG] [http-nio-1290-exec-5] [c.e.l.m.T.getTypeNameById     ] <==      Total: 1
2025-02-18 15:15:59.220 [DEBUG] [http-nio-1290-exec-5] [c.e.l.m.TypeMapper.getTypes   ] ==>  Preparing: SELECT * FROM type WHERE type_id = ? AND type_name like concat('%',?,'%') ORDER BY type_id ASC LIMIT ? OFFSET ?
2025-02-18 15:15:59.220 [DEBUG] [http-nio-1290-exec-5] [c.e.l.m.TypeMapper.getTypes   ] ==> Parameters: 3(Integer), 飞机(String), 5(Integer), 0(Integer)
2025-02-18 15:15:59.221 [TRACE] [http-nio-1290-exec-5] [c.e.l.m.TypeMapper.getTypes   ] <==    Columns: type_id, type_name, type_color
2025-02-18 15:15:59.221 [TRACE] [http-nio-1290-exec-5] [c.e.l.m.TypeMapper.getTypes   ] <==        Row: 3, 飞机, #2b239f
2025-02-18 15:15:59.222 [DEBUG] [http-nio-1290-exec-5] [c.e.l.m.TypeMapper.getTypes   ] <==      Total: 1
2025-02-18 15:15:59.222 [DEBUG] [http-nio-1290-exec-5] [c.e.l.m.T.getTypeNameById     ] ==>  Preparing: SELECT type_name FROM type WHERE type_id = ?
2025-02-18 15:15:59.222 [DEBUG] [http-nio-1290-exec-5] [c.e.l.m.T.getTypeNameById     ] ==> Parameters: 1(Integer)
2025-02-18 15:15:59.223 [TRACE] [http-nio-1290-exec-5] [c.e.l.m.T.getTypeNameById     ] <==    Columns: type_name
2025-02-18 15:15:59.223 [TRACE] [http-nio-1290-exec-5] [c.e.l.m.T.getTypeNameById     ] <==        Row: 建筑
2025-02-18 15:15:59.223 [DEBUG] [http-nio-1290-exec-5] [c.e.l.m.T.getTypeNameById     ] <==      Total: 1
2025-02-18 15:15:59.223 [DEBUG] [http-nio-1290-exec-5] [c.e.l.m.TypeMapper.getTypes   ] ==>  Preparing: SELECT * FROM type WHERE type_id = ? AND type_name like concat('%',?,'%') ORDER BY type_id ASC LIMIT ? OFFSET ?
2025-02-18 15:15:59.223 [DEBUG] [http-nio-1290-exec-5] [c.e.l.m.TypeMapper.getTypes   ] ==> Parameters: 1(Integer), 建筑(String), 5(Integer), 0(Integer)
2025-02-18 15:15:59.224 [TRACE] [http-nio-1290-exec-5] [c.e.l.m.TypeMapper.getTypes   ] <==    Columns: type_id, type_name, type_color
2025-02-18 15:15:59.224 [TRACE] [http-nio-1290-exec-5] [c.e.l.m.TypeMapper.getTypes   ] <==        Row: 1, 建筑, #b90e0e
2025-02-18 15:15:59.224 [DEBUG] [http-nio-1290-exec-5] [c.e.l.m.TypeMapper.getTypes   ] <==      Total: 1
2025-02-18 15:15:59.224 [DEBUG] [http-nio-1290-exec-5] [c.e.l.m.T.getTypeNameById     ] ==>  Preparing: SELECT type_name FROM type WHERE type_id = ?
2025-02-18 15:15:59.224 [DEBUG] [http-nio-1290-exec-5] [c.e.l.m.T.getTypeNameById     ] ==> Parameters: 1(Integer)
2025-02-18 15:15:59.225 [TRACE] [http-nio-1290-exec-5] [c.e.l.m.T.getTypeNameById     ] <==    Columns: type_name
2025-02-18 15:15:59.225 [TRACE] [http-nio-1290-exec-5] [c.e.l.m.T.getTypeNameById     ] <==        Row: 建筑
2025-02-18 15:15:59.225 [DEBUG] [http-nio-1290-exec-5] [c.e.l.m.T.getTypeNameById     ] <==      Total: 1
2025-02-18 15:15:59.226 [DEBUG] [http-nio-1290-exec-5] [c.e.l.m.TypeMapper.getTypes   ] ==>  Preparing: SELECT * FROM type WHERE type_id = ? AND type_name like concat('%',?,'%') ORDER BY type_id ASC LIMIT ? OFFSET ?
2025-02-18 15:15:59.227 [DEBUG] [http-nio-1290-exec-5] [c.e.l.m.TypeMapper.getTypes   ] ==> Parameters: 1(Integer), 建筑(String), 5(Integer), 0(Integer)
2025-02-18 15:15:59.228 [TRACE] [http-nio-1290-exec-5] [c.e.l.m.TypeMapper.getTypes   ] <==    Columns: type_id, type_name, type_color
2025-02-18 15:15:59.228 [TRACE] [http-nio-1290-exec-5] [c.e.l.m.TypeMapper.getTypes   ] <==        Row: 1, 建筑, #b90e0e
2025-02-18 15:15:59.228 [DEBUG] [http-nio-1290-exec-5] [c.e.l.m.TypeMapper.getTypes   ] <==      Total: 1
2025-02-18 15:15:59.235 [DEBUG] [http-nio-1290-exec-5] [c.e.l.m.MarkMapper.selectList ] ==>  Preparing: SELECT id,task_id,user_id,type_id,geom,status FROM mark WHERE (task_id = ?)
2025-02-18 15:15:59.236 [DEBUG] [http-nio-1290-exec-5] [c.e.l.m.MarkMapper.selectList ] ==> Parameters: null
2025-02-18 15:15:59.237 [DEBUG] [http-nio-1290-exec-5] [c.e.l.m.MarkMapper.selectList ] <==      Total: 0
2025-02-18 15:16:00.983 [DEBUG] [http-nio-1290-exec-6] [c.e.l.m.S.getAllFiles         ] ==>  Preparing: SELECT * FROM file ORDER BY file_id DESC LIMIT ? OFFSET ?
2025-02-18 15:16:00.984 [DEBUG] [http-nio-1290-exec-6] [c.e.l.m.S.getAllFiles         ] ==> Parameters: 8(Integer), 0(Integer)
2025-02-18 15:16:00.986 [TRACE] [http-nio-1290-exec-6] [c.e.l.m.S.getAllFiles         ] <==    Columns: file_id, file_name, update_time, status, size
2025-02-18 15:16:00.987 [TRACE] [http-nio-1290-exec-6] [c.e.l.m.S.getAllFiles         ] <==        Row: 67, 湖北.tif, 2023-4-26 17:45:54, 1, 279 MB
2025-02-18 15:16:00.988 [TRACE] [http-nio-1290-exec-6] [c.e.l.m.S.getAllFiles         ] <==        Row: 65, 小天河机场.tiff, 2023-4-26 17:44:29, 1, 865 MB
2025-02-18 15:16:00.989 [TRACE] [http-nio-1290-exec-6] [c.e.l.m.S.getAllFiles         ] <==        Row: 64, 深圳宝安机场.tif, 2023-4-26 17:42:19, 1, 5.58 GB
2025-02-18 15:16:00.989 [DEBUG] [http-nio-1290-exec-6] [c.e.l.m.S.getAllFiles         ] <==      Total: 3
2025-02-18 15:16:18.777 [DEBUG] [http-nio-1290-exec-9] [c.e.l.m.S.createFile          ] ==>  Preparing: INSERT INTO file(file_name, update_time, status, size) values (?, ?, 0, ?)
2025-02-18 15:16:18.777 [DEBUG] [http-nio-1290-exec-9] [c.e.l.m.S.createFile          ] ==> Parameters: airport.tif(String), 2025-2-18 15:16:17(String), 240 MB(String)
2025-02-18 15:16:18.782 [DEBUG] [http-nio-1290-exec-9] [c.e.l.m.S.createFile          ] <==    Updates: 1
2025-02-18 15:16:18.910 [DEBUG] [http-nio-1290-exec-10] [c.e.l.m.S.getAllFiles         ] ==>  Preparing: SELECT * FROM file ORDER BY file_id DESC LIMIT ? OFFSET ?
2025-02-18 15:16:18.911 [DEBUG] [http-nio-1290-exec-10] [c.e.l.m.S.getAllFiles         ] ==> Parameters: 8(Integer), 0(Integer)
2025-02-18 15:16:18.912 [TRACE] [http-nio-1290-exec-10] [c.e.l.m.S.getAllFiles         ] <==    Columns: file_id, file_name, update_time, status, size
2025-02-18 15:16:18.912 [TRACE] [http-nio-1290-exec-10] [c.e.l.m.S.getAllFiles         ] <==        Row: 106, airport.tif, 2025-2-18 15:16:17, 0, 240 MB
2025-02-18 15:16:18.913 [TRACE] [http-nio-1290-exec-10] [c.e.l.m.S.getAllFiles         ] <==        Row: 67, 湖北.tif, 2023-4-26 17:45:54, 1, 279 MB
2025-02-18 15:16:18.913 [TRACE] [http-nio-1290-exec-10] [c.e.l.m.S.getAllFiles         ] <==        Row: 65, 小天河机场.tiff, 2023-4-26 17:44:29, 1, 865 MB
2025-02-18 15:16:18.913 [TRACE] [http-nio-1290-exec-10] [c.e.l.m.S.getAllFiles         ] <==        Row: 64, 深圳宝安机场.tif, 2023-4-26 17:42:19, 1, 5.58 GB
2025-02-18 15:16:18.915 [DEBUG] [http-nio-1290-exec-10] [c.e.l.m.S.getAllFiles         ] <==      Total: 4
2025-02-18 15:19:46.171 [DEBUG] [http-nio-1290-exec-2] [c.e.l.m.ServerMapper.insert   ] ==>  Preparing: INSERT INTO server ( ser_name, ser_desc, ser_year, publisher, publish_url, publish_time ) VALUES ( ?, ?, ?, ?, ?, ? )
2025-02-18 15:19:46.172 [DEBUG] [http-nio-1290-exec-2] [c.e.l.m.ServerMapper.insert   ] ==> Parameters: airport(String), 机场(String), 2024(String), admin(String), http://localhost:8080/geoserver/rest/workspaces/LUU/coveragestores/airport/coverages(String), 2025-2-18 15:19:45(String)
2025-02-18 15:19:46.187 [DEBUG] [http-nio-1290-exec-2] [c.e.l.m.ServerMapper.insert   ] <==    Updates: 1
2025-02-18 15:19:46.193 [DEBUG] [http-nio-1290-exec-2] [c.e.l.m.SysFileMapper.update  ] ==>  Preparing: UPDATE file SET status=? WHERE (file_name = ?)
2025-02-18 15:19:46.194 [DEBUG] [http-nio-1290-exec-2] [c.e.l.m.SysFileMapper.update  ] ==> Parameters: 1(Integer), airport.tif(String)
2025-02-18 15:19:46.196 [DEBUG] [http-nio-1290-exec-2] [c.e.l.m.SysFileMapper.update  ] <==    Updates: 1
2025-02-18 15:19:46.270 [DEBUG] [http-nio-1290-exec-3] [c.e.l.m.S.getAllFiles         ] ==>  Preparing: SELECT * FROM file ORDER BY file_id DESC LIMIT ? OFFSET ?
2025-02-18 15:19:46.270 [DEBUG] [http-nio-1290-exec-3] [c.e.l.m.S.getAllFiles         ] ==> Parameters: 8(Integer), 0(Integer)
2025-02-18 15:19:46.271 [TRACE] [http-nio-1290-exec-3] [c.e.l.m.S.getAllFiles         ] <==    Columns: file_id, file_name, update_time, status, size
2025-02-18 15:19:46.271 [TRACE] [http-nio-1290-exec-3] [c.e.l.m.S.getAllFiles         ] <==        Row: 106, airport.tif, 2025-2-18 15:16:17, 1, 240 MB
2025-02-18 15:19:46.271 [TRACE] [http-nio-1290-exec-3] [c.e.l.m.S.getAllFiles         ] <==        Row: 67, 湖北.tif, 2023-4-26 17:45:54, 1, 279 MB
2025-02-18 15:19:46.271 [TRACE] [http-nio-1290-exec-3] [c.e.l.m.S.getAllFiles         ] <==        Row: 65, 小天河机场.tiff, 2023-4-26 17:44:29, 1, 865 MB
2025-02-18 15:19:46.271 [TRACE] [http-nio-1290-exec-3] [c.e.l.m.S.getAllFiles         ] <==        Row: 64, 深圳宝安机场.tif, 2023-4-26 17:42:19, 1, 5.58 GB
2025-02-18 15:19:46.271 [DEBUG] [http-nio-1290-exec-3] [c.e.l.m.S.getAllFiles         ] <==      Total: 4
2025-02-18 15:34:23.131 [DEBUG] [http-nio-1290-exec-4] [c.e.l.m.S.selectList          ] ==>  Preparing: SELECT user_id,username,user_password,is_admin,finished_num,unfinished_num FROM sys_user WHERE (username = ?)
2025-02-18 15:34:23.131 [DEBUG] [http-nio-1290-exec-4] [c.e.l.m.S.selectList          ] ==> Parameters: admin(String)
2025-02-18 15:34:23.132 [TRACE] [http-nio-1290-exec-4] [c.e.l.m.S.selectList          ] <==    Columns: user_id, username, user_password, is_admin, finished_num, unfinished_num
2025-02-18 15:34:23.133 [TRACE] [http-nio-1290-exec-4] [c.e.l.m.S.selectList          ] <==        Row: 5, admin, $2a$10$2O5w.UpL8lb0X9o9lQLcDuxivpS5ShcbKzsldLrhm4MpzsBv.2W4W, 1, null, null
2025-02-18 15:34:23.133 [DEBUG] [http-nio-1290-exec-4] [c.e.l.m.S.selectList          ] <==      Total: 1
2025-02-18 15:34:23.564 [DEBUG] [http-nio-1290-exec-5] [c.e.l.m.S.getAllFiles         ] ==>  Preparing: SELECT * FROM file ORDER BY file_id DESC LIMIT ? OFFSET ?
2025-02-18 15:34:23.565 [DEBUG] [http-nio-1290-exec-5] [c.e.l.m.S.getAllFiles         ] ==> Parameters: 8(Integer), 0(Integer)
2025-02-18 15:34:23.565 [TRACE] [http-nio-1290-exec-5] [c.e.l.m.S.getAllFiles         ] <==    Columns: file_id, file_name, update_time, status, size
2025-02-18 15:34:23.565 [TRACE] [http-nio-1290-exec-5] [c.e.l.m.S.getAllFiles         ] <==        Row: 106, airport.tif, 2025-2-18 15:16:17, 0, 240 MB
2025-02-18 15:34:23.566 [TRACE] [http-nio-1290-exec-5] [c.e.l.m.S.getAllFiles         ] <==        Row: 67, 湖北.tif, 2023-4-26 17:45:54, 1, 279 MB
2025-02-18 15:34:23.566 [TRACE] [http-nio-1290-exec-5] [c.e.l.m.S.getAllFiles         ] <==        Row: 65, 小天河机场.tiff, 2023-4-26 17:44:29, 1, 865 MB
2025-02-18 15:34:23.566 [TRACE] [http-nio-1290-exec-5] [c.e.l.m.S.getAllFiles         ] <==        Row: 64, 深圳宝安机场.tif, 2023-4-26 17:42:19, 1, 5.58 GB
2025-02-18 15:34:23.566 [DEBUG] [http-nio-1290-exec-5] [c.e.l.m.S.getAllFiles         ] <==      Total: 4
2025-02-18 15:34:35.052 [DEBUG] [http-nio-1290-exec-7] [c.e.l.m.ServerMapper.insert   ] ==>  Preparing: INSERT INTO server ( ser_name, ser_desc, ser_year, publisher, publish_url, publish_time ) VALUES ( ?, ?, ?, ?, ?, ? )
2025-02-18 15:34:35.054 [DEBUG] [http-nio-1290-exec-7] [c.e.l.m.ServerMapper.insert   ] ==> Parameters: airport(String), 机场(String), 2024(String), admin(String), http://localhost:8080/geoserver/rest/workspaces/LUU/coveragestores/airport/coverages(String), 2025-2-18 15:34:33(String)
2025-02-18 15:34:35.067 [DEBUG] [http-nio-1290-exec-7] [c.e.l.m.ServerMapper.insert   ] <==    Updates: 1
2025-02-18 15:34:35.069 [DEBUG] [http-nio-1290-exec-7] [c.e.l.m.SysFileMapper.update  ] ==>  Preparing: UPDATE file SET status=? WHERE (file_name = ?)
2025-02-18 15:34:35.069 [DEBUG] [http-nio-1290-exec-7] [c.e.l.m.SysFileMapper.update  ] ==> Parameters: 1(Integer), airport.tif(String)
2025-02-18 15:34:35.070 [DEBUG] [http-nio-1290-exec-7] [c.e.l.m.SysFileMapper.update  ] <==    Updates: 1
2025-02-18 15:34:35.313 [DEBUG] [http-nio-1290-exec-8] [c.e.l.m.S.getAllFiles         ] ==>  Preparing: SELECT * FROM file ORDER BY file_id DESC LIMIT ? OFFSET ?
2025-02-18 15:34:35.314 [DEBUG] [http-nio-1290-exec-8] [c.e.l.m.S.getAllFiles         ] ==> Parameters: 8(Integer), 0(Integer)
2025-02-18 15:34:35.314 [TRACE] [http-nio-1290-exec-8] [c.e.l.m.S.getAllFiles         ] <==    Columns: file_id, file_name, update_time, status, size
2025-02-18 15:34:35.314 [TRACE] [http-nio-1290-exec-8] [c.e.l.m.S.getAllFiles         ] <==        Row: 106, airport.tif, 2025-2-18 15:16:17, 1, 240 MB
2025-02-18 15:34:35.315 [TRACE] [http-nio-1290-exec-8] [c.e.l.m.S.getAllFiles         ] <==        Row: 67, 湖北.tif, 2023-4-26 17:45:54, 1, 279 MB
2025-02-18 15:34:35.315 [TRACE] [http-nio-1290-exec-8] [c.e.l.m.S.getAllFiles         ] <==        Row: 65, 小天河机场.tiff, 2023-4-26 17:44:29, 1, 865 MB
2025-02-18 15:34:35.315 [TRACE] [http-nio-1290-exec-8] [c.e.l.m.S.getAllFiles         ] <==        Row: 64, 深圳宝安机场.tif, 2023-4-26 17:42:19, 1, 5.58 GB
2025-02-18 15:34:35.315 [DEBUG] [http-nio-1290-exec-8] [c.e.l.m.S.getAllFiles         ] <==      Total: 4
2025-02-18 15:38:44.962 [DEBUG] [http-nio-1290-exec-9] [c.e.l.m.S.getAllFiles         ] ==>  Preparing: SELECT * FROM file ORDER BY file_id DESC LIMIT ? OFFSET ?
2025-02-18 15:38:44.962 [DEBUG] [http-nio-1290-exec-9] [c.e.l.m.S.getAllFiles         ] ==> Parameters: 8(Integer), 0(Integer)
2025-02-18 15:38:44.962 [TRACE] [http-nio-1290-exec-9] [c.e.l.m.S.getAllFiles         ] <==    Columns: file_id, file_name, update_time, status, size
2025-02-18 15:38:44.962 [TRACE] [http-nio-1290-exec-9] [c.e.l.m.S.getAllFiles         ] <==        Row: 106, airport.tif, 2025-2-18 15:16:17, 1, 240 MB
2025-02-18 15:38:44.963 [TRACE] [http-nio-1290-exec-9] [c.e.l.m.S.getAllFiles         ] <==        Row: 67, 湖北.tif, 2023-4-26 17:45:54, 1, 279 MB
2025-02-18 15:38:44.963 [TRACE] [http-nio-1290-exec-9] [c.e.l.m.S.getAllFiles         ] <==        Row: 65, 小天河机场.tiff, 2023-4-26 17:44:29, 1, 865 MB
2025-02-18 15:38:44.963 [TRACE] [http-nio-1290-exec-9] [c.e.l.m.S.getAllFiles         ] <==        Row: 64, 深圳宝安机场.tif, 2023-4-26 17:42:19, 1, 5.58 GB
2025-02-18 15:38:44.963 [DEBUG] [http-nio-1290-exec-9] [c.e.l.m.S.getAllFiles         ] <==      Total: 4
