2025-02-18 10:42:36.432 [main] INFO  com.example.labelMark.LabelMarkApplication - Starting LabelMarkApplication using Java 18.0.2.1 on LAPTOP-00658OB5 with PID 3164 (F:\PG-project\labelMark\target\classes started by wanghua in F:\PG-project\labelMark)
2025-02-18 10:42:36.439 [main] INFO  com.example.labelMark.LabelMarkApplication - The following 1 profile is active: "dev"
2025-02-18 10:42:39.315 [main] INFO  com.example.labelMark.LabelMarkApplication - Started LabelMarkApplication in 3.145 seconds (JVM running for 3.603)
2025-02-18 10:42:47.346 [http-nio-1290-exec-1] DEBUG c.e.labelMark.mapper.SysUserMapper.selectList - ==>  Preparing: SELECT user_id,username,user_password,is_admin,finished_num,unfinished_num FROM sys_user WHERE (username = ?)
2025-02-18 10:42:47.368 [http-nio-1290-exec-1] DEBUG c.e.labelMark.mapper.SysUserMapper.selectList - ==> Parameters: admin(String)
2025-02-18 10:42:47.384 [http-nio-1290-exec-1] TRACE c.e.labelMark.mapper.SysUserMapper.selectList - <==    Columns: user_id, username, user_password, is_admin, finished_num, unfinished_num
2025-02-18 10:42:47.384 [http-nio-1290-exec-1] TRACE c.e.labelMark.mapper.SysUserMapper.selectList - <==        Row: 5, admin, $2a$10$2O5w.UpL8lb0X9o9lQLcDuxivpS5ShcbKzsldLrhm4MpzsBv.2W4W, 1, null, null
2025-02-18 10:42:47.385 [http-nio-1290-exec-1] DEBUG c.e.labelMark.mapper.SysUserMapper.selectList - <==      Total: 1
2025-02-18 10:42:47.461 [http-nio-1290-exec-1] DEBUG c.e.labelMark.mapper.SysUserMapper.selectList - ==>  Preparing: SELECT user_id,username,user_password,is_admin,finished_num,unfinished_num FROM sys_user WHERE (username = ?)
2025-02-18 10:42:47.461 [http-nio-1290-exec-1] DEBUG c.e.labelMark.mapper.SysUserMapper.selectList - ==> Parameters: admin(String)
2025-02-18 10:42:47.461 [http-nio-1290-exec-1] TRACE c.e.labelMark.mapper.SysUserMapper.selectList - <==    Columns: user_id, username, user_password, is_admin, finished_num, unfinished_num
2025-02-18 10:42:47.461 [http-nio-1290-exec-1] TRACE c.e.labelMark.mapper.SysUserMapper.selectList - <==        Row: 5, admin, $2a$10$2O5w.UpL8lb0X9o9lQLcDuxivpS5ShcbKzsldLrhm4MpzsBv.2W4W, 1, null, null
2025-02-18 10:42:47.462 [http-nio-1290-exec-1] DEBUG c.e.labelMark.mapper.SysUserMapper.selectList - <==      Total: 1
2025-02-18 10:42:48.097 [http-nio-1290-exec-2] DEBUG c.e.labelMark.mapper.SysUserMapper.selectList - ==>  Preparing: SELECT user_id,username,user_password,is_admin,finished_num,unfinished_num FROM sys_user WHERE (username = ?)
2025-02-18 10:42:48.098 [http-nio-1290-exec-2] DEBUG c.e.labelMark.mapper.SysUserMapper.selectList - ==> Parameters: admin(String)
2025-02-18 10:42:48.098 [http-nio-1290-exec-2] TRACE c.e.labelMark.mapper.SysUserMapper.selectList - <==    Columns: user_id, username, user_password, is_admin, finished_num, unfinished_num
2025-02-18 10:42:48.099 [http-nio-1290-exec-2] TRACE c.e.labelMark.mapper.SysUserMapper.selectList - <==        Row: 5, admin, $2a$10$2O5w.UpL8lb0X9o9lQLcDuxivpS5ShcbKzsldLrhm4MpzsBv.2W4W, 1, null, null
2025-02-18 10:42:48.099 [http-nio-1290-exec-2] DEBUG c.e.labelMark.mapper.SysUserMapper.selectList - <==      Total: 1
2025-02-18 10:42:48.631 [http-nio-1290-exec-7] DEBUG c.example.labelMark.mapper.TaskMapper.selectCount - ==>  Preparing: SELECT COUNT( * ) FROM task
2025-02-18 10:42:48.631 [http-nio-1290-exec-7] DEBUG c.example.labelMark.mapper.TaskMapper.selectCount - ==> Parameters: 
2025-02-18 10:42:48.633 [http-nio-1290-exec-7] TRACE c.example.labelMark.mapper.TaskMapper.selectCount - <==    Columns: count
2025-02-18 10:42:48.633 [http-nio-1290-exec-7] TRACE c.example.labelMark.mapper.TaskMapper.selectCount - <==        Row: 3
2025-02-18 10:42:48.634 [http-nio-1290-exec-7] DEBUG c.example.labelMark.mapper.TaskMapper.selectCount - <==      Total: 1
2025-02-18 10:42:48.635 [http-nio-1290-exec-7] DEBUG c.e.labelMark.mapper.TaskMapper.getAllTaskInfo - ==>  Preparing: select task_accepted.id,task_accepted.type_arr,sys_user.username as username, sys_user.user_id as userid,task.* from task join task_accepted on task.task_id=task_accepted.task_id join sys_user on task_accepted.username=sys_user.username order by status,task_id DESC
2025-02-18 10:42:48.636 [http-nio-1290-exec-7] DEBUG c.e.labelMark.mapper.TaskMapper.getAllTaskInfo - ==> Parameters: 
2025-02-18 10:42:48.637 [http-nio-1290-exec-7] TRACE c.e.labelMark.mapper.TaskMapper.getAllTaskInfo - <==    Columns: id, type_arr, username, userid, task_id, date_range, task_name, task_type, map_server, status, mark_id, audit_feedback
2025-02-18 10:42:48.638 [http-nio-1290-exec-7] TRACE c.e.labelMark.mapper.TaskMapper.getAllTaskInfo - <==        Row: 271, 3, wh1, 2, 96, 2025-02-14 2025-03-15, test2, 地物分类, airport, 0, 47,49,50,51,52,53,48, null
2025-02-18 10:42:48.639 [http-nio-1290-exec-7] TRACE c.e.labelMark.mapper.TaskMapper.getAllTaskInfo - <==        Row: 272, 1,3, wh, 1, 96, 2025-02-14 2025-03-15, test2, 地物分类, airport, 0, 47,49,50,51,52,53,48, null
2025-02-18 10:42:48.639 [http-nio-1290-exec-7] TRACE c.e.labelMark.mapper.TaskMapper.getAllTaskInfo - <==        Row: 267, 3,1, wh, 1, 95, 2024-06-05 2024-06-06, test1, 目标检测, airport, 1, 40,41,43,44, null
2025-02-18 10:42:48.639 [http-nio-1290-exec-7] TRACE c.e.labelMark.mapper.TaskMapper.getAllTaskInfo - <==        Row: 269, 1, wh1, 2, 95, 2024-06-05 2024-06-06, test1, 目标检测, airport, 1, 40,41,43,44, null
2025-02-18 10:42:48.639 [http-nio-1290-exec-7] TRACE c.e.labelMark.mapper.TaskMapper.getAllTaskInfo - <==        Row: 273, 1, wh1, 2, 97, 2025-02-18 2025-03-19, test3, 目标检测, airport, 3, null, null
2025-02-18 10:42:48.640 [http-nio-1290-exec-7] TRACE c.e.labelMark.mapper.TaskMapper.getAllTaskInfo - <==        Row: 274, 3, wh3, 4, 97, 2025-02-18 2025-03-19, test3, 目标检测, airport, 3, null, null
2025-02-18 10:42:48.640 [http-nio-1290-exec-7] DEBUG c.e.labelMark.mapper.TaskMapper.getAllTaskInfo - <==      Total: 6
2025-02-18 10:42:48.645 [http-nio-1290-exec-7] DEBUG c.e.labelMark.mapper.TypeMapper.getTypeNameById - ==>  Preparing: SELECT type_name FROM type WHERE type_id = ?
2025-02-18 10:42:48.647 [http-nio-1290-exec-7] DEBUG c.e.labelMark.mapper.TypeMapper.getTypeNameById - ==> Parameters: 3(Integer)
2025-02-18 10:42:48.649 [http-nio-1290-exec-7] TRACE c.e.labelMark.mapper.TypeMapper.getTypeNameById - <==    Columns: type_name
2025-02-18 10:42:48.649 [http-nio-1290-exec-7] TRACE c.e.labelMark.mapper.TypeMapper.getTypeNameById - <==        Row: 飞机
2025-02-18 10:42:48.650 [http-nio-1290-exec-7] DEBUG c.e.labelMark.mapper.TypeMapper.getTypeNameById - <==      Total: 1
2025-02-18 10:42:48.650 [http-nio-1290-exec-7] DEBUG com.example.labelMark.mapper.TypeMapper.getTypes - ==>  Preparing: SELECT * FROM type WHERE type_id = ? AND type_name like concat('%',?,'%') ORDER BY type_id ASC LIMIT ? OFFSET ?
2025-02-18 10:42:48.651 [http-nio-1290-exec-7] DEBUG com.example.labelMark.mapper.TypeMapper.getTypes - ==> Parameters: 3(Integer), 飞机(String), 5(Integer), 0(Integer)
2025-02-18 10:42:48.651 [http-nio-1290-exec-7] TRACE com.example.labelMark.mapper.TypeMapper.getTypes - <==    Columns: type_id, type_name, type_color
2025-02-18 10:42:48.652 [http-nio-1290-exec-7] TRACE com.example.labelMark.mapper.TypeMapper.getTypes - <==        Row: 3, 飞机, #2b239f
2025-02-18 10:42:48.652 [http-nio-1290-exec-7] DEBUG com.example.labelMark.mapper.TypeMapper.getTypes - <==      Total: 1
2025-02-18 10:42:48.652 [http-nio-1290-exec-7] DEBUG c.e.labelMark.mapper.TypeMapper.getTypeNameById - ==>  Preparing: SELECT type_name FROM type WHERE type_id = ?
2025-02-18 10:42:48.652 [http-nio-1290-exec-7] DEBUG c.e.labelMark.mapper.TypeMapper.getTypeNameById - ==> Parameters: 1(Integer)
2025-02-18 10:42:48.653 [http-nio-1290-exec-7] TRACE c.e.labelMark.mapper.TypeMapper.getTypeNameById - <==    Columns: type_name
2025-02-18 10:42:48.653 [http-nio-1290-exec-7] TRACE c.e.labelMark.mapper.TypeMapper.getTypeNameById - <==        Row: 建筑
2025-02-18 10:42:48.654 [http-nio-1290-exec-7] DEBUG c.e.labelMark.mapper.TypeMapper.getTypeNameById - <==      Total: 1
2025-02-18 10:42:48.655 [http-nio-1290-exec-7] DEBUG com.example.labelMark.mapper.TypeMapper.getTypes - ==>  Preparing: SELECT * FROM type WHERE type_id = ? AND type_name like concat('%',?,'%') ORDER BY type_id ASC LIMIT ? OFFSET ?
2025-02-18 10:42:48.655 [http-nio-1290-exec-7] DEBUG com.example.labelMark.mapper.TypeMapper.getTypes - ==> Parameters: 1(Integer), 建筑(String), 5(Integer), 0(Integer)
2025-02-18 10:42:48.656 [http-nio-1290-exec-7] TRACE com.example.labelMark.mapper.TypeMapper.getTypes - <==    Columns: type_id, type_name, type_color
2025-02-18 10:42:48.657 [http-nio-1290-exec-7] TRACE com.example.labelMark.mapper.TypeMapper.getTypes - <==        Row: 1, 建筑, #b90e0e
2025-02-18 10:42:48.657 [http-nio-1290-exec-7] DEBUG com.example.labelMark.mapper.TypeMapper.getTypes - <==      Total: 1
2025-02-18 10:42:48.658 [http-nio-1290-exec-7] DEBUG c.e.labelMark.mapper.TypeMapper.getTypeNameById - ==>  Preparing: SELECT type_name FROM type WHERE type_id = ?
2025-02-18 10:42:48.658 [http-nio-1290-exec-7] DEBUG c.e.labelMark.mapper.TypeMapper.getTypeNameById - ==> Parameters: 3(Integer)
2025-02-18 10:42:48.659 [http-nio-1290-exec-7] TRACE c.e.labelMark.mapper.TypeMapper.getTypeNameById - <==    Columns: type_name
2025-02-18 10:42:48.659 [http-nio-1290-exec-7] TRACE c.e.labelMark.mapper.TypeMapper.getTypeNameById - <==        Row: 飞机
2025-02-18 10:42:48.659 [http-nio-1290-exec-7] DEBUG c.e.labelMark.mapper.TypeMapper.getTypeNameById - <==      Total: 1
2025-02-18 10:42:48.660 [http-nio-1290-exec-7] DEBUG com.example.labelMark.mapper.TypeMapper.getTypes - ==>  Preparing: SELECT * FROM type WHERE type_id = ? AND type_name like concat('%',?,'%') ORDER BY type_id ASC LIMIT ? OFFSET ?
2025-02-18 10:42:48.660 [http-nio-1290-exec-7] DEBUG com.example.labelMark.mapper.TypeMapper.getTypes - ==> Parameters: 3(Integer), 飞机(String), 5(Integer), 0(Integer)
2025-02-18 10:42:48.661 [http-nio-1290-exec-7] TRACE com.example.labelMark.mapper.TypeMapper.getTypes - <==    Columns: type_id, type_name, type_color
2025-02-18 10:42:48.661 [http-nio-1290-exec-7] TRACE com.example.labelMark.mapper.TypeMapper.getTypes - <==        Row: 3, 飞机, #2b239f
2025-02-18 10:42:48.662 [http-nio-1290-exec-7] DEBUG com.example.labelMark.mapper.TypeMapper.getTypes - <==      Total: 1
2025-02-18 10:42:48.662 [http-nio-1290-exec-7] DEBUG c.e.labelMark.mapper.TypeMapper.getTypeNameById - ==>  Preparing: SELECT type_name FROM type WHERE type_id = ?
2025-02-18 10:42:48.662 [http-nio-1290-exec-7] DEBUG c.e.labelMark.mapper.TypeMapper.getTypeNameById - ==> Parameters: 3(Integer)
2025-02-18 10:42:48.663 [http-nio-1290-exec-7] TRACE c.e.labelMark.mapper.TypeMapper.getTypeNameById - <==    Columns: type_name
2025-02-18 10:42:48.663 [http-nio-1290-exec-7] TRACE c.e.labelMark.mapper.TypeMapper.getTypeNameById - <==        Row: 飞机
2025-02-18 10:42:48.663 [http-nio-1290-exec-7] DEBUG c.e.labelMark.mapper.TypeMapper.getTypeNameById - <==      Total: 1
2025-02-18 10:42:48.664 [http-nio-1290-exec-7] DEBUG com.example.labelMark.mapper.TypeMapper.getTypes - ==>  Preparing: SELECT * FROM type WHERE type_id = ? AND type_name like concat('%',?,'%') ORDER BY type_id ASC LIMIT ? OFFSET ?
2025-02-18 10:42:48.664 [http-nio-1290-exec-7] DEBUG com.example.labelMark.mapper.TypeMapper.getTypes - ==> Parameters: 3(Integer), 飞机(String), 5(Integer), 0(Integer)
2025-02-18 10:42:48.664 [http-nio-1290-exec-7] TRACE com.example.labelMark.mapper.TypeMapper.getTypes - <==    Columns: type_id, type_name, type_color
2025-02-18 10:42:48.664 [http-nio-1290-exec-7] TRACE com.example.labelMark.mapper.TypeMapper.getTypes - <==        Row: 3, 飞机, #2b239f
2025-02-18 10:42:48.665 [http-nio-1290-exec-7] DEBUG com.example.labelMark.mapper.TypeMapper.getTypes - <==      Total: 1
2025-02-18 10:42:48.665 [http-nio-1290-exec-7] DEBUG c.e.labelMark.mapper.TypeMapper.getTypeNameById - ==>  Preparing: SELECT type_name FROM type WHERE type_id = ?
2025-02-18 10:42:48.665 [http-nio-1290-exec-7] DEBUG c.e.labelMark.mapper.TypeMapper.getTypeNameById - ==> Parameters: 1(Integer)
2025-02-18 10:42:48.666 [http-nio-1290-exec-7] TRACE c.e.labelMark.mapper.TypeMapper.getTypeNameById - <==    Columns: type_name
2025-02-18 10:42:48.666 [http-nio-1290-exec-7] TRACE c.e.labelMark.mapper.TypeMapper.getTypeNameById - <==        Row: 建筑
2025-02-18 10:42:48.666 [http-nio-1290-exec-7] DEBUG c.e.labelMark.mapper.TypeMapper.getTypeNameById - <==      Total: 1
2025-02-18 10:42:48.666 [http-nio-1290-exec-7] DEBUG com.example.labelMark.mapper.TypeMapper.getTypes - ==>  Preparing: SELECT * FROM type WHERE type_id = ? AND type_name like concat('%',?,'%') ORDER BY type_id ASC LIMIT ? OFFSET ?
2025-02-18 10:42:48.666 [http-nio-1290-exec-7] DEBUG com.example.labelMark.mapper.TypeMapper.getTypes - ==> Parameters: 1(Integer), 建筑(String), 5(Integer), 0(Integer)
2025-02-18 10:42:48.667 [http-nio-1290-exec-7] TRACE com.example.labelMark.mapper.TypeMapper.getTypes - <==    Columns: type_id, type_name, type_color
2025-02-18 10:42:48.667 [http-nio-1290-exec-7] TRACE com.example.labelMark.mapper.TypeMapper.getTypes - <==        Row: 1, 建筑, #b90e0e
2025-02-18 10:42:48.667 [http-nio-1290-exec-7] DEBUG com.example.labelMark.mapper.TypeMapper.getTypes - <==      Total: 1
2025-02-18 10:42:48.668 [http-nio-1290-exec-7] DEBUG c.e.labelMark.mapper.TypeMapper.getTypeNameById - ==>  Preparing: SELECT type_name FROM type WHERE type_id = ?
2025-02-18 10:42:48.668 [http-nio-1290-exec-7] DEBUG c.e.labelMark.mapper.TypeMapper.getTypeNameById - ==> Parameters: 1(Integer)
2025-02-18 10:42:48.668 [http-nio-1290-exec-7] TRACE c.e.labelMark.mapper.TypeMapper.getTypeNameById - <==    Columns: type_name
2025-02-18 10:42:48.668 [http-nio-1290-exec-7] TRACE c.e.labelMark.mapper.TypeMapper.getTypeNameById - <==        Row: 建筑
2025-02-18 10:42:48.669 [http-nio-1290-exec-7] DEBUG c.e.labelMark.mapper.TypeMapper.getTypeNameById - <==      Total: 1
2025-02-18 10:42:48.669 [http-nio-1290-exec-7] DEBUG com.example.labelMark.mapper.TypeMapper.getTypes - ==>  Preparing: SELECT * FROM type WHERE type_id = ? AND type_name like concat('%',?,'%') ORDER BY type_id ASC LIMIT ? OFFSET ?
2025-02-18 10:42:48.669 [http-nio-1290-exec-7] DEBUG com.example.labelMark.mapper.TypeMapper.getTypes - ==> Parameters: 1(Integer), 建筑(String), 5(Integer), 0(Integer)
2025-02-18 10:42:48.669 [http-nio-1290-exec-7] TRACE com.example.labelMark.mapper.TypeMapper.getTypes - <==    Columns: type_id, type_name, type_color
2025-02-18 10:42:48.670 [http-nio-1290-exec-7] TRACE com.example.labelMark.mapper.TypeMapper.getTypes - <==        Row: 1, 建筑, #b90e0e
2025-02-18 10:42:48.670 [http-nio-1290-exec-7] DEBUG com.example.labelMark.mapper.TypeMapper.getTypes - <==      Total: 1
2025-02-18 10:42:48.670 [http-nio-1290-exec-7] DEBUG c.e.labelMark.mapper.TypeMapper.getTypeNameById - ==>  Preparing: SELECT type_name FROM type WHERE type_id = ?
2025-02-18 10:42:48.670 [http-nio-1290-exec-7] DEBUG c.e.labelMark.mapper.TypeMapper.getTypeNameById - ==> Parameters: 1(Integer)
2025-02-18 10:42:48.670 [http-nio-1290-exec-7] TRACE c.e.labelMark.mapper.TypeMapper.getTypeNameById - <==    Columns: type_name
2025-02-18 10:42:48.670 [http-nio-1290-exec-7] TRACE c.e.labelMark.mapper.TypeMapper.getTypeNameById - <==        Row: 建筑
2025-02-18 10:42:48.670 [http-nio-1290-exec-7] DEBUG c.e.labelMark.mapper.TypeMapper.getTypeNameById - <==      Total: 1
2025-02-18 10:42:48.671 [http-nio-1290-exec-7] DEBUG com.example.labelMark.mapper.TypeMapper.getTypes - ==>  Preparing: SELECT * FROM type WHERE type_id = ? AND type_name like concat('%',?,'%') ORDER BY type_id ASC LIMIT ? OFFSET ?
2025-02-18 10:42:48.671 [http-nio-1290-exec-7] DEBUG com.example.labelMark.mapper.TypeMapper.getTypes - ==> Parameters: 1(Integer), 建筑(String), 5(Integer), 0(Integer)
2025-02-18 10:42:48.671 [http-nio-1290-exec-7] TRACE com.example.labelMark.mapper.TypeMapper.getTypes - <==    Columns: type_id, type_name, type_color
2025-02-18 10:42:48.671 [http-nio-1290-exec-7] TRACE com.example.labelMark.mapper.TypeMapper.getTypes - <==        Row: 1, 建筑, #b90e0e
2025-02-18 10:42:48.671 [http-nio-1290-exec-7] DEBUG com.example.labelMark.mapper.TypeMapper.getTypes - <==      Total: 1
2025-02-18 10:42:48.672 [http-nio-1290-exec-7] DEBUG c.e.labelMark.mapper.TypeMapper.getTypeNameById - ==>  Preparing: SELECT type_name FROM type WHERE type_id = ?
2025-02-18 10:42:48.672 [http-nio-1290-exec-7] DEBUG c.e.labelMark.mapper.TypeMapper.getTypeNameById - ==> Parameters: 3(Integer)
2025-02-18 10:42:48.672 [http-nio-1290-exec-7] TRACE c.e.labelMark.mapper.TypeMapper.getTypeNameById - <==    Columns: type_name
2025-02-18 10:42:48.672 [http-nio-1290-exec-7] TRACE c.e.labelMark.mapper.TypeMapper.getTypeNameById - <==        Row: 飞机
2025-02-18 10:42:48.672 [http-nio-1290-exec-7] DEBUG c.e.labelMark.mapper.TypeMapper.getTypeNameById - <==      Total: 1
2025-02-18 10:42:48.672 [http-nio-1290-exec-7] DEBUG com.example.labelMark.mapper.TypeMapper.getTypes - ==>  Preparing: SELECT * FROM type WHERE type_id = ? AND type_name like concat('%',?,'%') ORDER BY type_id ASC LIMIT ? OFFSET ?
2025-02-18 10:42:48.672 [http-nio-1290-exec-7] DEBUG com.example.labelMark.mapper.TypeMapper.getTypes - ==> Parameters: 3(Integer), 飞机(String), 5(Integer), 0(Integer)
2025-02-18 10:42:48.673 [http-nio-1290-exec-7] TRACE com.example.labelMark.mapper.TypeMapper.getTypes - <==    Columns: type_id, type_name, type_color
2025-02-18 10:42:48.673 [http-nio-1290-exec-7] TRACE com.example.labelMark.mapper.TypeMapper.getTypes - <==        Row: 3, 飞机, #2b239f
2025-02-18 10:42:48.673 [http-nio-1290-exec-7] DEBUG com.example.labelMark.mapper.TypeMapper.getTypes - <==      Total: 1
2025-02-18 10:42:48.688 [http-nio-1290-exec-7] DEBUG com.example.labelMark.mapper.MarkMapper.selectList - ==>  Preparing: SELECT id,task_id,user_id,type_id,geom,status FROM mark WHERE (task_id = ?)
2025-02-18 10:42:48.688 [http-nio-1290-exec-7] DEBUG com.example.labelMark.mapper.MarkMapper.selectList - ==> Parameters: null
2025-02-18 10:42:48.689 [http-nio-1290-exec-7] DEBUG com.example.labelMark.mapper.MarkMapper.selectList - <==      Total: 0
2025-02-18 10:43:03.328 [http-nio-1290-exec-4] DEBUG c.example.labelMark.mapper.TaskMapper.selectCount - ==>  Preparing: SELECT COUNT( * ) FROM task
2025-02-18 10:43:03.329 [http-nio-1290-exec-4] DEBUG c.example.labelMark.mapper.TaskMapper.selectCount - ==> Parameters: 
2025-02-18 10:43:03.329 [http-nio-1290-exec-4] TRACE c.example.labelMark.mapper.TaskMapper.selectCount - <==    Columns: count
2025-02-18 10:43:03.329 [http-nio-1290-exec-4] TRACE c.example.labelMark.mapper.TaskMapper.selectCount - <==        Row: 3
2025-02-18 10:43:03.329 [http-nio-1290-exec-4] DEBUG c.example.labelMark.mapper.TaskMapper.selectCount - <==      Total: 1
2025-02-18 10:43:03.330 [http-nio-1290-exec-4] DEBUG c.example.labelMark.mapper.TaskMapper.getTaskInfo - ==>  Preparing: SELECT task_accepted.id, task_accepted.type_arr, sys_user.username AS username, sys_user.user_id AS userid, task.task_id, task.task_name, task.task_type, task.map_server, task.date_range, task.status, task.audit_feedback FROM task JOIN task_accepted ON task.task_id = task_accepted.task_id JOIN sys_user ON task_accepted.username = sys_user.username ORDER BY task.status, task.task_id DESC
2025-02-18 10:43:03.330 [http-nio-1290-exec-4] DEBUG c.example.labelMark.mapper.TaskMapper.getTaskInfo - ==> Parameters: 
2025-02-18 10:43:03.331 [http-nio-1290-exec-4] TRACE c.example.labelMark.mapper.TaskMapper.getTaskInfo - <==    Columns: id, type_arr, username, userid, task_id, task_name, task_type, map_server, date_range, status, audit_feedback
2025-02-18 10:43:03.331 [http-nio-1290-exec-4] TRACE c.example.labelMark.mapper.TaskMapper.getTaskInfo - <==        Row: 271, 3, wh1, 2, 96, test2, 地物分类, airport, 2025-02-14 2025-03-15, 0, null
2025-02-18 10:43:03.331 [http-nio-1290-exec-4] TRACE c.example.labelMark.mapper.TaskMapper.getTaskInfo - <==        Row: 272, 1,3, wh, 1, 96, test2, 地物分类, airport, 2025-02-14 2025-03-15, 0, null
2025-02-18 10:43:03.332 [http-nio-1290-exec-4] TRACE c.example.labelMark.mapper.TaskMapper.getTaskInfo - <==        Row: 267, 3,1, wh, 1, 95, test1, 目标检测, airport, 2024-06-05 2024-06-06, 1, null
2025-02-18 10:43:03.332 [http-nio-1290-exec-4] TRACE c.example.labelMark.mapper.TaskMapper.getTaskInfo - <==        Row: 269, 1, wh1, 2, 95, test1, 目标检测, airport, 2024-06-05 2024-06-06, 1, null
2025-02-18 10:43:03.332 [http-nio-1290-exec-4] TRACE c.example.labelMark.mapper.TaskMapper.getTaskInfo - <==        Row: 273, 1, wh1, 2, 97, test3, 目标检测, airport, 2025-02-18 2025-03-19, 3, null
2025-02-18 10:43:03.332 [http-nio-1290-exec-4] TRACE c.example.labelMark.mapper.TaskMapper.getTaskInfo - <==        Row: 274, 3, wh3, 4, 97, test3, 目标检测, airport, 2025-02-18 2025-03-19, 3, null
2025-02-18 10:43:03.332 [http-nio-1290-exec-4] DEBUG c.example.labelMark.mapper.TaskMapper.getTaskInfo - <==      Total: 6
2025-02-18 10:43:03.332 [http-nio-1290-exec-4] DEBUG c.e.labelMark.mapper.TypeMapper.getTypeNameById - ==>  Preparing: SELECT type_name FROM type WHERE type_id = ?
2025-02-18 10:43:03.334 [http-nio-1290-exec-4] DEBUG c.e.labelMark.mapper.TypeMapper.getTypeNameById - ==> Parameters: 3(Integer)
2025-02-18 10:43:03.334 [http-nio-1290-exec-4] TRACE c.e.labelMark.mapper.TypeMapper.getTypeNameById - <==    Columns: type_name
2025-02-18 10:43:03.334 [http-nio-1290-exec-4] TRACE c.e.labelMark.mapper.TypeMapper.getTypeNameById - <==        Row: 飞机
2025-02-18 10:43:03.334 [http-nio-1290-exec-4] DEBUG c.e.labelMark.mapper.TypeMapper.getTypeNameById - <==      Total: 1
2025-02-18 10:43:03.335 [http-nio-1290-exec-4] DEBUG com.example.labelMark.mapper.TypeMapper.getTypes - ==>  Preparing: SELECT * FROM type WHERE type_id = ? AND type_name like concat('%',?,'%') ORDER BY type_id ASC LIMIT ? OFFSET ?
2025-02-18 10:43:03.335 [http-nio-1290-exec-4] DEBUG com.example.labelMark.mapper.TypeMapper.getTypes - ==> Parameters: 3(Integer), 飞机(String), 5(Integer), 0(Integer)
2025-02-18 10:43:03.336 [http-nio-1290-exec-4] TRACE com.example.labelMark.mapper.TypeMapper.getTypes - <==    Columns: type_id, type_name, type_color
2025-02-18 10:43:03.336 [http-nio-1290-exec-4] TRACE com.example.labelMark.mapper.TypeMapper.getTypes - <==        Row: 3, 飞机, #2b239f
2025-02-18 10:43:03.336 [http-nio-1290-exec-4] DEBUG com.example.labelMark.mapper.TypeMapper.getTypes - <==      Total: 1
2025-02-18 10:43:03.336 [http-nio-1290-exec-4] DEBUG c.e.labelMark.mapper.TypeMapper.getTypeNameById - ==>  Preparing: SELECT type_name FROM type WHERE type_id = ?
2025-02-18 10:43:03.336 [http-nio-1290-exec-4] DEBUG c.e.labelMark.mapper.TypeMapper.getTypeNameById - ==> Parameters: 1(Integer)
2025-02-18 10:43:03.337 [http-nio-1290-exec-4] TRACE c.e.labelMark.mapper.TypeMapper.getTypeNameById - <==    Columns: type_name
2025-02-18 10:43:03.337 [http-nio-1290-exec-4] TRACE c.e.labelMark.mapper.TypeMapper.getTypeNameById - <==        Row: 建筑
2025-02-18 10:43:03.337 [http-nio-1290-exec-4] DEBUG c.e.labelMark.mapper.TypeMapper.getTypeNameById - <==      Total: 1
2025-02-18 10:43:03.337 [http-nio-1290-exec-4] DEBUG com.example.labelMark.mapper.TypeMapper.getTypes - ==>  Preparing: SELECT * FROM type WHERE type_id = ? AND type_name like concat('%',?,'%') ORDER BY type_id ASC LIMIT ? OFFSET ?
2025-02-18 10:43:03.337 [http-nio-1290-exec-4] DEBUG com.example.labelMark.mapper.TypeMapper.getTypes - ==> Parameters: 1(Integer), 建筑(String), 5(Integer), 0(Integer)
2025-02-18 10:43:03.338 [http-nio-1290-exec-4] TRACE com.example.labelMark.mapper.TypeMapper.getTypes - <==    Columns: type_id, type_name, type_color
2025-02-18 10:43:03.338 [http-nio-1290-exec-4] TRACE com.example.labelMark.mapper.TypeMapper.getTypes - <==        Row: 1, 建筑, #b90e0e
2025-02-18 10:43:03.338 [http-nio-1290-exec-4] DEBUG com.example.labelMark.mapper.TypeMapper.getTypes - <==      Total: 1
2025-02-18 10:43:03.338 [http-nio-1290-exec-4] DEBUG c.e.labelMark.mapper.TypeMapper.getTypeNameById - ==>  Preparing: SELECT type_name FROM type WHERE type_id = ?
2025-02-18 10:43:03.338 [http-nio-1290-exec-4] DEBUG c.e.labelMark.mapper.TypeMapper.getTypeNameById - ==> Parameters: 3(Integer)
2025-02-18 10:43:03.338 [http-nio-1290-exec-4] TRACE c.e.labelMark.mapper.TypeMapper.getTypeNameById - <==    Columns: type_name
2025-02-18 10:43:03.338 [http-nio-1290-exec-4] TRACE c.e.labelMark.mapper.TypeMapper.getTypeNameById - <==        Row: 飞机
2025-02-18 10:43:03.338 [http-nio-1290-exec-4] DEBUG c.e.labelMark.mapper.TypeMapper.getTypeNameById - <==      Total: 1
2025-02-18 10:43:03.339 [http-nio-1290-exec-4] DEBUG com.example.labelMark.mapper.TypeMapper.getTypes - ==>  Preparing: SELECT * FROM type WHERE type_id = ? AND type_name like concat('%',?,'%') ORDER BY type_id ASC LIMIT ? OFFSET ?
2025-02-18 10:43:03.339 [http-nio-1290-exec-4] DEBUG com.example.labelMark.mapper.TypeMapper.getTypes - ==> Parameters: 3(Integer), 飞机(String), 5(Integer), 0(Integer)
2025-02-18 10:43:03.339 [http-nio-1290-exec-4] TRACE com.example.labelMark.mapper.TypeMapper.getTypes - <==    Columns: type_id, type_name, type_color
2025-02-18 10:43:03.339 [http-nio-1290-exec-4] TRACE com.example.labelMark.mapper.TypeMapper.getTypes - <==        Row: 3, 飞机, #2b239f
2025-02-18 10:43:03.340 [http-nio-1290-exec-4] DEBUG com.example.labelMark.mapper.TypeMapper.getTypes - <==      Total: 1
2025-02-18 10:43:03.340 [http-nio-1290-exec-4] DEBUG c.e.labelMark.mapper.TypeMapper.getTypeNameById - ==>  Preparing: SELECT type_name FROM type WHERE type_id = ?
2025-02-18 10:43:03.340 [http-nio-1290-exec-4] DEBUG c.e.labelMark.mapper.TypeMapper.getTypeNameById - ==> Parameters: 3(Integer)
2025-02-18 10:43:03.340 [http-nio-1290-exec-4] TRACE c.e.labelMark.mapper.TypeMapper.getTypeNameById - <==    Columns: type_name
2025-02-18 10:43:03.340 [http-nio-1290-exec-4] TRACE c.e.labelMark.mapper.TypeMapper.getTypeNameById - <==        Row: 飞机
2025-02-18 10:43:03.340 [http-nio-1290-exec-4] DEBUG c.e.labelMark.mapper.TypeMapper.getTypeNameById - <==      Total: 1
2025-02-18 10:43:03.340 [http-nio-1290-exec-4] DEBUG com.example.labelMark.mapper.TypeMapper.getTypes - ==>  Preparing: SELECT * FROM type WHERE type_id = ? AND type_name like concat('%',?,'%') ORDER BY type_id ASC LIMIT ? OFFSET ?
2025-02-18 10:43:03.340 [http-nio-1290-exec-4] DEBUG com.example.labelMark.mapper.TypeMapper.getTypes - ==> Parameters: 3(Integer), 飞机(String), 5(Integer), 0(Integer)
2025-02-18 10:43:03.341 [http-nio-1290-exec-4] TRACE com.example.labelMark.mapper.TypeMapper.getTypes - <==    Columns: type_id, type_name, type_color
2025-02-18 10:43:03.341 [http-nio-1290-exec-4] TRACE com.example.labelMark.mapper.TypeMapper.getTypes - <==        Row: 3, 飞机, #2b239f
2025-02-18 10:43:03.341 [http-nio-1290-exec-4] DEBUG com.example.labelMark.mapper.TypeMapper.getTypes - <==      Total: 1
2025-02-18 10:43:03.341 [http-nio-1290-exec-4] DEBUG c.e.labelMark.mapper.TypeMapper.getTypeNameById - ==>  Preparing: SELECT type_name FROM type WHERE type_id = ?
2025-02-18 10:43:03.341 [http-nio-1290-exec-4] DEBUG c.e.labelMark.mapper.TypeMapper.getTypeNameById - ==> Parameters: 1(Integer)
2025-02-18 10:43:03.341 [http-nio-1290-exec-4] TRACE c.e.labelMark.mapper.TypeMapper.getTypeNameById - <==    Columns: type_name
2025-02-18 10:43:03.341 [http-nio-1290-exec-4] TRACE c.e.labelMark.mapper.TypeMapper.getTypeNameById - <==        Row: 建筑
2025-02-18 10:43:03.341 [http-nio-1290-exec-4] DEBUG c.e.labelMark.mapper.TypeMapper.getTypeNameById - <==      Total: 1
2025-02-18 10:43:03.341 [http-nio-1290-exec-4] DEBUG com.example.labelMark.mapper.TypeMapper.getTypes - ==>  Preparing: SELECT * FROM type WHERE type_id = ? AND type_name like concat('%',?,'%') ORDER BY type_id ASC LIMIT ? OFFSET ?
2025-02-18 10:43:03.342 [http-nio-1290-exec-4] DEBUG com.example.labelMark.mapper.TypeMapper.getTypes - ==> Parameters: 1(Integer), 建筑(String), 5(Integer), 0(Integer)
2025-02-18 10:43:03.342 [http-nio-1290-exec-4] TRACE com.example.labelMark.mapper.TypeMapper.getTypes - <==    Columns: type_id, type_name, type_color
2025-02-18 10:43:03.342 [http-nio-1290-exec-4] TRACE com.example.labelMark.mapper.TypeMapper.getTypes - <==        Row: 1, 建筑, #b90e0e
2025-02-18 10:43:03.342 [http-nio-1290-exec-4] DEBUG com.example.labelMark.mapper.TypeMapper.getTypes - <==      Total: 1
2025-02-18 10:43:03.342 [http-nio-1290-exec-4] DEBUG c.e.labelMark.mapper.TypeMapper.getTypeNameById - ==>  Preparing: SELECT type_name FROM type WHERE type_id = ?
2025-02-18 10:43:03.343 [http-nio-1290-exec-4] DEBUG c.e.labelMark.mapper.TypeMapper.getTypeNameById - ==> Parameters: 1(Integer)
2025-02-18 10:43:03.343 [http-nio-1290-exec-4] TRACE c.e.labelMark.mapper.TypeMapper.getTypeNameById - <==    Columns: type_name
2025-02-18 10:43:03.343 [http-nio-1290-exec-4] TRACE c.e.labelMark.mapper.TypeMapper.getTypeNameById - <==        Row: 建筑
2025-02-18 10:43:03.343 [http-nio-1290-exec-4] DEBUG c.e.labelMark.mapper.TypeMapper.getTypeNameById - <==      Total: 1
2025-02-18 10:43:03.344 [http-nio-1290-exec-4] DEBUG com.example.labelMark.mapper.TypeMapper.getTypes - ==>  Preparing: SELECT * FROM type WHERE type_id = ? AND type_name like concat('%',?,'%') ORDER BY type_id ASC LIMIT ? OFFSET ?
2025-02-18 10:43:03.344 [http-nio-1290-exec-4] DEBUG com.example.labelMark.mapper.TypeMapper.getTypes - ==> Parameters: 1(Integer), 建筑(String), 5(Integer), 0(Integer)
2025-02-18 10:43:03.345 [http-nio-1290-exec-4] TRACE com.example.labelMark.mapper.TypeMapper.getTypes - <==    Columns: type_id, type_name, type_color
2025-02-18 10:43:03.345 [http-nio-1290-exec-4] TRACE com.example.labelMark.mapper.TypeMapper.getTypes - <==        Row: 1, 建筑, #b90e0e
2025-02-18 10:43:03.345 [http-nio-1290-exec-4] DEBUG com.example.labelMark.mapper.TypeMapper.getTypes - <==      Total: 1
2025-02-18 10:43:03.346 [http-nio-1290-exec-4] DEBUG c.e.labelMark.mapper.TypeMapper.getTypeNameById - ==>  Preparing: SELECT type_name FROM type WHERE type_id = ?
2025-02-18 10:43:03.346 [http-nio-1290-exec-4] DEBUG c.e.labelMark.mapper.TypeMapper.getTypeNameById - ==> Parameters: 1(Integer)
2025-02-18 10:43:03.346 [http-nio-1290-exec-4] TRACE c.e.labelMark.mapper.TypeMapper.getTypeNameById - <==    Columns: type_name
2025-02-18 10:43:03.346 [http-nio-1290-exec-4] TRACE c.e.labelMark.mapper.TypeMapper.getTypeNameById - <==        Row: 建筑
2025-02-18 10:43:03.346 [http-nio-1290-exec-4] DEBUG c.e.labelMark.mapper.TypeMapper.getTypeNameById - <==      Total: 1
2025-02-18 10:43:03.347 [http-nio-1290-exec-4] DEBUG com.example.labelMark.mapper.TypeMapper.getTypes - ==>  Preparing: SELECT * FROM type WHERE type_id = ? AND type_name like concat('%',?,'%') ORDER BY type_id ASC LIMIT ? OFFSET ?
2025-02-18 10:43:03.347 [http-nio-1290-exec-4] DEBUG com.example.labelMark.mapper.TypeMapper.getTypes - ==> Parameters: 1(Integer), 建筑(String), 5(Integer), 0(Integer)
2025-02-18 10:43:03.347 [http-nio-1290-exec-4] TRACE com.example.labelMark.mapper.TypeMapper.getTypes - <==    Columns: type_id, type_name, type_color
2025-02-18 10:43:03.347 [http-nio-1290-exec-4] TRACE com.example.labelMark.mapper.TypeMapper.getTypes - <==        Row: 1, 建筑, #b90e0e
2025-02-18 10:43:03.347 [http-nio-1290-exec-4] DEBUG com.example.labelMark.mapper.TypeMapper.getTypes - <==      Total: 1
2025-02-18 10:43:03.347 [http-nio-1290-exec-4] DEBUG c.e.labelMark.mapper.TypeMapper.getTypeNameById - ==>  Preparing: SELECT type_name FROM type WHERE type_id = ?
2025-02-18 10:43:03.347 [http-nio-1290-exec-4] DEBUG c.e.labelMark.mapper.TypeMapper.getTypeNameById - ==> Parameters: 3(Integer)
2025-02-18 10:43:03.348 [http-nio-1290-exec-4] TRACE c.e.labelMark.mapper.TypeMapper.getTypeNameById - <==    Columns: type_name
2025-02-18 10:43:03.348 [http-nio-1290-exec-4] TRACE c.e.labelMark.mapper.TypeMapper.getTypeNameById - <==        Row: 飞机
2025-02-18 10:43:03.348 [http-nio-1290-exec-4] DEBUG c.e.labelMark.mapper.TypeMapper.getTypeNameById - <==      Total: 1
2025-02-18 10:43:03.348 [http-nio-1290-exec-4] DEBUG com.example.labelMark.mapper.TypeMapper.getTypes - ==>  Preparing: SELECT * FROM type WHERE type_id = ? AND type_name like concat('%',?,'%') ORDER BY type_id ASC LIMIT ? OFFSET ?
2025-02-18 10:43:03.348 [http-nio-1290-exec-4] DEBUG com.example.labelMark.mapper.TypeMapper.getTypes - ==> Parameters: 3(Integer), 飞机(String), 5(Integer), 0(Integer)
2025-02-18 10:43:03.348 [http-nio-1290-exec-4] TRACE com.example.labelMark.mapper.TypeMapper.getTypes - <==    Columns: type_id, type_name, type_color
2025-02-18 10:43:03.348 [http-nio-1290-exec-4] TRACE com.example.labelMark.mapper.TypeMapper.getTypes - <==        Row: 3, 飞机, #2b239f
2025-02-18 10:43:03.348 [http-nio-1290-exec-4] DEBUG com.example.labelMark.mapper.TypeMapper.getTypes - <==      Total: 1
2025-02-18 10:43:03.349 [http-nio-1290-exec-4] DEBUG com.example.labelMark.mapper.MarkMapper.selectList - ==>  Preparing: SELECT id,task_id,user_id,type_id,geom,status FROM mark WHERE (task_id = ?)
2025-02-18 10:43:03.349 [http-nio-1290-exec-4] DEBUG com.example.labelMark.mapper.MarkMapper.selectList - ==> Parameters: null
2025-02-18 10:43:03.349 [http-nio-1290-exec-4] DEBUG com.example.labelMark.mapper.MarkMapper.selectList - <==      Total: 0
2025-02-18 10:43:15.140 [http-nio-1290-exec-5] DEBUG c.e.l.m.T.deleteTaskAcceptByTaskId - ==>  Preparing: delete from task_accepted where task_id=?
2025-02-18 10:43:15.141 [http-nio-1290-exec-5] DEBUG c.e.l.m.T.deleteTaskAcceptByTaskId - ==> Parameters: 97(Integer)
2025-02-18 10:43:15.150 [http-nio-1290-exec-5] DEBUG c.e.l.m.T.deleteTaskAcceptByTaskId - <==    Updates: 2
2025-02-18 10:43:15.151 [http-nio-1290-exec-5] DEBUG com.example.labelMark.mapper.TaskMapper.deleteById - ==>  Preparing: DELETE FROM task WHERE task_id=?
2025-02-18 10:43:15.151 [http-nio-1290-exec-5] DEBUG com.example.labelMark.mapper.TaskMapper.deleteById - ==> Parameters: 97(Integer)
2025-02-18 10:43:15.152 [http-nio-1290-exec-5] DEBUG com.example.labelMark.mapper.TaskMapper.deleteById - <==    Updates: 1
2025-02-18 10:43:15.154 [http-nio-1290-exec-5] DEBUG c.e.labelMark.mapper.MarkMapper.deleteMarkByTaskId - ==>  Preparing: DELETE FROM mark WHERE task_id=?
2025-02-18 10:43:15.154 [http-nio-1290-exec-5] DEBUG c.e.labelMark.mapper.MarkMapper.deleteMarkByTaskId - ==> Parameters: 97(Integer)
2025-02-18 10:43:15.155 [http-nio-1290-exec-5] DEBUG c.e.labelMark.mapper.MarkMapper.deleteMarkByTaskId - <==    Updates: 0
2025-02-18 10:43:15.220 [http-nio-1290-exec-6] DEBUG c.example.labelMark.mapper.TaskMapper.selectCount - ==>  Preparing: SELECT COUNT( * ) FROM task
2025-02-18 10:43:15.220 [http-nio-1290-exec-6] DEBUG c.example.labelMark.mapper.TaskMapper.selectCount - ==> Parameters: 
2025-02-18 10:43:15.221 [http-nio-1290-exec-6] TRACE c.example.labelMark.mapper.TaskMapper.selectCount - <==    Columns: count
2025-02-18 10:43:15.221 [http-nio-1290-exec-6] TRACE c.example.labelMark.mapper.TaskMapper.selectCount - <==        Row: 2
2025-02-18 10:43:15.221 [http-nio-1290-exec-6] DEBUG c.example.labelMark.mapper.TaskMapper.selectCount - <==      Total: 1
2025-02-18 10:43:15.221 [http-nio-1290-exec-6] DEBUG c.example.labelMark.mapper.TaskMapper.getTaskInfo - ==>  Preparing: SELECT task_accepted.id, task_accepted.type_arr, sys_user.username AS username, sys_user.user_id AS userid, task.task_id, task.task_name, task.task_type, task.map_server, task.date_range, task.status, task.audit_feedback FROM task JOIN task_accepted ON task.task_id = task_accepted.task_id JOIN sys_user ON task_accepted.username = sys_user.username ORDER BY task.status, task.task_id DESC
2025-02-18 10:43:15.221 [http-nio-1290-exec-6] DEBUG c.example.labelMark.mapper.TaskMapper.getTaskInfo - ==> Parameters: 
2025-02-18 10:43:15.221 [http-nio-1290-exec-6] TRACE c.example.labelMark.mapper.TaskMapper.getTaskInfo - <==    Columns: id, type_arr, username, userid, task_id, task_name, task_type, map_server, date_range, status, audit_feedback
2025-02-18 10:43:15.222 [http-nio-1290-exec-6] TRACE c.example.labelMark.mapper.TaskMapper.getTaskInfo - <==        Row: 271, 3, wh1, 2, 96, test2, 地物分类, airport, 2025-02-14 2025-03-15, 0, null
2025-02-18 10:43:15.222 [http-nio-1290-exec-6] TRACE c.example.labelMark.mapper.TaskMapper.getTaskInfo - <==        Row: 272, 1,3, wh, 1, 96, test2, 地物分类, airport, 2025-02-14 2025-03-15, 0, null
2025-02-18 10:43:15.222 [http-nio-1290-exec-6] TRACE c.example.labelMark.mapper.TaskMapper.getTaskInfo - <==        Row: 267, 3,1, wh, 1, 95, test1, 目标检测, airport, 2024-06-05 2024-06-06, 1, null
2025-02-18 10:43:15.222 [http-nio-1290-exec-6] TRACE c.example.labelMark.mapper.TaskMapper.getTaskInfo - <==        Row: 269, 1, wh1, 2, 95, test1, 目标检测, airport, 2024-06-05 2024-06-06, 1, null
2025-02-18 10:43:15.222 [http-nio-1290-exec-6] DEBUG c.example.labelMark.mapper.TaskMapper.getTaskInfo - <==      Total: 4
2025-02-18 10:43:15.222 [http-nio-1290-exec-6] DEBUG c.e.labelMark.mapper.TypeMapper.getTypeNameById - ==>  Preparing: SELECT type_name FROM type WHERE type_id = ?
2025-02-18 10:43:15.222 [http-nio-1290-exec-6] DEBUG c.e.labelMark.mapper.TypeMapper.getTypeNameById - ==> Parameters: 3(Integer)
2025-02-18 10:43:15.223 [http-nio-1290-exec-6] TRACE c.e.labelMark.mapper.TypeMapper.getTypeNameById - <==    Columns: type_name
2025-02-18 10:43:15.223 [http-nio-1290-exec-6] TRACE c.e.labelMark.mapper.TypeMapper.getTypeNameById - <==        Row: 飞机
2025-02-18 10:43:15.223 [http-nio-1290-exec-6] DEBUG c.e.labelMark.mapper.TypeMapper.getTypeNameById - <==      Total: 1
2025-02-18 10:43:15.224 [http-nio-1290-exec-6] DEBUG com.example.labelMark.mapper.TypeMapper.getTypes - ==>  Preparing: SELECT * FROM type WHERE type_id = ? AND type_name like concat('%',?,'%') ORDER BY type_id ASC LIMIT ? OFFSET ?
2025-02-18 10:43:15.224 [http-nio-1290-exec-6] DEBUG com.example.labelMark.mapper.TypeMapper.getTypes - ==> Parameters: 3(Integer), 飞机(String), 5(Integer), 0(Integer)
2025-02-18 10:43:15.224 [http-nio-1290-exec-6] TRACE com.example.labelMark.mapper.TypeMapper.getTypes - <==    Columns: type_id, type_name, type_color
2025-02-18 10:43:15.224 [http-nio-1290-exec-6] TRACE com.example.labelMark.mapper.TypeMapper.getTypes - <==        Row: 3, 飞机, #2b239f
2025-02-18 10:43:15.225 [http-nio-1290-exec-6] DEBUG com.example.labelMark.mapper.TypeMapper.getTypes - <==      Total: 1
2025-02-18 10:43:15.225 [http-nio-1290-exec-6] DEBUG c.e.labelMark.mapper.TypeMapper.getTypeNameById - ==>  Preparing: SELECT type_name FROM type WHERE type_id = ?
2025-02-18 10:43:15.225 [http-nio-1290-exec-6] DEBUG c.e.labelMark.mapper.TypeMapper.getTypeNameById - ==> Parameters: 1(Integer)
2025-02-18 10:43:15.226 [http-nio-1290-exec-6] TRACE c.e.labelMark.mapper.TypeMapper.getTypeNameById - <==    Columns: type_name
2025-02-18 10:43:15.226 [http-nio-1290-exec-6] TRACE c.e.labelMark.mapper.TypeMapper.getTypeNameById - <==        Row: 建筑
2025-02-18 10:43:15.226 [http-nio-1290-exec-6] DEBUG c.e.labelMark.mapper.TypeMapper.getTypeNameById - <==      Total: 1
2025-02-18 10:43:15.226 [http-nio-1290-exec-6] DEBUG com.example.labelMark.mapper.TypeMapper.getTypes - ==>  Preparing: SELECT * FROM type WHERE type_id = ? AND type_name like concat('%',?,'%') ORDER BY type_id ASC LIMIT ? OFFSET ?
2025-02-18 10:43:15.226 [http-nio-1290-exec-6] DEBUG com.example.labelMark.mapper.TypeMapper.getTypes - ==> Parameters: 1(Integer), 建筑(String), 5(Integer), 0(Integer)
2025-02-18 10:43:15.226 [http-nio-1290-exec-6] TRACE com.example.labelMark.mapper.TypeMapper.getTypes - <==    Columns: type_id, type_name, type_color
2025-02-18 10:43:15.226 [http-nio-1290-exec-6] TRACE com.example.labelMark.mapper.TypeMapper.getTypes - <==        Row: 1, 建筑, #b90e0e
2025-02-18 10:43:15.226 [http-nio-1290-exec-6] DEBUG com.example.labelMark.mapper.TypeMapper.getTypes - <==      Total: 1
2025-02-18 10:43:15.227 [http-nio-1290-exec-6] DEBUG c.e.labelMark.mapper.TypeMapper.getTypeNameById - ==>  Preparing: SELECT type_name FROM type WHERE type_id = ?
2025-02-18 10:43:15.227 [http-nio-1290-exec-6] DEBUG c.e.labelMark.mapper.TypeMapper.getTypeNameById - ==> Parameters: 3(Integer)
2025-02-18 10:43:15.227 [http-nio-1290-exec-6] TRACE c.e.labelMark.mapper.TypeMapper.getTypeNameById - <==    Columns: type_name
2025-02-18 10:43:15.227 [http-nio-1290-exec-6] TRACE c.e.labelMark.mapper.TypeMapper.getTypeNameById - <==        Row: 飞机
2025-02-18 10:43:15.227 [http-nio-1290-exec-6] DEBUG c.e.labelMark.mapper.TypeMapper.getTypeNameById - <==      Total: 1
2025-02-18 10:43:15.228 [http-nio-1290-exec-6] DEBUG com.example.labelMark.mapper.TypeMapper.getTypes - ==>  Preparing: SELECT * FROM type WHERE type_id = ? AND type_name like concat('%',?,'%') ORDER BY type_id ASC LIMIT ? OFFSET ?
2025-02-18 10:43:15.228 [http-nio-1290-exec-6] DEBUG com.example.labelMark.mapper.TypeMapper.getTypes - ==> Parameters: 3(Integer), 飞机(String), 5(Integer), 0(Integer)
2025-02-18 10:43:15.228 [http-nio-1290-exec-6] TRACE com.example.labelMark.mapper.TypeMapper.getTypes - <==    Columns: type_id, type_name, type_color
2025-02-18 10:43:15.228 [http-nio-1290-exec-6] TRACE com.example.labelMark.mapper.TypeMapper.getTypes - <==        Row: 3, 飞机, #2b239f
2025-02-18 10:43:15.228 [http-nio-1290-exec-6] DEBUG com.example.labelMark.mapper.TypeMapper.getTypes - <==      Total: 1
2025-02-18 10:43:15.228 [http-nio-1290-exec-6] DEBUG c.e.labelMark.mapper.TypeMapper.getTypeNameById - ==>  Preparing: SELECT type_name FROM type WHERE type_id = ?
2025-02-18 10:43:15.229 [http-nio-1290-exec-6] DEBUG c.e.labelMark.mapper.TypeMapper.getTypeNameById - ==> Parameters: 3(Integer)
2025-02-18 10:43:15.229 [http-nio-1290-exec-6] TRACE c.e.labelMark.mapper.TypeMapper.getTypeNameById - <==    Columns: type_name
2025-02-18 10:43:15.229 [http-nio-1290-exec-6] TRACE c.e.labelMark.mapper.TypeMapper.getTypeNameById - <==        Row: 飞机
2025-02-18 10:43:15.229 [http-nio-1290-exec-6] DEBUG c.e.labelMark.mapper.TypeMapper.getTypeNameById - <==      Total: 1
2025-02-18 10:43:15.229 [http-nio-1290-exec-6] DEBUG com.example.labelMark.mapper.TypeMapper.getTypes - ==>  Preparing: SELECT * FROM type WHERE type_id = ? AND type_name like concat('%',?,'%') ORDER BY type_id ASC LIMIT ? OFFSET ?
2025-02-18 10:43:15.229 [http-nio-1290-exec-6] DEBUG com.example.labelMark.mapper.TypeMapper.getTypes - ==> Parameters: 3(Integer), 飞机(String), 5(Integer), 0(Integer)
2025-02-18 10:43:15.230 [http-nio-1290-exec-6] TRACE com.example.labelMark.mapper.TypeMapper.getTypes - <==    Columns: type_id, type_name, type_color
2025-02-18 10:43:15.230 [http-nio-1290-exec-6] TRACE com.example.labelMark.mapper.TypeMapper.getTypes - <==        Row: 3, 飞机, #2b239f
2025-02-18 10:43:15.230 [http-nio-1290-exec-6] DEBUG com.example.labelMark.mapper.TypeMapper.getTypes - <==      Total: 1
2025-02-18 10:43:15.230 [http-nio-1290-exec-6] DEBUG c.e.labelMark.mapper.TypeMapper.getTypeNameById - ==>  Preparing: SELECT type_name FROM type WHERE type_id = ?
2025-02-18 10:43:15.230 [http-nio-1290-exec-6] DEBUG c.e.labelMark.mapper.TypeMapper.getTypeNameById - ==> Parameters: 1(Integer)
2025-02-18 10:43:15.231 [http-nio-1290-exec-6] TRACE c.e.labelMark.mapper.TypeMapper.getTypeNameById - <==    Columns: type_name
2025-02-18 10:43:15.231 [http-nio-1290-exec-6] TRACE c.e.labelMark.mapper.TypeMapper.getTypeNameById - <==        Row: 建筑
2025-02-18 10:43:15.231 [http-nio-1290-exec-6] DEBUG c.e.labelMark.mapper.TypeMapper.getTypeNameById - <==      Total: 1
2025-02-18 10:43:15.232 [http-nio-1290-exec-6] DEBUG com.example.labelMark.mapper.TypeMapper.getTypes - ==>  Preparing: SELECT * FROM type WHERE type_id = ? AND type_name like concat('%',?,'%') ORDER BY type_id ASC LIMIT ? OFFSET ?
2025-02-18 10:43:15.232 [http-nio-1290-exec-6] DEBUG com.example.labelMark.mapper.TypeMapper.getTypes - ==> Parameters: 1(Integer), 建筑(String), 5(Integer), 0(Integer)
2025-02-18 10:43:15.232 [http-nio-1290-exec-6] TRACE com.example.labelMark.mapper.TypeMapper.getTypes - <==    Columns: type_id, type_name, type_color
2025-02-18 10:43:15.232 [http-nio-1290-exec-6] TRACE com.example.labelMark.mapper.TypeMapper.getTypes - <==        Row: 1, 建筑, #b90e0e
2025-02-18 10:43:15.233 [http-nio-1290-exec-6] DEBUG com.example.labelMark.mapper.TypeMapper.getTypes - <==      Total: 1
2025-02-18 10:43:15.233 [http-nio-1290-exec-6] DEBUG c.e.labelMark.mapper.TypeMapper.getTypeNameById - ==>  Preparing: SELECT type_name FROM type WHERE type_id = ?
2025-02-18 10:43:15.234 [http-nio-1290-exec-6] DEBUG c.e.labelMark.mapper.TypeMapper.getTypeNameById - ==> Parameters: 1(Integer)
2025-02-18 10:43:15.234 [http-nio-1290-exec-6] TRACE c.e.labelMark.mapper.TypeMapper.getTypeNameById - <==    Columns: type_name
2025-02-18 10:43:15.234 [http-nio-1290-exec-6] TRACE c.e.labelMark.mapper.TypeMapper.getTypeNameById - <==        Row: 建筑
2025-02-18 10:43:15.234 [http-nio-1290-exec-6] DEBUG c.e.labelMark.mapper.TypeMapper.getTypeNameById - <==      Total: 1
2025-02-18 10:43:15.234 [http-nio-1290-exec-6] DEBUG com.example.labelMark.mapper.TypeMapper.getTypes - ==>  Preparing: SELECT * FROM type WHERE type_id = ? AND type_name like concat('%',?,'%') ORDER BY type_id ASC LIMIT ? OFFSET ?
2025-02-18 10:43:15.234 [http-nio-1290-exec-6] DEBUG com.example.labelMark.mapper.TypeMapper.getTypes - ==> Parameters: 1(Integer), 建筑(String), 5(Integer), 0(Integer)
2025-02-18 10:43:15.235 [http-nio-1290-exec-6] TRACE com.example.labelMark.mapper.TypeMapper.getTypes - <==    Columns: type_id, type_name, type_color
2025-02-18 10:43:15.235 [http-nio-1290-exec-6] TRACE com.example.labelMark.mapper.TypeMapper.getTypes - <==        Row: 1, 建筑, #b90e0e
2025-02-18 10:43:15.235 [http-nio-1290-exec-6] DEBUG com.example.labelMark.mapper.TypeMapper.getTypes - <==      Total: 1
2025-02-18 10:43:15.236 [http-nio-1290-exec-6] DEBUG com.example.labelMark.mapper.MarkMapper.selectList - ==>  Preparing: SELECT id,task_id,user_id,type_id,geom,status FROM mark WHERE (task_id = ?)
2025-02-18 10:43:15.236 [http-nio-1290-exec-6] DEBUG com.example.labelMark.mapper.MarkMapper.selectList - ==> Parameters: null
2025-02-18 10:43:15.237 [http-nio-1290-exec-6] DEBUG com.example.labelMark.mapper.MarkMapper.selectList - <==      Total: 0
2025-02-18 10:43:23.123 [http-nio-1290-exec-8] DEBUG c.e.labelMark.mapper.SysFileMapper.getAllFiles - ==>  Preparing: SELECT * FROM file ORDER BY file_id DESC LIMIT ? OFFSET ?
2025-02-18 10:43:23.124 [http-nio-1290-exec-8] DEBUG c.e.labelMark.mapper.SysFileMapper.getAllFiles - ==> Parameters: 8(Integer), 0(Integer)
2025-02-18 10:43:23.125 [http-nio-1290-exec-8] TRACE c.e.labelMark.mapper.SysFileMapper.getAllFiles - <==    Columns: file_id, file_name, update_time, status, size
2025-02-18 10:43:23.125 [http-nio-1290-exec-8] TRACE c.e.labelMark.mapper.SysFileMapper.getAllFiles - <==        Row: 105, airport.tif, 2025-2-17 18:17:35, 1, 240 MB
2025-02-18 10:43:23.125 [http-nio-1290-exec-8] TRACE c.e.labelMark.mapper.SysFileMapper.getAllFiles - <==        Row: 67, 湖北.tif, 2023-4-26 17:45:54, 1, 279 MB
2025-02-18 10:43:23.125 [http-nio-1290-exec-8] TRACE c.e.labelMark.mapper.SysFileMapper.getAllFiles - <==        Row: 65, 小天河机场.tiff, 2023-4-26 17:44:29, 1, 865 MB
2025-02-18 10:43:23.125 [http-nio-1290-exec-8] TRACE c.e.labelMark.mapper.SysFileMapper.getAllFiles - <==        Row: 64, 深圳宝安机场.tif, 2023-4-26 17:42:19, 1, 5.58 GB
2025-02-18 10:43:23.125 [http-nio-1290-exec-8] DEBUG c.e.labelMark.mapper.SysFileMapper.getAllFiles - <==      Total: 4
2025-02-18 10:44:56.427 [http-nio-1290-exec-3] DEBUG c.e.labelMark.mapper.SysUserMapper.selectList - ==>  Preparing: SELECT user_id,username,user_password,is_admin,finished_num,unfinished_num FROM sys_user WHERE (username = ?)
2025-02-18 10:44:56.428 [http-nio-1290-exec-3] DEBUG c.e.labelMark.mapper.SysUserMapper.selectList - ==> Parameters: admin(String)
2025-02-18 10:44:56.430 [http-nio-1290-exec-3] TRACE c.e.labelMark.mapper.SysUserMapper.selectList - <==    Columns: user_id, username, user_password, is_admin, finished_num, unfinished_num
2025-02-18 10:44:56.430 [http-nio-1290-exec-3] TRACE c.e.labelMark.mapper.SysUserMapper.selectList - <==        Row: 5, admin, $2a$10$2O5w.UpL8lb0X9o9lQLcDuxivpS5ShcbKzsldLrhm4MpzsBv.2W4W, 1, null, null
2025-02-18 10:44:56.430 [http-nio-1290-exec-3] DEBUG c.e.labelMark.mapper.SysUserMapper.selectList - <==      Total: 1
2025-02-18 10:44:56.733 [http-nio-1290-exec-9] DEBUG c.e.labelMark.mapper.SysFileMapper.getAllFiles - ==>  Preparing: SELECT * FROM file ORDER BY file_id DESC LIMIT ? OFFSET ?
2025-02-18 10:44:56.733 [http-nio-1290-exec-9] DEBUG c.e.labelMark.mapper.SysFileMapper.getAllFiles - ==> Parameters: 8(Integer), 0(Integer)
2025-02-18 10:44:56.735 [http-nio-1290-exec-9] TRACE c.e.labelMark.mapper.SysFileMapper.getAllFiles - <==    Columns: file_id, file_name, update_time, status, size
2025-02-18 10:44:56.735 [http-nio-1290-exec-9] TRACE c.e.labelMark.mapper.SysFileMapper.getAllFiles - <==        Row: 67, 湖北.tif, 2023-4-26 17:45:54, 1, 279 MB
2025-02-18 10:44:56.735 [http-nio-1290-exec-9] TRACE c.e.labelMark.mapper.SysFileMapper.getAllFiles - <==        Row: 65, 小天河机场.tiff, 2023-4-26 17:44:29, 1, 865 MB
2025-02-18 10:44:56.735 [http-nio-1290-exec-9] TRACE c.e.labelMark.mapper.SysFileMapper.getAllFiles - <==        Row: 64, 深圳宝安机场.tif, 2023-4-26 17:42:19, 1, 5.58 GB
2025-02-18 10:44:56.735 [http-nio-1290-exec-9] DEBUG c.e.labelMark.mapper.SysFileMapper.getAllFiles - <==      Total: 3
2025-02-18 14:43:16.065 [main] INFO  com.example.labelMark.LabelMarkApplication - Starting LabelMarkApplication using Java 18.0.2.1 on LAPTOP-00658OB5 with PID 21780 (F:\PG-project\labelMark\target\classes started by wanghua in F:\PG-project\labelMark)
2025-02-18 14:43:16.067 [main] INFO  com.example.labelMark.LabelMarkApplication - The following 1 profile is active: "@environment@"
2025-02-18 15:01:47.609 [main] INFO  com.example.labelMark.LabelMarkApplication - Starting LabelMarkApplication using Java 18.0.2.1 on LAPTOP-00658OB5 with PID 32556 (F:\PG-project\labelMark\target\classes started by wanghua in F:\PG-project\labelMark)
2025-02-18 15:01:47.624 [main] INFO  com.example.labelMark.LabelMarkApplication - The following 1 profile is active: "@environment@"
2025-02-18 15:02:15.179 [main] INFO  com.example.labelMark.LabelMarkApplication - Starting LabelMarkApplication using Java 18.0.2.1 on LAPTOP-00658OB5 with PID 34052 (F:\PG-project\labelMark\target\classes started by wanghua in F:\PG-project\labelMark)
2025-02-18 15:02:15.184 [main] INFO  com.example.labelMark.LabelMarkApplication - The following 1 profile is active: "@environment@"
2025-02-18 15:05:08.122 [main] INFO  com.example.labelMark.LabelMarkApplication - Starting LabelMarkApplication using Java 18.0.2.1 on LAPTOP-00658OB5 with PID 26032 (F:\PG-project\labelMark\target\classes started by wanghua in F:\PG-project\labelMark)
2025-02-18 15:05:08.125 [main] INFO  com.example.labelMark.LabelMarkApplication - The following 1 profile is active: "@environment@"
2025-02-18 15:06:06.727 [main] INFO  com.example.labelMark.LabelMarkApplication - Starting LabelMarkApplication using Java 18.0.2.1 on LAPTOP-00658OB5 with PID 36272 (F:\PG-project\labelMark\target\classes started by wanghua in F:\PG-project\labelMark)
2025-02-18 15:06:06.731 [main] INFO  com.example.labelMark.LabelMarkApplication - The following 1 profile is active: "@environment@"
2025-02-18 15:10:03.170 [main] INFO  com.example.labelMark.LabelMarkApplication - Starting LabelMarkApplication using Java 18.0.2.1 on LAPTOP-00658OB5 with PID 30272 (F:\PG-project\labelMark\target\classes started by wanghua in F:\PG-project\labelMark)
2025-02-18 15:10:03.172 [main] INFO  com.example.labelMark.LabelMarkApplication - The following 1 profile is active: "@environment@"
2025-02-18 15:13:29.013 [main] INFO  com.example.labelMark.LabelMarkApplication - Starting LabelMarkApplication using Java 18.0.2.1 on LAPTOP-00658OB5 with PID 39104 (F:\PG-project\labelMark\target\classes started by wanghua in F:\PG-project\labelMark)
2025-02-18 15:13:29.015 [main] INFO  com.example.labelMark.LabelMarkApplication - The following 1 profile is active: "dev"
2025-02-18 15:13:32.646 [main] INFO  com.example.labelMark.LabelMarkApplication - Started LabelMarkApplication in 3.982 seconds (JVM running for 4.532)
2025-02-18 15:15:09.559 [http-nio-1290-exec-2] DEBUG c.e.labelMark.mapper.SysUserMapper.selectList - ==>  Preparing: SELECT user_id,username,user_password,is_admin,finished_num,unfinished_num FROM sys_user WHERE (username = ?)
2025-02-18 15:15:09.580 [http-nio-1290-exec-2] DEBUG c.e.labelMark.mapper.SysUserMapper.selectList - ==> Parameters: admin·(String)
2025-02-18 15:15:09.605 [http-nio-1290-exec-2] DEBUG c.e.labelMark.mapper.SysUserMapper.selectList - <==      Total: 0
2025-02-18 15:15:57.671 [http-nio-1290-exec-3] DEBUG c.e.labelMark.mapper.SysUserMapper.selectList - ==>  Preparing: SELECT user_id,username,user_password,is_admin,finished_num,unfinished_num FROM sys_user WHERE (username = ?)
2025-02-18 15:15:57.671 [http-nio-1290-exec-3] DEBUG c.e.labelMark.mapper.SysUserMapper.selectList - ==> Parameters: admin(String)
2025-02-18 15:15:57.672 [http-nio-1290-exec-3] TRACE c.e.labelMark.mapper.SysUserMapper.selectList - <==    Columns: user_id, username, user_password, is_admin, finished_num, unfinished_num
2025-02-18 15:15:57.673 [http-nio-1290-exec-3] TRACE c.e.labelMark.mapper.SysUserMapper.selectList - <==        Row: 5, admin, $2a$10$2O5w.UpL8lb0X9o9lQLcDuxivpS5ShcbKzsldLrhm4MpzsBv.2W4W, 1, null, null
2025-02-18 15:15:57.675 [http-nio-1290-exec-3] DEBUG c.e.labelMark.mapper.SysUserMapper.selectList - <==      Total: 1
2025-02-18 15:15:57.750 [http-nio-1290-exec-3] DEBUG c.e.labelMark.mapper.SysUserMapper.selectList - ==>  Preparing: SELECT user_id,username,user_password,is_admin,finished_num,unfinished_num FROM sys_user WHERE (username = ?)
2025-02-18 15:15:57.750 [http-nio-1290-exec-3] DEBUG c.e.labelMark.mapper.SysUserMapper.selectList - ==> Parameters: admin(String)
2025-02-18 15:15:57.751 [http-nio-1290-exec-3] TRACE c.e.labelMark.mapper.SysUserMapper.selectList - <==    Columns: user_id, username, user_password, is_admin, finished_num, unfinished_num
2025-02-18 15:15:57.751 [http-nio-1290-exec-3] TRACE c.e.labelMark.mapper.SysUserMapper.selectList - <==        Row: 5, admin, $2a$10$2O5w.UpL8lb0X9o9lQLcDuxivpS5ShcbKzsldLrhm4MpzsBv.2W4W, 1, null, null
2025-02-18 15:15:57.751 [http-nio-1290-exec-3] DEBUG c.e.labelMark.mapper.SysUserMapper.selectList - <==      Total: 1
2025-02-18 15:15:58.668 [http-nio-1290-exec-4] DEBUG c.e.labelMark.mapper.SysUserMapper.selectList - ==>  Preparing: SELECT user_id,username,user_password,is_admin,finished_num,unfinished_num FROM sys_user WHERE (username = ?)
2025-02-18 15:15:58.668 [http-nio-1290-exec-4] DEBUG c.e.labelMark.mapper.SysUserMapper.selectList - ==> Parameters: admin(String)
2025-02-18 15:15:58.669 [http-nio-1290-exec-4] TRACE c.e.labelMark.mapper.SysUserMapper.selectList - <==    Columns: user_id, username, user_password, is_admin, finished_num, unfinished_num
2025-02-18 15:15:58.669 [http-nio-1290-exec-4] TRACE c.e.labelMark.mapper.SysUserMapper.selectList - <==        Row: 5, admin, $2a$10$2O5w.UpL8lb0X9o9lQLcDuxivpS5ShcbKzsldLrhm4MpzsBv.2W4W, 1, null, null
2025-02-18 15:15:58.669 [http-nio-1290-exec-4] DEBUG c.e.labelMark.mapper.SysUserMapper.selectList - <==      Total: 1
2025-02-18 15:15:59.160 [http-nio-1290-exec-5] DEBUG c.example.labelMark.mapper.TaskMapper.selectCount - ==>  Preparing: SELECT COUNT( * ) FROM task
2025-02-18 15:15:59.160 [http-nio-1290-exec-5] DEBUG c.example.labelMark.mapper.TaskMapper.selectCount - ==> Parameters: 
2025-02-18 15:15:59.175 [http-nio-1290-exec-5] TRACE c.example.labelMark.mapper.TaskMapper.selectCount - <==    Columns: count
2025-02-18 15:15:59.176 [http-nio-1290-exec-5] TRACE c.example.labelMark.mapper.TaskMapper.selectCount - <==        Row: 2
2025-02-18 15:15:59.178 [http-nio-1290-exec-5] DEBUG c.example.labelMark.mapper.TaskMapper.selectCount - <==      Total: 1
2025-02-18 15:15:59.181 [http-nio-1290-exec-5] DEBUG c.e.labelMark.mapper.TaskMapper.getAllTaskInfo - ==>  Preparing: select task_accepted.id,task_accepted.type_arr,sys_user.username as username, sys_user.user_id as userid,task.* from task join task_accepted on task.task_id=task_accepted.task_id join sys_user on task_accepted.username=sys_user.username order by status,task_id DESC
2025-02-18 15:15:59.181 [http-nio-1290-exec-5] DEBUG c.e.labelMark.mapper.TaskMapper.getAllTaskInfo - ==> Parameters: 
2025-02-18 15:15:59.183 [http-nio-1290-exec-5] TRACE c.e.labelMark.mapper.TaskMapper.getAllTaskInfo - <==    Columns: id, type_arr, username, userid, task_id, date_range, task_name, task_type, map_server, status, mark_id, audit_feedback
2025-02-18 15:15:59.184 [http-nio-1290-exec-5] TRACE c.e.labelMark.mapper.TaskMapper.getAllTaskInfo - <==        Row: 271, 3, wh1, 2, 96, 2025-02-14 2025-03-15, test2, 地物分类, airport, 0, 47,49,50,51,52,53,48, null
2025-02-18 15:15:59.185 [http-nio-1290-exec-5] TRACE c.e.labelMark.mapper.TaskMapper.getAllTaskInfo - <==        Row: 272, 1,3, wh, 1, 96, 2025-02-14 2025-03-15, test2, 地物分类, airport, 0, 47,49,50,51,52,53,48, null
2025-02-18 15:15:59.185 [http-nio-1290-exec-5] TRACE c.e.labelMark.mapper.TaskMapper.getAllTaskInfo - <==        Row: 267, 3,1, wh, 1, 95, 2024-06-05 2024-06-06, test1, 目标检测, airport, 1, 40,41,43,44, null
2025-02-18 15:15:59.186 [http-nio-1290-exec-5] TRACE c.e.labelMark.mapper.TaskMapper.getAllTaskInfo - <==        Row: 269, 1, wh1, 2, 95, 2024-06-05 2024-06-06, test1, 目标检测, airport, 1, 40,41,43,44, null
2025-02-18 15:15:59.186 [http-nio-1290-exec-5] DEBUG c.e.labelMark.mapper.TaskMapper.getAllTaskInfo - <==      Total: 4
2025-02-18 15:15:59.193 [http-nio-1290-exec-5] DEBUG c.e.labelMark.mapper.TypeMapper.getTypeNameById - ==>  Preparing: SELECT type_name FROM type WHERE type_id = ?
2025-02-18 15:15:59.197 [http-nio-1290-exec-5] DEBUG c.e.labelMark.mapper.TypeMapper.getTypeNameById - ==> Parameters: 3(Integer)
2025-02-18 15:15:59.201 [http-nio-1290-exec-5] TRACE c.e.labelMark.mapper.TypeMapper.getTypeNameById - <==    Columns: type_name
2025-02-18 15:15:59.201 [http-nio-1290-exec-5] TRACE c.e.labelMark.mapper.TypeMapper.getTypeNameById - <==        Row: 飞机
2025-02-18 15:15:59.202 [http-nio-1290-exec-5] DEBUG c.e.labelMark.mapper.TypeMapper.getTypeNameById - <==      Total: 1
2025-02-18 15:15:59.203 [http-nio-1290-exec-5] DEBUG com.example.labelMark.mapper.TypeMapper.getTypes - ==>  Preparing: SELECT * FROM type WHERE type_id = ? AND type_name like concat('%',?,'%') ORDER BY type_id ASC LIMIT ? OFFSET ?
2025-02-18 15:15:59.203 [http-nio-1290-exec-5] DEBUG com.example.labelMark.mapper.TypeMapper.getTypes - ==> Parameters: 3(Integer), 飞机(String), 5(Integer), 0(Integer)
2025-02-18 15:15:59.206 [http-nio-1290-exec-5] TRACE com.example.labelMark.mapper.TypeMapper.getTypes - <==    Columns: type_id, type_name, type_color
2025-02-18 15:15:59.206 [http-nio-1290-exec-5] TRACE com.example.labelMark.mapper.TypeMapper.getTypes - <==        Row: 3, 飞机, #2b239f
2025-02-18 15:15:59.207 [http-nio-1290-exec-5] DEBUG com.example.labelMark.mapper.TypeMapper.getTypes - <==      Total: 1
2025-02-18 15:15:59.209 [http-nio-1290-exec-5] DEBUG c.e.labelMark.mapper.TypeMapper.getTypeNameById - ==>  Preparing: SELECT type_name FROM type WHERE type_id = ?
2025-02-18 15:15:59.209 [http-nio-1290-exec-5] DEBUG c.e.labelMark.mapper.TypeMapper.getTypeNameById - ==> Parameters: 1(Integer)
2025-02-18 15:15:59.210 [http-nio-1290-exec-5] TRACE c.e.labelMark.mapper.TypeMapper.getTypeNameById - <==    Columns: type_name
2025-02-18 15:15:59.210 [http-nio-1290-exec-5] TRACE c.e.labelMark.mapper.TypeMapper.getTypeNameById - <==        Row: 建筑
2025-02-18 15:15:59.210 [http-nio-1290-exec-5] DEBUG c.e.labelMark.mapper.TypeMapper.getTypeNameById - <==      Total: 1
2025-02-18 15:15:59.211 [http-nio-1290-exec-5] DEBUG com.example.labelMark.mapper.TypeMapper.getTypes - ==>  Preparing: SELECT * FROM type WHERE type_id = ? AND type_name like concat('%',?,'%') ORDER BY type_id ASC LIMIT ? OFFSET ?
2025-02-18 15:15:59.211 [http-nio-1290-exec-5] DEBUG com.example.labelMark.mapper.TypeMapper.getTypes - ==> Parameters: 1(Integer), 建筑(String), 5(Integer), 0(Integer)
2025-02-18 15:15:59.213 [http-nio-1290-exec-5] TRACE com.example.labelMark.mapper.TypeMapper.getTypes - <==    Columns: type_id, type_name, type_color
2025-02-18 15:15:59.214 [http-nio-1290-exec-5] TRACE com.example.labelMark.mapper.TypeMapper.getTypes - <==        Row: 1, 建筑, #b90e0e
2025-02-18 15:15:59.214 [http-nio-1290-exec-5] DEBUG com.example.labelMark.mapper.TypeMapper.getTypes - <==      Total: 1
2025-02-18 15:15:59.215 [http-nio-1290-exec-5] DEBUG c.e.labelMark.mapper.TypeMapper.getTypeNameById - ==>  Preparing: SELECT type_name FROM type WHERE type_id = ?
2025-02-18 15:15:59.216 [http-nio-1290-exec-5] DEBUG c.e.labelMark.mapper.TypeMapper.getTypeNameById - ==> Parameters: 3(Integer)
2025-02-18 15:15:59.217 [http-nio-1290-exec-5] TRACE c.e.labelMark.mapper.TypeMapper.getTypeNameById - <==    Columns: type_name
2025-02-18 15:15:59.217 [http-nio-1290-exec-5] TRACE c.e.labelMark.mapper.TypeMapper.getTypeNameById - <==        Row: 飞机
2025-02-18 15:15:59.217 [http-nio-1290-exec-5] DEBUG c.e.labelMark.mapper.TypeMapper.getTypeNameById - <==      Total: 1
2025-02-18 15:15:59.217 [http-nio-1290-exec-5] DEBUG com.example.labelMark.mapper.TypeMapper.getTypes - ==>  Preparing: SELECT * FROM type WHERE type_id = ? AND type_name like concat('%',?,'%') ORDER BY type_id ASC LIMIT ? OFFSET ?
2025-02-18 15:15:59.217 [http-nio-1290-exec-5] DEBUG com.example.labelMark.mapper.TypeMapper.getTypes - ==> Parameters: 3(Integer), 飞机(String), 5(Integer), 0(Integer)
2025-02-18 15:15:59.218 [http-nio-1290-exec-5] TRACE com.example.labelMark.mapper.TypeMapper.getTypes - <==    Columns: type_id, type_name, type_color
2025-02-18 15:15:59.218 [http-nio-1290-exec-5] TRACE com.example.labelMark.mapper.TypeMapper.getTypes - <==        Row: 3, 飞机, #2b239f
2025-02-18 15:15:59.218 [http-nio-1290-exec-5] DEBUG com.example.labelMark.mapper.TypeMapper.getTypes - <==      Total: 1
2025-02-18 15:15:59.219 [http-nio-1290-exec-5] DEBUG c.e.labelMark.mapper.TypeMapper.getTypeNameById - ==>  Preparing: SELECT type_name FROM type WHERE type_id = ?
2025-02-18 15:15:59.219 [http-nio-1290-exec-5] DEBUG c.e.labelMark.mapper.TypeMapper.getTypeNameById - ==> Parameters: 3(Integer)
2025-02-18 15:15:59.219 [http-nio-1290-exec-5] TRACE c.e.labelMark.mapper.TypeMapper.getTypeNameById - <==    Columns: type_name
2025-02-18 15:15:59.219 [http-nio-1290-exec-5] TRACE c.e.labelMark.mapper.TypeMapper.getTypeNameById - <==        Row: 飞机
2025-02-18 15:15:59.219 [http-nio-1290-exec-5] DEBUG c.e.labelMark.mapper.TypeMapper.getTypeNameById - <==      Total: 1
2025-02-18 15:15:59.220 [http-nio-1290-exec-5] DEBUG com.example.labelMark.mapper.TypeMapper.getTypes - ==>  Preparing: SELECT * FROM type WHERE type_id = ? AND type_name like concat('%',?,'%') ORDER BY type_id ASC LIMIT ? OFFSET ?
2025-02-18 15:15:59.220 [http-nio-1290-exec-5] DEBUG com.example.labelMark.mapper.TypeMapper.getTypes - ==> Parameters: 3(Integer), 飞机(String), 5(Integer), 0(Integer)
2025-02-18 15:15:59.221 [http-nio-1290-exec-5] TRACE com.example.labelMark.mapper.TypeMapper.getTypes - <==    Columns: type_id, type_name, type_color
2025-02-18 15:15:59.221 [http-nio-1290-exec-5] TRACE com.example.labelMark.mapper.TypeMapper.getTypes - <==        Row: 3, 飞机, #2b239f
2025-02-18 15:15:59.222 [http-nio-1290-exec-5] DEBUG com.example.labelMark.mapper.TypeMapper.getTypes - <==      Total: 1
2025-02-18 15:15:59.222 [http-nio-1290-exec-5] DEBUG c.e.labelMark.mapper.TypeMapper.getTypeNameById - ==>  Preparing: SELECT type_name FROM type WHERE type_id = ?
2025-02-18 15:15:59.222 [http-nio-1290-exec-5] DEBUG c.e.labelMark.mapper.TypeMapper.getTypeNameById - ==> Parameters: 1(Integer)
2025-02-18 15:15:59.223 [http-nio-1290-exec-5] TRACE c.e.labelMark.mapper.TypeMapper.getTypeNameById - <==    Columns: type_name
2025-02-18 15:15:59.223 [http-nio-1290-exec-5] TRACE c.e.labelMark.mapper.TypeMapper.getTypeNameById - <==        Row: 建筑
2025-02-18 15:15:59.223 [http-nio-1290-exec-5] DEBUG c.e.labelMark.mapper.TypeMapper.getTypeNameById - <==      Total: 1
2025-02-18 15:15:59.223 [http-nio-1290-exec-5] DEBUG com.example.labelMark.mapper.TypeMapper.getTypes - ==>  Preparing: SELECT * FROM type WHERE type_id = ? AND type_name like concat('%',?,'%') ORDER BY type_id ASC LIMIT ? OFFSET ?
2025-02-18 15:15:59.223 [http-nio-1290-exec-5] DEBUG com.example.labelMark.mapper.TypeMapper.getTypes - ==> Parameters: 1(Integer), 建筑(String), 5(Integer), 0(Integer)
2025-02-18 15:15:59.224 [http-nio-1290-exec-5] TRACE com.example.labelMark.mapper.TypeMapper.getTypes - <==    Columns: type_id, type_name, type_color
2025-02-18 15:15:59.224 [http-nio-1290-exec-5] TRACE com.example.labelMark.mapper.TypeMapper.getTypes - <==        Row: 1, 建筑, #b90e0e
2025-02-18 15:15:59.224 [http-nio-1290-exec-5] DEBUG com.example.labelMark.mapper.TypeMapper.getTypes - <==      Total: 1
2025-02-18 15:15:59.224 [http-nio-1290-exec-5] DEBUG c.e.labelMark.mapper.TypeMapper.getTypeNameById - ==>  Preparing: SELECT type_name FROM type WHERE type_id = ?
2025-02-18 15:15:59.224 [http-nio-1290-exec-5] DEBUG c.e.labelMark.mapper.TypeMapper.getTypeNameById - ==> Parameters: 1(Integer)
2025-02-18 15:15:59.225 [http-nio-1290-exec-5] TRACE c.e.labelMark.mapper.TypeMapper.getTypeNameById - <==    Columns: type_name
2025-02-18 15:15:59.225 [http-nio-1290-exec-5] TRACE c.e.labelMark.mapper.TypeMapper.getTypeNameById - <==        Row: 建筑
2025-02-18 15:15:59.225 [http-nio-1290-exec-5] DEBUG c.e.labelMark.mapper.TypeMapper.getTypeNameById - <==      Total: 1
2025-02-18 15:15:59.226 [http-nio-1290-exec-5] DEBUG com.example.labelMark.mapper.TypeMapper.getTypes - ==>  Preparing: SELECT * FROM type WHERE type_id = ? AND type_name like concat('%',?,'%') ORDER BY type_id ASC LIMIT ? OFFSET ?
2025-02-18 15:15:59.227 [http-nio-1290-exec-5] DEBUG com.example.labelMark.mapper.TypeMapper.getTypes - ==> Parameters: 1(Integer), 建筑(String), 5(Integer), 0(Integer)
2025-02-18 15:15:59.228 [http-nio-1290-exec-5] TRACE com.example.labelMark.mapper.TypeMapper.getTypes - <==    Columns: type_id, type_name, type_color
2025-02-18 15:15:59.228 [http-nio-1290-exec-5] TRACE com.example.labelMark.mapper.TypeMapper.getTypes - <==        Row: 1, 建筑, #b90e0e
2025-02-18 15:15:59.228 [http-nio-1290-exec-5] DEBUG com.example.labelMark.mapper.TypeMapper.getTypes - <==      Total: 1
2025-02-18 15:15:59.235 [http-nio-1290-exec-5] DEBUG com.example.labelMark.mapper.MarkMapper.selectList - ==>  Preparing: SELECT id,task_id,user_id,type_id,geom,status FROM mark WHERE (task_id = ?)
2025-02-18 15:15:59.236 [http-nio-1290-exec-5] DEBUG com.example.labelMark.mapper.MarkMapper.selectList - ==> Parameters: null
2025-02-18 15:15:59.237 [http-nio-1290-exec-5] DEBUG com.example.labelMark.mapper.MarkMapper.selectList - <==      Total: 0
2025-02-18 15:16:00.983 [http-nio-1290-exec-6] DEBUG c.e.labelMark.mapper.SysFileMapper.getAllFiles - ==>  Preparing: SELECT * FROM file ORDER BY file_id DESC LIMIT ? OFFSET ?
2025-02-18 15:16:00.984 [http-nio-1290-exec-6] DEBUG c.e.labelMark.mapper.SysFileMapper.getAllFiles - ==> Parameters: 8(Integer), 0(Integer)
2025-02-18 15:16:00.986 [http-nio-1290-exec-6] TRACE c.e.labelMark.mapper.SysFileMapper.getAllFiles - <==    Columns: file_id, file_name, update_time, status, size
2025-02-18 15:16:00.987 [http-nio-1290-exec-6] TRACE c.e.labelMark.mapper.SysFileMapper.getAllFiles - <==        Row: 67, 湖北.tif, 2023-4-26 17:45:54, 1, 279 MB
2025-02-18 15:16:00.988 [http-nio-1290-exec-6] TRACE c.e.labelMark.mapper.SysFileMapper.getAllFiles - <==        Row: 65, 小天河机场.tiff, 2023-4-26 17:44:29, 1, 865 MB
2025-02-18 15:16:00.989 [http-nio-1290-exec-6] TRACE c.e.labelMark.mapper.SysFileMapper.getAllFiles - <==        Row: 64, 深圳宝安机场.tif, 2023-4-26 17:42:19, 1, 5.58 GB
2025-02-18 15:16:00.989 [http-nio-1290-exec-6] DEBUG c.e.labelMark.mapper.SysFileMapper.getAllFiles - <==      Total: 3
2025-02-18 15:16:18.777 [http-nio-1290-exec-9] DEBUG c.e.labelMark.mapper.SysFileMapper.createFile - ==>  Preparing: INSERT INTO file(file_name, update_time, status, size) values (?, ?, 0, ?)
2025-02-18 15:16:18.777 [http-nio-1290-exec-9] DEBUG c.e.labelMark.mapper.SysFileMapper.createFile - ==> Parameters: airport.tif(String), 2025-2-18 15:16:17(String), 240 MB(String)
2025-02-18 15:16:18.782 [http-nio-1290-exec-9] DEBUG c.e.labelMark.mapper.SysFileMapper.createFile - <==    Updates: 1
2025-02-18 15:16:18.910 [http-nio-1290-exec-10] DEBUG c.e.labelMark.mapper.SysFileMapper.getAllFiles - ==>  Preparing: SELECT * FROM file ORDER BY file_id DESC LIMIT ? OFFSET ?
2025-02-18 15:16:18.911 [http-nio-1290-exec-10] DEBUG c.e.labelMark.mapper.SysFileMapper.getAllFiles - ==> Parameters: 8(Integer), 0(Integer)
2025-02-18 15:16:18.912 [http-nio-1290-exec-10] TRACE c.e.labelMark.mapper.SysFileMapper.getAllFiles - <==    Columns: file_id, file_name, update_time, status, size
2025-02-18 15:16:18.912 [http-nio-1290-exec-10] TRACE c.e.labelMark.mapper.SysFileMapper.getAllFiles - <==        Row: 106, airport.tif, 2025-2-18 15:16:17, 0, 240 MB
2025-02-18 15:16:18.913 [http-nio-1290-exec-10] TRACE c.e.labelMark.mapper.SysFileMapper.getAllFiles - <==        Row: 67, 湖北.tif, 2023-4-26 17:45:54, 1, 279 MB
2025-02-18 15:16:18.913 [http-nio-1290-exec-10] TRACE c.e.labelMark.mapper.SysFileMapper.getAllFiles - <==        Row: 65, 小天河机场.tiff, 2023-4-26 17:44:29, 1, 865 MB
2025-02-18 15:16:18.913 [http-nio-1290-exec-10] TRACE c.e.labelMark.mapper.SysFileMapper.getAllFiles - <==        Row: 64, 深圳宝安机场.tif, 2023-4-26 17:42:19, 1, 5.58 GB
2025-02-18 15:16:18.915 [http-nio-1290-exec-10] DEBUG c.e.labelMark.mapper.SysFileMapper.getAllFiles - <==      Total: 4
2025-02-18 15:19:46.171 [http-nio-1290-exec-2] DEBUG com.example.labelMark.mapper.ServerMapper.insert - ==>  Preparing: INSERT INTO server ( ser_name, ser_desc, ser_year, publisher, publish_url, publish_time ) VALUES ( ?, ?, ?, ?, ?, ? )
2025-02-18 15:19:46.172 [http-nio-1290-exec-2] DEBUG com.example.labelMark.mapper.ServerMapper.insert - ==> Parameters: airport(String), 机场(String), 2024(String), admin(String), http://localhost:8080/geoserver/rest/workspaces/LUU/coveragestores/airport/coverages(String), 2025-2-18 15:19:45(String)
2025-02-18 15:19:46.187 [http-nio-1290-exec-2] DEBUG com.example.labelMark.mapper.ServerMapper.insert - <==    Updates: 1
2025-02-18 15:19:46.193 [http-nio-1290-exec-2] DEBUG com.example.labelMark.mapper.SysFileMapper.update - ==>  Preparing: UPDATE file SET status=? WHERE (file_name = ?)
2025-02-18 15:19:46.194 [http-nio-1290-exec-2] DEBUG com.example.labelMark.mapper.SysFileMapper.update - ==> Parameters: 1(Integer), airport.tif(String)
2025-02-18 15:19:46.196 [http-nio-1290-exec-2] DEBUG com.example.labelMark.mapper.SysFileMapper.update - <==    Updates: 1
2025-02-18 15:19:46.270 [http-nio-1290-exec-3] DEBUG c.e.labelMark.mapper.SysFileMapper.getAllFiles - ==>  Preparing: SELECT * FROM file ORDER BY file_id DESC LIMIT ? OFFSET ?
2025-02-18 15:19:46.270 [http-nio-1290-exec-3] DEBUG c.e.labelMark.mapper.SysFileMapper.getAllFiles - ==> Parameters: 8(Integer), 0(Integer)
2025-02-18 15:19:46.271 [http-nio-1290-exec-3] TRACE c.e.labelMark.mapper.SysFileMapper.getAllFiles - <==    Columns: file_id, file_name, update_time, status, size
2025-02-18 15:19:46.271 [http-nio-1290-exec-3] TRACE c.e.labelMark.mapper.SysFileMapper.getAllFiles - <==        Row: 106, airport.tif, 2025-2-18 15:16:17, 1, 240 MB
2025-02-18 15:19:46.271 [http-nio-1290-exec-3] TRACE c.e.labelMark.mapper.SysFileMapper.getAllFiles - <==        Row: 67, 湖北.tif, 2023-4-26 17:45:54, 1, 279 MB
2025-02-18 15:19:46.271 [http-nio-1290-exec-3] TRACE c.e.labelMark.mapper.SysFileMapper.getAllFiles - <==        Row: 65, 小天河机场.tiff, 2023-4-26 17:44:29, 1, 865 MB
2025-02-18 15:19:46.271 [http-nio-1290-exec-3] TRACE c.e.labelMark.mapper.SysFileMapper.getAllFiles - <==        Row: 64, 深圳宝安机场.tif, 2023-4-26 17:42:19, 1, 5.58 GB
2025-02-18 15:19:46.271 [http-nio-1290-exec-3] DEBUG c.e.labelMark.mapper.SysFileMapper.getAllFiles - <==      Total: 4
2025-02-18 15:34:23.131 [http-nio-1290-exec-4] DEBUG c.e.labelMark.mapper.SysUserMapper.selectList - ==>  Preparing: SELECT user_id,username,user_password,is_admin,finished_num,unfinished_num FROM sys_user WHERE (username = ?)
2025-02-18 15:34:23.131 [http-nio-1290-exec-4] DEBUG c.e.labelMark.mapper.SysUserMapper.selectList - ==> Parameters: admin(String)
2025-02-18 15:34:23.132 [http-nio-1290-exec-4] TRACE c.e.labelMark.mapper.SysUserMapper.selectList - <==    Columns: user_id, username, user_password, is_admin, finished_num, unfinished_num
2025-02-18 15:34:23.133 [http-nio-1290-exec-4] TRACE c.e.labelMark.mapper.SysUserMapper.selectList - <==        Row: 5, admin, $2a$10$2O5w.UpL8lb0X9o9lQLcDuxivpS5ShcbKzsldLrhm4MpzsBv.2W4W, 1, null, null
2025-02-18 15:34:23.133 [http-nio-1290-exec-4] DEBUG c.e.labelMark.mapper.SysUserMapper.selectList - <==      Total: 1
2025-02-18 15:34:23.564 [http-nio-1290-exec-5] DEBUG c.e.labelMark.mapper.SysFileMapper.getAllFiles - ==>  Preparing: SELECT * FROM file ORDER BY file_id DESC LIMIT ? OFFSET ?
2025-02-18 15:34:23.565 [http-nio-1290-exec-5] DEBUG c.e.labelMark.mapper.SysFileMapper.getAllFiles - ==> Parameters: 8(Integer), 0(Integer)
2025-02-18 15:34:23.565 [http-nio-1290-exec-5] TRACE c.e.labelMark.mapper.SysFileMapper.getAllFiles - <==    Columns: file_id, file_name, update_time, status, size
2025-02-18 15:34:23.565 [http-nio-1290-exec-5] TRACE c.e.labelMark.mapper.SysFileMapper.getAllFiles - <==        Row: 106, airport.tif, 2025-2-18 15:16:17, 0, 240 MB
2025-02-18 15:34:23.566 [http-nio-1290-exec-5] TRACE c.e.labelMark.mapper.SysFileMapper.getAllFiles - <==        Row: 67, 湖北.tif, 2023-4-26 17:45:54, 1, 279 MB
2025-02-18 15:34:23.566 [http-nio-1290-exec-5] TRACE c.e.labelMark.mapper.SysFileMapper.getAllFiles - <==        Row: 65, 小天河机场.tiff, 2023-4-26 17:44:29, 1, 865 MB
2025-02-18 15:34:23.566 [http-nio-1290-exec-5] TRACE c.e.labelMark.mapper.SysFileMapper.getAllFiles - <==        Row: 64, 深圳宝安机场.tif, 2023-4-26 17:42:19, 1, 5.58 GB
2025-02-18 15:34:23.566 [http-nio-1290-exec-5] DEBUG c.e.labelMark.mapper.SysFileMapper.getAllFiles - <==      Total: 4
2025-02-18 15:34:35.052 [http-nio-1290-exec-7] DEBUG com.example.labelMark.mapper.ServerMapper.insert - ==>  Preparing: INSERT INTO server ( ser_name, ser_desc, ser_year, publisher, publish_url, publish_time ) VALUES ( ?, ?, ?, ?, ?, ? )
2025-02-18 15:34:35.054 [http-nio-1290-exec-7] DEBUG com.example.labelMark.mapper.ServerMapper.insert - ==> Parameters: airport(String), 机场(String), 2024(String), admin(String), http://localhost:8080/geoserver/rest/workspaces/LUU/coveragestores/airport/coverages(String), 2025-2-18 15:34:33(String)
2025-02-18 15:34:35.067 [http-nio-1290-exec-7] DEBUG com.example.labelMark.mapper.ServerMapper.insert - <==    Updates: 1
2025-02-18 15:34:35.069 [http-nio-1290-exec-7] DEBUG com.example.labelMark.mapper.SysFileMapper.update - ==>  Preparing: UPDATE file SET status=? WHERE (file_name = ?)
2025-02-18 15:34:35.069 [http-nio-1290-exec-7] DEBUG com.example.labelMark.mapper.SysFileMapper.update - ==> Parameters: 1(Integer), airport.tif(String)
2025-02-18 15:34:35.070 [http-nio-1290-exec-7] DEBUG com.example.labelMark.mapper.SysFileMapper.update - <==    Updates: 1
2025-02-18 15:34:35.313 [http-nio-1290-exec-8] DEBUG c.e.labelMark.mapper.SysFileMapper.getAllFiles - ==>  Preparing: SELECT * FROM file ORDER BY file_id DESC LIMIT ? OFFSET ?
2025-02-18 15:34:35.314 [http-nio-1290-exec-8] DEBUG c.e.labelMark.mapper.SysFileMapper.getAllFiles - ==> Parameters: 8(Integer), 0(Integer)
2025-02-18 15:34:35.314 [http-nio-1290-exec-8] TRACE c.e.labelMark.mapper.SysFileMapper.getAllFiles - <==    Columns: file_id, file_name, update_time, status, size
2025-02-18 15:34:35.314 [http-nio-1290-exec-8] TRACE c.e.labelMark.mapper.SysFileMapper.getAllFiles - <==        Row: 106, airport.tif, 2025-2-18 15:16:17, 1, 240 MB
2025-02-18 15:34:35.315 [http-nio-1290-exec-8] TRACE c.e.labelMark.mapper.SysFileMapper.getAllFiles - <==        Row: 67, 湖北.tif, 2023-4-26 17:45:54, 1, 279 MB
2025-02-18 15:34:35.315 [http-nio-1290-exec-8] TRACE c.e.labelMark.mapper.SysFileMapper.getAllFiles - <==        Row: 65, 小天河机场.tiff, 2023-4-26 17:44:29, 1, 865 MB
2025-02-18 15:34:35.315 [http-nio-1290-exec-8] TRACE c.e.labelMark.mapper.SysFileMapper.getAllFiles - <==        Row: 64, 深圳宝安机场.tif, 2023-4-26 17:42:19, 1, 5.58 GB
2025-02-18 15:34:35.315 [http-nio-1290-exec-8] DEBUG c.e.labelMark.mapper.SysFileMapper.getAllFiles - <==      Total: 4
2025-02-18 15:38:44.962 [http-nio-1290-exec-9] DEBUG c.e.labelMark.mapper.SysFileMapper.getAllFiles - ==>  Preparing: SELECT * FROM file ORDER BY file_id DESC LIMIT ? OFFSET ?
2025-02-18 15:38:44.962 [http-nio-1290-exec-9] DEBUG c.e.labelMark.mapper.SysFileMapper.getAllFiles - ==> Parameters: 8(Integer), 0(Integer)
2025-02-18 15:38:44.962 [http-nio-1290-exec-9] TRACE c.e.labelMark.mapper.SysFileMapper.getAllFiles - <==    Columns: file_id, file_name, update_time, status, size
2025-02-18 15:38:44.962 [http-nio-1290-exec-9] TRACE c.e.labelMark.mapper.SysFileMapper.getAllFiles - <==        Row: 106, airport.tif, 2025-2-18 15:16:17, 1, 240 MB
2025-02-18 15:38:44.963 [http-nio-1290-exec-9] TRACE c.e.labelMark.mapper.SysFileMapper.getAllFiles - <==        Row: 67, 湖北.tif, 2023-4-26 17:45:54, 1, 279 MB
2025-02-18 15:38:44.963 [http-nio-1290-exec-9] TRACE c.e.labelMark.mapper.SysFileMapper.getAllFiles - <==        Row: 65, 小天河机场.tiff, 2023-4-26 17:44:29, 1, 865 MB
2025-02-18 15:38:44.963 [http-nio-1290-exec-9] TRACE c.e.labelMark.mapper.SysFileMapper.getAllFiles - <==        Row: 64, 深圳宝安机场.tif, 2023-4-26 17:42:19, 1, 5.58 GB
2025-02-18 15:38:44.963 [http-nio-1290-exec-9] DEBUG c.e.labelMark.mapper.SysFileMapper.getAllFiles - <==      Total: 4
